#
# A fatal error has been detected by the Java Runtime Environment:
#
#  EXCEPTION_ACCESS_VIOLATION (0xc0000005) at pc=0x00007ff83bc1c75d, pid=18768, tid=21000
#
# JRE version: OpenJDK Runtime Environment (22.0+36) (build 22+36-2370)
# Java VM: OpenJDK 64-Bit Server VM (22+36-2370, mixed mode, sharing, tiered, compressed oops, compressed class ptrs, g1 gc, windows-amd64)
# Problematic frame:
# C  [lwjgl_opengl.dll+0xc75d]
#
# No core dump will be written. Minidumps are not enabled by default on client versions of Windows
#
# If you would like to submit a bug report, please visit:
#   https://bugreport.java.com/bugreport/crash.jsp
# The crash happened outside the Java Virtual Machine in native code.
# See problematic frame for where to report the bug.
#

---------------  S U M M A R Y ------------

Command Line: -agentlib:jdwp=transport=dt_socket,address=127.0.0.1:60675,suspend=y,server=n -javaagent:C:\Users\berna\AppData\Local\JetBrains\IntelliJIdea2024.1\captureAgent\debugger-agent.jar -Dfile.encoding=UTF-8 -Dsun.stdout.encoding=UTF-8 -Dsun.stderr.encoding=UTF-8 MD2Viewer

Host: 13th Gen Intel(R) Core(TM) i7-1360P, 16 cores, 15G,  Windows 11 , 64 bit Build 22621 (10.0.22621.3374)
Time: Tue May 14 15:30:14 2024 Hora oficial do Brasil elapsed time: 55.533213 seconds (0d 0h 0m 55s)

---------------  T H R E A D  ---------------

Current thread (0x00000209b3719fd0):  JavaThread "main"             [_thread_in_native, id=21000, stack(0x000000fc6df00000,0x000000fc6e000000) (1024K)]

Stack: [0x000000fc6df00000,0x000000fc6e000000],  sp=0x000000fc6dffeed8,  free space=1019k
Native frames: (J=compiled Java code, j=interpreted, Vv=VM code, C=native code)
C  [lwjgl_opengl.dll+0xc75d]  (no source info available)

Java frames: (J=compiled Java code, j=interpreted, Vv=VM code)
j  org.lwjgl.opengl.GL11C.nglGenTextures(IJ)V+0
j  org.lwjgl.opengl.GL11C.glGenTextures()I+20
j  org.lwjgl.opengl.GL11.glGenTextures()I+0
j  MD2Viewer.loadTexture(Ljava/lang/String;)I+178
j  MD2Viewer.run()V+49
j  MD2Viewer.main([Ljava/lang/String;)V+7
v  ~StubRoutines::call_stub 0x00000209c2eb100d

siginfo: EXCEPTION_ACCESS_VIOLATION (0xc0000005), reading address 0x00000000000002d8


Registers:
RAX=0x00000209d3926960, RBX=0x0000020a1557f320, RCX=0x0000000000000001, RDX=0x00000209d390e94c
RSP=0x000000fc6dffeed8, RBP=0x000000fc6dffef60, RSI=0x000000000000000f, RDI=0x00000209c2eb952f
R8 =0x0000000000000001, R9 =0x00000209d390e94c, R10=0x0000000000000000, R11=0x00000007145fcc60
R12=0x0000000000000000, R13=0x0000020a1557f320, R14=0x000000fc6dffef90, R15=0x00000209b3719fd0
RIP=0x00007ff83bc1c75d, EFLAGS=0x0000000000010206


Register to memory mapping:

RAX=0x00000209d3926960 points into unknown readable memory: 0x0000000000000000 | 00 00 00 00 00 00 00 00
RBX={method} {0x0000020a1557f328} 'nglGenTextures' '(IJ)V' in 'org/lwjgl/opengl/GL11C'
RCX=0x0000000000000001 is an unknown value
RDX=0x00000209d390e94c points into unknown readable memory: 00 00 00 00
RSP=0x000000fc6dffeed8 is pointing into the stack for thread: 0x00000209b3719fd0
RBP=0x000000fc6dffef60 is pointing into the stack for thread: 0x00000209b3719fd0
RSI=0x000000000000000f is an unknown value
RDI=0x00000209c2eb952f is at code_begin+4271 in an Interpreter codelet
return entry points  [0x00000209c2eb8480, 0x00000209c2eba680]  8704 bytes
R8 =0x0000000000000001 is an unknown value
R9 =0x00000209d390e94c points into unknown readable memory: 00 00 00 00
R10=0x0 is null
R11=0x00000007145fcc60 is an oop: java.lang.Class 
{0x00000007145fcc60} - klass: 'java/lang/Class'
 - ---- fields (total size 116 words):
 - private volatile transient 'classRedefinedCount' 'I' @12  0 (0x00000000)
 - injected 'klass' 'J' @16  2241251636744 (0x00000209d501f608)
 - injected 'array_klass' 'J' @24  0 (0x0000000000000000)
 - injected 'oop_size' 'I' @32  116 (0x00000074)
 - injected 'static_oop_field_count' 'I' @36  0 (0x00000000)
 - private volatile transient 'cachedConstructor' 'Ljava/lang/reflect/Constructor;' @40  null (0x00000000)
 - private transient 'name' 'Ljava/lang/String;' @44  "org.lwjgl.opengl.GL11C"{0x00000007145fd000} (0xe28bfa00)
 - private transient 'module' 'Ljava/lang/Module;' @48  a 'java/lang/Module'{0x0000000705bfca48} (0xe0b7f949)
 - private final 'classLoader' 'Ljava/lang/ClassLoader;' @52  a 'jdk/internal/loader/ClassLoaders$AppClassLoader'{0x0000000705c4e918} (0xe0b89d23)
 - private transient 'classData' 'Ljava/lang/Object;' @56  null (0x00000000)
 - private transient 'packageName' 'Ljava/lang/String;' @60  "org.lwjgl.opengl"{0x0000000714534f58} (0xe28a69eb)
 - private final 'componentType' 'Ljava/lang/Class;' @64  null (0x00000000)
 - private volatile transient 'reflectionData' 'Ljava/lang/ref/SoftReference;' @68  null (0x00000000)
 - private volatile transient 'genericInfo' 'Lsun/reflect/generics/repository/ClassRepository;' @72  null (0x00000000)
 - private volatile transient 'enumConstants' '[Ljava/lang/Object;' @76  null (0x00000000)
 - private volatile transient 'enumConstantDirectory' 'Ljava/util/Map;' @80  null (0x00000000)
 - private volatile transient 'annotationData' 'Ljava/lang/Class$AnnotationData;' @84  null (0x00000000)
 - private volatile transient 'annotationType' 'Lsun/reflect/annotation/AnnotationType;' @88  null (0x00000000)
 - transient 'classValueMap' 'Ljava/lang/ClassValue$ClassValueMap;' @92  null (0x00000000)
 - injected 'protection_domain' 'Ljava/lang/Object;' @96  a 'java/security/ProtectionDomain'{0x0000000714558228} (0xe28ab045)
 - injected 'signers_name' 'Ljava/lang/Object;' @100  null (0x00000000)
 - injected 'source_file' 'Ljava/lang/Object;' @104  null (0x00000000)
 - signature: Lorg/lwjgl/opengl/GL11C;
 - ---- static fields (0):
 - public static final 'GL_NEVER' 'I' @112  512 (0x00000200)
 - public static final 'GL_LESS' 'I' @116  513 (0x00000201)
 - public static final 'GL_EQUAL' 'I' @120  514 (0x00000202)
 - public static final 'GL_LEQUAL' 'I' @124  515 (0x00000203)
 - public static final 'GL_GREATER' 'I' @128  516 (0x00000204)
 - public static final 'GL_NOTEQUAL' 'I' @132  517 (0x00000205)
 - public static final 'GL_GEQUAL' 'I' @136  518 (0x00000206)
 - public static final 'GL_ALWAYS' 'I' @140  519 (0x00000207)
 - public static final 'GL_DEPTH_BUFFER_BIT' 'I' @144  256 (0x00000100)
 - public static final 'GL_STENCIL_BUFFER_BIT' 'I' @148  1024 (0x00000400)
 - public static final 'GL_COLOR_BUFFER_BIT' 'I' @152  16384 (0x00004000)
 - public static final 'GL_POINTS' 'I' @156  0 (0x00000000)
 - public static final 'GL_LINES' 'I' @160  1 (0x00000001)
 - public static final 'GL_LINE_LOOP' 'I' @164  2 (0x00000002)
 - public static final 'GL_LINE_STRIP' 'I' @168  3 (0x00000003)
 - public static final 'GL_TRIANGLES' 'I' @172  4 (0x00000004)
 - public static final 'GL_TRIANGLE_STRIP' 'I' @176  5 (0x00000005)
 - public static final 'GL_TRIANGLE_FAN' 'I' @180  6 (0x00000006)
 - public static final 'GL_QUADS' 'I' @184  7 (0x00000007)
 - public static final 'GL_ZERO' 'I' @188  0 (0x00000000)
 - public static final 'GL_ONE' 'I' @192  1 (0x00000001)
 - public static final 'GL_SRC_COLOR' 'I' @196  768 (0x00000300)
 - public static final 'GL_ONE_MINUS_SRC_COLOR' 'I' @200  769 (0x00000301)
 - public static final 'GL_SRC_ALPHA' 'I' @204  770 (0x00000302)
 - public static final 'GL_ONE_MINUS_SRC_ALPHA' 'I' @208  771 (0x00000303)
 - public static final 'GL_DST_ALPHA' 'I' @212  772 (0x00000304)
 - public static final 'GL_ONE_MINUS_DST_ALPHA' 'I' @216  773 (0x00000305)
 - public static final 'GL_DST_COLOR' 'I' @220  774 (0x00000306)
 - public static final 'GL_ONE_MINUS_DST_COLOR' 'I' @224  775 (0x00000307)
 - public static final 'GL_SRC_ALPHA_SATURATE' 'I' @228  776 (0x00000308)
 - public static final 'GL_TRUE' 'I' @232  1 (0x00000001)
 - public static final 'GL_FALSE' 'I' @236  0 (0x00000000)
 - public static final 'GL_BYTE' 'I' @240  5120 (0x00001400)
 - public static final 'GL_UNSIGNED_BYTE' 'I' @244  5121 (0x00001401)
 - public static final 'GL_SHORT' 'I' @248  5122 (0x00001402)
 - public static final 'GL_UNSIGNED_SHORT' 'I' @252  5123 (0x00001403)
 - public static final 'GL_INT' 'I' @256  5124 (0x00001404)
 - public static final 'GL_UNSIGNED_INT' 'I' @260  5125 (0x00001405)
 - public static final 'GL_FLOAT' 'I' @264  5126 (0x00001406)
 - public static final 'GL_DOUBLE' 'I' @268  5130 (0x0000140a)
 - public static final 'GL_NONE' 'I' @272  0 (0x00000000)
 - public static final 'GL_FRONT_LEFT' 'I' @276  1024 (0x00000400)
 - public static final 'GL_FRONT_RIGHT' 'I' @280  1025 (0x00000401)
 - public static final 'GL_BACK_LEFT' 'I' @284  1026 (0x00000402)
 - public static final 'GL_BACK_RIGHT' 'I' @288  1027 (0x00000403)
 - public static final 'GL_FRONT' 'I' @292  1028 (0x00000404)
 - public static final 'GL_BACK' 'I' @296  1029 (0x00000405)
 - public static final 'GL_LEFT' 'I' @300  1030 (0x00000406)
 - public static final 'GL_RIGHT' 'I' @304  1031 (0x00000407)
 - public static final 'GL_FRONT_AND_BACK' 'I' @308  1032 (0x00000408)
 - public static final 'GL_NO_ERROR' 'I' @312  0 (0x00000000)
 - public static final 'GL_INVALID_ENUM' 'I' @316  1280 (0x00000500)
 - public static final 'GL_INVALID_VALUE' 'I' @320  1281 (0x00000501)
 - public static final 'GL_INVALID_OPERATION' 'I' @324  1282 (0x00000502)
 - public static final 'GL_STACK_OVERFLOW' 'I' @328  1283 (0x00000503)
 - public static final 'GL_STACK_UNDERFLOW' 'I' @332  1284 (0x00000504)
 - public static final 'GL_OUT_OF_MEMORY' 'I' @336  1285 (0x00000505)
 - public static final 'GL_CW' 'I' @340  2304 (0x00000900)
 - public static final 'GL_CCW' 'I' @344  2305 (0x00000901)
 - public static final 'GL_POINT_SIZE' 'I' @348  2833 (0x00000b11)
 - public static final 'GL_POINT_SIZE_RANGE' 'I' @352  2834 (0x00000b12)
 - public static final 'GL_POINT_SIZE_GRANULARITY' 'I' @356  2835 (0x00000b13)
 - public static final 'GL_LINE_SMOOTH' 'I' @360  2848 (0x00000b20)
 - public static final 'GL_LINE_WIDTH' 'I' @364  2849 (0x00000b21)
 - public static final 'GL_LINE_WIDTH_RANGE' 'I' @368  2850 (0x00000b22)
 - public static final 'GL_LINE_WIDTH_GRANULARITY' 'I' @372  2851 (0x00000b23)
 - public static final 'GL_POLYGON_MODE' 'I' @376  2880 (0x00000b40)
 - public static final 'GL_POLYGON_SMOOTH' 'I' @380  2881 (0x00000b41)
 - public static final 'GL_CULL_FACE' 'I' @384  2884 (0x00000b44)
 - public static final 'GL_CULL_FACE_MODE' 'I' @388  2885 (0x00000b45)
 - public static final 'GL_FRONT_FACE' 'I' @392  2886 (0x00000b46)
 - public static final 'GL_DEPTH_RANGE' 'I' @396  2928 (0x00000b70)
 - public static final 'GL_DEPTH_TEST' 'I' @400  2929 (0x00000b71)
 - public static final 'GL_DEPTH_WRITEMASK' 'I' @404  2930 (0x00000b72)
 - public static final 'GL_DEPTH_CLEAR_VALUE' 'I' @408  2931 (0x00000b73)
 - public static final 'GL_DEPTH_FUNC' 'I' @412  2932 (0x00000b74)
 - public static final 'GL_STENCIL_TEST' 'I' @416  2960 (0x00000b90)
 - public static final 'GL_STENCIL_CLEAR_VALUE' 'I' @420  2961 (0x00000b91)
 - public static final 'GL_STENCIL_FUNC' 'I' @424  2962 (0x00000b92)
 - public static final 'GL_STENCIL_VALUE_MASK' 'I' @428  2963 (0x00000b93)
 - public static final 'GL_STENCIL_FAIL' 'I' @432  2964 (0x00000b94)
 - public static final 'GL_STENCIL_PASS_DEPTH_FAIL' 'I' @436  2965 (0x00000b95)
 - public static final 'GL_STENCIL_PASS_DEPTH_PASS' 'I' @440  2966 (0x00000b96)
 - public static final 'GL_STENCIL_REF' 'I' @444  2967 (0x00000b97)
 - public static final 'GL_STENCIL_WRITEMASK' 'I' @448  2968 (0x00000b98)
 - public static final 'GL_VIEWPORT' 'I' @452  2978 (0x00000ba2)
 - public static final 'GL_DITHER' 'I' @456  3024 (0x00000bd0)
 - public static final 'GL_BLEND_DST' 'I' @460  3040 (0x00000be0)
 - public static final 'GL_BLEND_SRC' 'I' @464  3041 (0x00000be1)
 - public static final 'GL_BLEND' 'I' @468  3042 (0x00000be2)
 - public static final 'GL_LOGIC_OP_MODE' 'I' @472  3056 (0x00000bf0)
 - public static final 'GL_COLOR_LOGIC_OP' 'I' @476  3058 (0x00000bf2)
 - public static final 'GL_DRAW_BUFFER' 'I' @480  3073 (0x00000c01)
 - public static final 'GL_READ_BUFFER' 'I' @484  3074 (0x00000c02)
 - public static final 'GL_SCISSOR_BOX' 'I' @488  3088 (0x00000c10)
 - public static final 'GL_SCISSOR_TEST' 'I' @492  3089 (0x00000c11)
 - public static final 'GL_COLOR_CLEAR_VALUE' 'I' @496  3106 (0x00000c22)
 - public static final 'GL_COLOR_WRITEMASK' 'I' @500  3107 (0x00000c23)
 - public static final 'GL_DOUBLEBUFFER' 'I' @504  3122 (0x00000c32)
 - public static final 'GL_STEREO' 'I' @508  3123 (0x00000c33)
 - public static final 'GL_LINE_SMOOTH_HINT' 'I' @512  3154 (0x00000c52)
 - public static final 'GL_POLYGON_SMOOTH_HINT' 'I' @516  3155 (0x00000c53)
 - public static final 'GL_UNPACK_SWAP_BYTES' 'I' @520  3312 (0x00000cf0)
 - public static final 'GL_UNPACK_LSB_FIRST' 'I' @524  3313 (0x00000cf1)
 - public static final 'GL_UNPACK_ROW_LENGTH' 'I' @528  3314 (0x00000cf2)
 - public static final 'GL_UNPACK_SKIP_ROWS' 'I' @532  3315 (0x00000cf3)
 - public static final 'GL_UNPACK_SKIP_PIXELS' 'I' @536  3316 (0x00000cf4)
 - public static final 'GL_UNPACK_ALIGNMENT' 'I' @540  3317 (0x00000cf5)
 - public static final 'GL_PACK_SWAP_BYTES' 'I' @544  3328 (0x00000d00)
 - public static final 'GL_PACK_LSB_FIRST' 'I' @548  3329 (0x00000d01)
 - public static final 'GL_PACK_ROW_LENGTH' 'I' @552  3330 (0x00000d02)
 - public static final 'GL_PACK_SKIP_ROWS' 'I' @556  3331 (0x00000d03)
 - public static final 'GL_PACK_SKIP_PIXELS' 'I' @560  3332 (0x00000d04)
 - public static final 'GL_PACK_ALIGNMENT' 'I' @564  3333 (0x00000d05)
 - public static final 'GL_MAX_TEXTURE_SIZE' 'I' @568  3379 (0x00000d33)
 - public static final 'GL_MAX_VIEWPORT_DIMS' 'I' @572  3386 (0x00000d3a)
 - public static final 'GL_SUBPIXEL_BITS' 'I' @576  3408 (0x00000d50)
 - public static final 'GL_TEXTURE_1D' 'I' @580  3552 (0x00000de0)
 - public static final 'GL_TEXTURE_2D' 'I' @584  3553 (0x00000de1)
 - public static final 'GL_TEXTURE_WIDTH' 'I' @588  4096 (0x00001000)
 - public static final 'GL_TEXTURE_HEIGHT' 'I' @592  4097 (0x00001001)
 - public static final 'GL_TEXTURE_INTERNAL_FORMAT' 'I' @596  4099 (0x00001003)
 - public static final 'GL_TEXTURE_BORDER_COLOR' 'I' @600  4100 (0x00001004)
 - public static final 'GL_DONT_CARE' 'I' @604  4352 (0x00001100)
 - public static final 'GL_FASTEST' 'I' @608  4353 (0x00001101)
 - public static final 'GL_NICEST' 'I' @612  4354 (0x00001102)
 - public static final 'GL_CLEAR' 'I' @616  5376 (0x00001500)
 - public static final 'GL_AND' 'I' @620  5377 (0x00001501)
 - public static final 'GL_AND_REVERSE' 'I' @624  5378 (0x00001502)
 - public static final 'GL_COPY' 'I' @628  5379 (0x00001503)
 - public static final 'GL_AND_INVERTED' 'I' @632  5380 (0x00001504)
 - public static final 'GL_NOOP' 'I' @636  5381 (0x00001505)
 - public static final 'GL_XOR' 'I' @640  5382 (0x00001506)
 - public static final 'GL_OR' 'I' @644  5383 (0x00001507)
 - public static final 'GL_NOR' 'I' @648  5384 (0x00001508)
 - public static final 'GL_EQUIV' 'I' @652  5385 (0x00001509)
 - public static final 'GL_INVERT' 'I' @656  5386 (0x0000150a)
 - public static final 'GL_OR_REVERSE' 'I' @660  5387 (0x0000150b)
 - public static final 'GL_COPY_INVERTED' 'I' @664  5388 (0x0000150c)
 - public static final 'GL_OR_INVERTED' 'I' @668  5389 (0x0000150d)
 - public static final 'GL_NAND' 'I' @672  5390 (0x0000150e)
 - public static final 'GL_SET' 'I' @676  5391 (0x0000150f)
 - public static final 'GL_TEXTURE' 'I' @680  5890 (0x00001702)
 - public static final 'GL_COLOR' 'I' @684  6144 (0x00001800)
 - public static final 'GL_DEPTH' 'I' @688  6145 (0x00001801)
 - public static final 'GL_STENCIL' 'I' @692  6146 (0x00001802)
 - public static final 'GL_STENCIL_INDEX' 'I' @696  6401 (0x00001901)
 - public static final 'GL_DEPTH_COMPONENT' 'I' @700  6402 (0x00001902)
 - public static final 'GL_RED' 'I' @704  6403 (0x00001903)
 - public static final 'GL_GREEN' 'I' @708  6404 (0x00001904)
 - public static final 'GL_BLUE' 'I' @712  6405 (0x00001905)
 - public static final 'GL_ALPHA' 'I' @716  6406 (0x00001906)
 - public static final 'GL_RGB' 'I' @720  6407 (0x00001907)
 - public static final 'GL_RGBA' 'I' @724  6408 (0x00001908)
 - public static final 'GL_POINT' 'I' @728  6912 (0x00001b00)
 - public static final 'GL_LINE' 'I' @732  6913 (0x00001b01)
 - public static final 'GL_FILL' 'I' @736  6914 (0x00001b02)
 - public static final 'GL_KEEP' 'I' @740  7680 (0x00001e00)
 - public static final 'GL_REPLACE' 'I' @744  7681 (0x00001e01)
 - public static final 'GL_INCR' 'I' @748  7682 (0x00001e02)
 - public static final 'GL_DECR' 'I' @752  7683 (0x00001e03)
 - public static final 'GL_VENDOR' 'I' @756  7936 (0x00001f00)
 - public static final 'GL_RENDERER' 'I' @760  7937 (0x00001f01)
 - public static final 'GL_VERSION' 'I' @764  7938 (0x00001f02)
 - public static final 'GL_EXTENSIONS' 'I' @768  7939 (0x00001f03)
 - public static final 'GL_NEAREST' 'I' @772  9728 (0x00002600)
 - public static final 'GL_LINEAR' 'I' @776  9729 (0x00002601)
 - public static final 'GL_NEAREST_MIPMAP_NEAREST' 'I' @780  9984 (0x00002700)
 - public static final 'GL_LINEAR_MIPMAP_NEAREST' 'I' @784  9985 (0x00002701)
 - public static final 'GL_NEAREST_MIPMAP_LINEAR' 'I' @788  9986 (0x00002702)
 - public static final 'GL_LINEAR_MIPMAP_LINEAR' 'I' @792  9987 (0x00002703)
 - public static final 'GL_TEXTURE_MAG_FILTER' 'I' @796  10240 (0x00002800)
 - public static final 'GL_TEXTURE_MIN_FILTER' 'I' @800  10241 (0x00002801)
 - public static final 'GL_TEXTURE_WRAP_S' 'I' @804  10242 (0x00002802)
 - public static final 'GL_TEXTURE_WRAP_T' 'I' @808  10243 (0x00002803)
 - public static final 'GL_REPEAT' 'I' @812  10497 (0x00002901)
 - public static final 'GL_POLYGON_OFFSET_FACTOR' 'I' @816  32824 (0x00008038)
 - public static final 'GL_POLYGON_OFFSET_UNITS' 'I' @820  10752 (0x00002a00)
 - public static final 'GL_POLYGON_OFFSET_POINT' 'I' @824  10753 (0x00002a01)
 - public static final 'GL_POLYGON_OFFSET_LINE' 'I' @828  10754 (0x00002a02)
 - public static final 'GL_POLYGON_OFFSET_FILL' 'I' @832  32823 (0x00008037)
 - public static final 'GL_R3_G3_B2' 'I' @836  10768 (0x00002a10)
 - public static final 'GL_RGB4' 'I' @840  32847 (0x0000804f)
 - public static final 'GL_RGB5' 'I' @844  32848 (0x00008050)
 - public static final 'GL_RGB8' 'I' @848  32849 (0x00008051)
 - public static final 'GL_RGB10' 'I' @852  32850 (0x00008052)
 - public static final 'GL_RGB12' 'I' @856  32851 (0x00008053)
 - public static final 'GL_RGB16' 'I' @860  32852 (0x00008054)
 - public static final 'GL_RGBA2' 'I' @864  32853 (0x00008055)
 - public static final 'GL_RGBA4' 'I' @868  32854 (0x00008056)
 - public static final 'GL_RGB5_A1' 'I' @872  32855 (0x00008057)
 - public static final 'GL_RGBA8' 'I' @876  32856 (0x00008058)
 - public static final 'GL_RGB10_A2' 'I' @880  32857 (0x00008059)
 - public static final 'GL_RGBA12' 'I' @884  32858 (0x0000805a)
 - public static final 'GL_RGBA16' 'I' @888  32859 (0x0000805b)
 - public static final 'GL_TEXTURE_RED_SIZE' 'I' @892  32860 (0x0000805c)
 - public static final 'GL_TEXTURE_GREEN_SIZE' 'I' @896  32861 (0x0000805d)
 - public static final 'GL_TEXTURE_BLUE_SIZE' 'I' @900  32862 (0x0000805e)
 - public static final 'GL_TEXTURE_ALPHA_SIZE' 'I' @904  32863 (0x0000805f)
 - public static final 'GL_PROXY_TEXTURE_1D' 'I' @908  32867 (0x00008063)
 - public static final 'GL_PROXY_TEXTURE_2D' 'I' @912  32868 (0x00008064)
 - public static final 'GL_TEXTURE_BINDING_1D' 'I' @916  32872 (0x00008068)
 - public static final 'GL_TEXTURE_BINDING_2D' 'I' @920  32873 (0x00008069)
 - public static final 'GL_VERTEX_ARRAY' 'I' @924  32884 (0x00008074)
R12=0x0 is null
R13={method} {0x0000020a1557f328} 'nglGenTextures' '(IJ)V' in 'org/lwjgl/opengl/GL11C'
R14=0x000000fc6dffef90 is pointing into the stack for thread: 0x00000209b3719fd0
R15=0x00000209b3719fd0 is a thread

Top of Stack: (sp=0x000000fc6dffeed8)
0x000000fc6dffeed8:   00000209c2ec0972 00000209c2eb952f
0x000000fc6dffeee8:   00000209c2ec04b5 0000020a1557f320
0x000000fc6dffeef8:   000000000000000f 000000fc6dffef78
0x000000fc6dffef08:   00000209c2eb952f 00000209c2ec0460
0x000000fc6dffef18:   fffffffffffffff7 0000020a1557f320
0x000000fc6dffef28:   0000000000000006 0000020a15586a38
0x000000fc6dffef38:   0000000000000000 00000007145fcc60
0x000000fc6dffef48:   0000020a1557f320 0000000000000000
0x000000fc6dffef58:   000000fc6dffef80 000000fc6dffefe0
0x000000fc6dffef68:   00000209c2eb9214 00000007145fcc60
0x000000fc6dffef78:   00000209c2ebc857 00000209d390e94c
0x000000fc6dffef88:   0000000000000000 0000000000000001
0x000000fc6dffef98:   fffffffffffffff7 0000020a1557f4a4
0x000000fc6dffefa8:   0000000000000006 0000020a15586a38
0x000000fc6dffefb8:   0000000000000000 00000007145fcc60
0x000000fc6dffefc8:   0000020a1557f510 fffffffffffffff4
0x000000fc6dffefd8:   000000fc6dfff018 000000fc6dfff060
0x000000fc6dffefe8:   00000209c2eb9638 0000000000000000
0x000000fc6dffeff8:   0000000000000000 000000071420d208
0x000000fc6dfff008:   0000000000010000 0000000705c22cf8
0x000000fc6dfff018:   fffffffffffffff7 0000020a1553b490
0x000000fc6dfff028:   0000000000000001 0000020a1556efd0
0x000000fc6dfff038:   0000000000000000 0000000714558448
0x000000fc6dfff048:   0000020a1553b4a8 fffffffffffffff7
0x000000fc6dfff058:   000000fc6dfff070 000000fc6dfff0b8
0x000000fc6dfff068:   00000209c2eb9638 fffffffffffffff7
0x000000fc6dfff078:   0000020a1540557a 0000000000000009
0x000000fc6dfff088:   0000020a15407d80 0000000000000000
0x000000fc6dfff098:   0000000705bf6f70 0000020a15407190
0x000000fc6dfff0a8:   fffffffffffffff7 000000fc6dfff0f8
0x000000fc6dfff0b8:   000000fc6dfff158 00000209c2eb9638
0x000000fc6dfff0c8:   00000000ff000000 0000000000000100 

Instructions: (pc=0x00007ff83bc1c75d)
0x00007ff83bc1c65d:   cc cc cc 48 8b 01 41 0f b6 c8 48 8b 50 18 48 ff
0x00007ff83bc1c66d:   a2 d0 01 00 00 cc cc cc cc cc cc cc cc cc cc cc
0x00007ff83bc1c67d:   cc cc cc 48 8b 01 0f 28 cb 0f 28 c2 48 8b 48 18
0x00007ff83bc1c68d:   48 ff a1 d8 01 00 00 cc cc cc cc cc cc cc cc cc
0x00007ff83bc1c69d:   cc cc cc 48 8b 01 45 8b d8 44 8b 44 24 28 41 8b
0x00007ff83bc1c6ad:   d1 41 8b cb 4c 8b 50 18 49 ff a2 e8 01 00 00 cc
0x00007ff83bc1c6bd:   cc cc cc 48 8b 01 41 8b c8 48 8b 50 18 48 ff a2
0x00007ff83bc1c6cd:   f0 01 00 00 cc cc cc cc cc cc cc cc cc cc cc cc
0x00007ff83bc1c6dd:   cc cc cc 40 53 48 8b 01 41 8b d8 44 8b 44 24 30
0x00007ff83bc1c6ed:   41 8b d1 4c 8b 4c 24 38 8b cb 4c 8b 50 18 5b 49
0x00007ff83bc1c6fd:   ff a2 f8 01 00 00 cc cc cc cc cc cc cc cc cc cc
0x00007ff83bc1c70d:   cc cc cc 48 8b 01 48 8b 48 18 48 ff a1 98 02 00
0x00007ff83bc1c71d:   00 cc cc 48 8b 01 48 8b 48 18 48 ff a1 a0 02 00
0x00007ff83bc1c72d:   00 cc cc 48 8b 01 41 8b c8 48 8b 50 18 48 ff a2
0x00007ff83bc1c73d:   c8 02 00 00 cc cc cc cc cc cc cc cc cc cc cc cc
0x00007ff83bc1c74d:   cc cc cc 48 8b 01 49 8b d1 41 8b c8 4c 8b 50 18
0x00007ff83bc1c75d:   49 ff a2 d8 02 00 00 cc cc cc cc cc cc cc cc cc
0x00007ff83bc1c76d:   cc cc cc 48 8b 01 49 8b d1 41 8b c8 4c 8b 50 18
0x00007ff83bc1c77d:   49 ff a2 e0 02 00 00 cc cc cc cc cc cc cc cc cc
0x00007ff83bc1c78d:   cc cc cc 48 8b 01 49 8b d1 41 8b c8 4c 8b 50 18
0x00007ff83bc1c79d:   49 ff a2 f0 02 00 00 cc cc cc cc cc cc cc cc cc
0x00007ff83bc1c7ad:   cc cc cc 48 8b 01 49 8b d1 41 8b c8 4c 8b 50 18
0x00007ff83bc1c7bd:   49 ff a2 f8 02 00 00 cc cc cc cc cc cc cc cc cc
0x00007ff83bc1c7cd:   cc cc cc 48 8b 01 49 8b d1 41 8b c8 4c 8b 50 18
0x00007ff83bc1c7dd:   49 ff a2 00 03 00 00 cc cc cc cc cc cc cc cc cc
0x00007ff83bc1c7ed:   cc cc cc 48 8b 01 49 8b d1 41 8b c8 4c 8b 50 18
0x00007ff83bc1c7fd:   49 ff a2 08 03 00 00 cc cc cc cc cc cc cc cc cc
0x00007ff83bc1c80d:   cc cc cc 48 8b 01 48 8b 48 18 48 8b 81 10 03 00
0x00007ff83bc1c81d:   00 48 ff e0 cc cc cc cc cc cc cc cc cc cc cc cc
0x00007ff83bc1c82d:   cc cc cc 48 8b 01 49 8b d1 41 8b c8 4c 8b 50 18
0x00007ff83bc1c83d:   49 ff a2 68 03 00 00 cc cc cc cc cc cc cc cc cc
0x00007ff83bc1c84d:   cc cc cc 48 8b 01 48 8b 48 18 48 8b 81 78 03 00 


Stack slot to memory mapping:

stack at sp + 0 slots: 0x00000209c2ec0972 is at code_begin+1970 in an Interpreter codelet
native method entry point (kind = native)  [0x00000209c2ec01c0, 0x00000209c2ec13f8]  4664 bytes
stack at sp + 1 slots: 0x00000209c2eb952f is at code_begin+4271 in an Interpreter codelet
return entry points  [0x00000209c2eb8480, 0x00000209c2eba680]  8704 bytes
stack at sp + 2 slots: 0x00000209c2ec04b5 is at code_begin+757 in an Interpreter codelet
native method entry point (kind = native)  [0x00000209c2ec01c0, 0x00000209c2ec13f8]  4664 bytes
stack at sp + 3 slots: {method} {0x0000020a1557f328} 'nglGenTextures' '(IJ)V' in 'org/lwjgl/opengl/GL11C'
stack at sp + 4 slots: 0x000000000000000f is an unknown value
stack at sp + 5 slots: 0x000000fc6dffef78 is pointing into the stack for thread: 0x00000209b3719fd0
stack at sp + 6 slots: 0x00000209c2eb952f is at code_begin+4271 in an Interpreter codelet
return entry points  [0x00000209c2eb8480, 0x00000209c2eba680]  8704 bytes
stack at sp + 7 slots: 0x00000209c2ec0460 is at code_begin+672 in an Interpreter codelet
native method entry point (kind = native)  [0x00000209c2ec01c0, 0x00000209c2ec13f8]  4664 bytes


---------------  P R O C E S S  ---------------

Threads class SMR info:
_java_thread_list=0x0000020a20239c70, length=15, elements={
0x00000209b3719fd0, 0x00000209d31e7fa0, 0x00000209d31e8ec0, 0x00000209d31eeca0,
0x00000209d31efa30, 0x00000209d31f26d0, 0x00000209d31f3680, 0x00000209d31f6420,
0x00000209d31f9150, 0x00000209d3431ad0, 0x00000209d35e7430, 0x00000209d3628ed0,
0x00000209d365f940, 0x00000209d366b960, 0x0000020a20dda850
}

Java Threads: ( => current thread )
=>0x00000209b3719fd0 JavaThread "main"                              [_thread_in_native, id=21000, stack(0x000000fc6df00000,0x000000fc6e000000) (1024K)]
  0x00000209d31e7fa0 JavaThread "Reference Handler"          daemon [_thread_blocked, id=3400, stack(0x000000fc6e700000,0x000000fc6e800000) (1024K)]
  0x00000209d31e8ec0 JavaThread "Finalizer"                  daemon [_thread_blocked, id=5540, stack(0x000000fc6e800000,0x000000fc6e900000) (1024K)]
  0x00000209d31eeca0 JavaThread "Signal Dispatcher"          daemon [_thread_blocked, id=17508, stack(0x000000fc6e900000,0x000000fc6ea00000) (1024K)]
  0x00000209d31efa30 JavaThread "Attach Listener"            daemon [_thread_blocked, id=980, stack(0x000000fc6ea00000,0x000000fc6eb00000) (1024K)]
  0x00000209d31f26d0 JavaThread "Service Thread"             daemon [_thread_blocked, id=19388, stack(0x000000fc6eb00000,0x000000fc6ec00000) (1024K)]
  0x00000209d31f3680 JavaThread "Monitor Deflation Thread"   daemon [_thread_blocked, id=20004, stack(0x000000fc6ec00000,0x000000fc6ed00000) (1024K)]
  0x00000209d31f6420 JavaThread "C2 CompilerThread0"         daemon [_thread_blocked, id=10496, stack(0x000000fc6ed00000,0x000000fc6ee00000) (1024K)]
  0x00000209d31f9150 JavaThread "C1 CompilerThread0"         daemon [_thread_blocked, id=10340, stack(0x000000fc6ee00000,0x000000fc6ef00000) (1024K)]
  0x00000209d3431ad0 JavaThread "Common-Cleaner"             daemon [_thread_blocked, id=13692, stack(0x000000fc6f100000,0x000000fc6f200000) (1024K)]
  0x00000209d35e7430 JavaThread "JDWP Transport Listener: dt_socket" daemon [_thread_blocked, id=17636, stack(0x000000fc6f300000,0x000000fc6f400000) (1024K)]
  0x00000209d3628ed0 JavaThread "JDWP Event Helper Thread"   daemon [_thread_blocked, id=19300, stack(0x000000fc6f400000,0x000000fc6f500000) (1024K)]
  0x00000209d365f940 JavaThread "JDWP Command Reader"        daemon [_thread_in_native, id=10212, stack(0x000000fc6f500000,0x000000fc6f600000) (1024K)]
  0x00000209d366b960 JavaThread "Notification Thread"        daemon [_thread_blocked, id=19916, stack(0x000000fc6f600000,0x000000fc6f700000) (1024K)]
  0x0000020a20dda850 JavaThread "Java2D Disposer"            daemon [_thread_blocked, id=11860, stack(0x000000fc70a00000,0x000000fc70b00000) (1024K)]
Total: 15

Other Threads:
  0x00000209d31cea80 VMThread "VM Thread"                           [id=9792, stack(0x000000fc6e600000,0x000000fc6e700000) (1024K)]
  0x00000209d31b5480 WatcherThread "VM Periodic Task Thread"        [id=17648, stack(0x000000fc6e500000,0x000000fc6e600000) (1024K)]
  0x00000209b3782160 WorkerThread "GC Thread#0"                     [id=7192, stack(0x000000fc6e000000,0x000000fc6e100000) (1024K)]
  0x00000209d395a7b0 WorkerThread "GC Thread#1"                     [id=17320, stack(0x000000fc70100000,0x000000fc70200000) (1024K)]
  0x0000020a20291ff0 WorkerThread "GC Thread#2"                     [id=11456, stack(0x000000fc70200000,0x000000fc70300000) (1024K)]
  0x0000020a202943b0 WorkerThread "GC Thread#3"                     [id=16220, stack(0x000000fc70300000,0x000000fc70400000) (1024K)]
  0x0000020a20294760 WorkerThread "GC Thread#4"                     [id=4200, stack(0x000000fc70400000,0x000000fc70500000) (1024K)]
  0x0000020a20294b10 WorkerThread "GC Thread#5"                     [id=13216, stack(0x000000fc70500000,0x000000fc70600000) (1024K)]
  0x0000020a2025a750 WorkerThread "GC Thread#6"                     [id=3124, stack(0x000000fc70600000,0x000000fc70700000) (1024K)]
  0x0000020a2025b370 WorkerThread "GC Thread#7"                     [id=12472, stack(0x000000fc70700000,0x000000fc70800000) (1024K)]
  0x0000020a2025b720 WorkerThread "GC Thread#8"                     [id=6400, stack(0x000000fc70800000,0x000000fc70900000) (1024K)]
  0x0000020a2025fae0 WorkerThread "GC Thread#9"                     [id=4080, stack(0x000000fc70900000,0x000000fc70a00000) (1024K)]
  0x00000209b3792c20 ConcurrentGCThread "G1 Main Marker"            [id=7608, stack(0x000000fc6e100000,0x000000fc6e200000) (1024K)]
  0x00000209b37938e0 WorkerThread "G1 Conc#0"                       [id=2100, stack(0x000000fc6e200000,0x000000fc6e300000) (1024K)]
  0x00000209d3083990 ConcurrentGCThread "G1 Refine#0"               [id=7428, stack(0x000000fc6e300000,0x000000fc6e400000) (1024K)]
  0x00000209d3084320 ConcurrentGCThread "G1 Service"                [id=24372, stack(0x000000fc6e400000,0x000000fc6e500000) (1024K)]
Total: 16

Threads with active compile tasks:
Total: 0

VM state: not at safepoint (normal execution)

VM Mutex/Monitor currently owned by a thread: None

Heap address: 0x0000000705200000, size: 4014 MB, Compressed Oops mode: Zero based, Oop shift amount: 3

CDS archive(s) mapped at: [0x00000209d4000000-0x00000209d4c50000-0x00000209d4c50000), size 12910592, SharedBaseAddress: 0x00000209d4000000, ArchiveRelocationMode: 1.
Compressed class space mapped at: 0x00000209d5000000-0x0000020a15000000, reserved size: 1073741824
Narrow klass base: 0x00000209d4000000, Narrow klass shift: 0, Narrow klass range: 0x41000000

GC Precious Log:
 CardTable entry size: 512
 Card Set container configuration: InlinePtr #cards 4 size 8 Array Of Cards #cards 16 size 48 Howl #buckets 8 coarsen threshold 3686 Howl Bitmap #cards 512 size 80 coarsen threshold 460 Card regions per heap region 1 cards per card region 4096
 CPUs: 16 total, 16 available
 Memory: 16055M
 Large Page Support: Disabled
 NUMA Support: Disabled
 Compressed Oops: Enabled (Zero based)
 Heap Region Size: 2M
 Heap Min Capacity: 8M
 Heap Initial Capacity: 252M
 Heap Max Capacity: 4014M
 Pre-touch: Disabled
 Parallel Workers: 13
 Concurrent Workers: 3
 Concurrent Refinement Workers: 13
 Periodic GC: Disabled

Heap:
 garbage-first heap   total reserved 4110336K, committed 258048K, used 36072K [0x0000000705200000, 0x0000000800000000)
  region size 2048K, 8 young (16384K), 2 survivors (4096K)
 Metaspace       used 5207K, committed 5504K, reserved 1114112K
  class space    used 432K, committed 576K, reserved 1048576K

Heap Regions: E=young(eden), S=young(survivor), O=old, HS=humongous(starts), HC=humongous(continues), CS=collection set, F=free, TAMS=top-at-mark-start, PB=parsable bottom
|   0|0x0000000705200000, 0x0000000705400000, 0x0000000705400000|100%| O|  |TAMS 0x0000000705200000| PB 0x0000000705200000| Untracked |  0
|   1|0x0000000705400000, 0x0000000705600000, 0x0000000705600000|100%| O|  |TAMS 0x0000000705400000| PB 0x0000000705400000| Untracked |  0
|   2|0x0000000705600000, 0x0000000705800000, 0x0000000705800000|100%| O|  |TAMS 0x0000000705600000| PB 0x0000000705600000| Untracked |  0
|   3|0x0000000705800000, 0x0000000705a00000, 0x0000000705a00000|100%| O|  |TAMS 0x0000000705800000| PB 0x0000000705800000| Untracked |  0
|   4|0x0000000705a00000, 0x0000000705c00000, 0x0000000705c00000|100%| O|  |TAMS 0x0000000705a00000| PB 0x0000000705a00000| Untracked |  0
|   5|0x0000000705c00000, 0x0000000705e00000, 0x0000000705e00000|100%| O|  |TAMS 0x0000000705c00000| PB 0x0000000705c00000| Untracked |  0
|   6|0x0000000705e00000, 0x0000000706000000, 0x0000000706000000|100%| O|  |TAMS 0x0000000705e00000| PB 0x0000000705e00000| Untracked |  0
|   7|0x0000000706000000, 0x0000000706200000, 0x0000000706200000|100%| O|  |TAMS 0x0000000706000000| PB 0x0000000706000000| Untracked |  0
|   8|0x0000000706200000, 0x0000000706400000, 0x0000000706400000|100%| O|  |TAMS 0x0000000706200000| PB 0x0000000706200000| Untracked |  0
|   9|0x0000000706400000, 0x0000000706600000, 0x0000000706600000|100%| O|  |TAMS 0x0000000706400000| PB 0x0000000706400000| Untracked |  0
|  10|0x0000000706600000, 0x0000000706800000, 0x0000000706800000|100%| O|  |TAMS 0x0000000706600000| PB 0x0000000706600000| Untracked |  0
|  11|0x0000000706800000, 0x000000070693a300, 0x0000000706a00000| 61%| O|  |TAMS 0x0000000706800000| PB 0x0000000706800000| Untracked |  0
|  12|0x0000000706a00000, 0x0000000706a00000, 0x0000000706c00000|  0%| F|  |TAMS 0x0000000706a00000| PB 0x0000000706a00000| Untracked |  0
|  13|0x0000000706c00000, 0x0000000706c00000, 0x0000000706e00000|  0%| F|  |TAMS 0x0000000706c00000| PB 0x0000000706c00000| Untracked |  0
|  14|0x0000000706e00000, 0x0000000706e00000, 0x0000000707000000|  0%| F|  |TAMS 0x0000000706e00000| PB 0x0000000706e00000| Untracked |  0
|  15|0x0000000707000000, 0x0000000707000000, 0x0000000707200000|  0%| F|  |TAMS 0x0000000707000000| PB 0x0000000707000000| Untracked |  0
|  16|0x0000000707200000, 0x0000000707200000, 0x0000000707400000|  0%| F|  |TAMS 0x0000000707200000| PB 0x0000000707200000| Untracked |  0
|  17|0x0000000707400000, 0x0000000707400000, 0x0000000707600000|  0%| F|  |TAMS 0x0000000707400000| PB 0x0000000707400000| Untracked |  0
|  18|0x0000000707600000, 0x0000000707600000, 0x0000000707800000|  0%| F|  |TAMS 0x0000000707600000| PB 0x0000000707600000| Untracked |  0
|  19|0x0000000707800000, 0x0000000707800000, 0x0000000707a00000|  0%| F|  |TAMS 0x0000000707800000| PB 0x0000000707800000| Untracked |  0
|  20|0x0000000707a00000, 0x0000000707a00000, 0x0000000707c00000|  0%| F|  |TAMS 0x0000000707a00000| PB 0x0000000707a00000| Untracked |  0
|  21|0x0000000707c00000, 0x0000000707c00000, 0x0000000707e00000|  0%| F|  |TAMS 0x0000000707c00000| PB 0x0000000707c00000| Untracked |  0
|  22|0x0000000707e00000, 0x0000000707e00000, 0x0000000708000000|  0%| F|  |TAMS 0x0000000707e00000| PB 0x0000000707e00000| Untracked |  0
|  23|0x0000000708000000, 0x0000000708000000, 0x0000000708200000|  0%| F|  |TAMS 0x0000000708000000| PB 0x0000000708000000| Untracked |  0
|  24|0x0000000708200000, 0x0000000708200000, 0x0000000708400000|  0%| F|  |TAMS 0x0000000708200000| PB 0x0000000708200000| Untracked |  0
|  25|0x0000000708400000, 0x0000000708400000, 0x0000000708600000|  0%| F|  |TAMS 0x0000000708400000| PB 0x0000000708400000| Untracked |  0
|  26|0x0000000708600000, 0x0000000708600000, 0x0000000708800000|  0%| F|  |TAMS 0x0000000708600000| PB 0x0000000708600000| Untracked |  0
|  27|0x0000000708800000, 0x0000000708800000, 0x0000000708a00000|  0%| F|  |TAMS 0x0000000708800000| PB 0x0000000708800000| Untracked |  0
|  28|0x0000000708a00000, 0x0000000708a00000, 0x0000000708c00000|  0%| F|  |TAMS 0x0000000708a00000| PB 0x0000000708a00000| Untracked |  0
|  29|0x0000000708c00000, 0x0000000708c00000, 0x0000000708e00000|  0%| F|  |TAMS 0x0000000708c00000| PB 0x0000000708c00000| Untracked |  0
|  30|0x0000000708e00000, 0x0000000708e00000, 0x0000000709000000|  0%| F|  |TAMS 0x0000000708e00000| PB 0x0000000708e00000| Untracked |  0
|  31|0x0000000709000000, 0x0000000709000000, 0x0000000709200000|  0%| F|  |TAMS 0x0000000709000000| PB 0x0000000709000000| Untracked |  0
|  32|0x0000000709200000, 0x0000000709200000, 0x0000000709400000|  0%| F|  |TAMS 0x0000000709200000| PB 0x0000000709200000| Untracked |  0
|  33|0x0000000709400000, 0x0000000709400000, 0x0000000709600000|  0%| F|  |TAMS 0x0000000709400000| PB 0x0000000709400000| Untracked |  0
|  34|0x0000000709600000, 0x0000000709600000, 0x0000000709800000|  0%| F|  |TAMS 0x0000000709600000| PB 0x0000000709600000| Untracked |  0
|  35|0x0000000709800000, 0x0000000709800000, 0x0000000709a00000|  0%| F|  |TAMS 0x0000000709800000| PB 0x0000000709800000| Untracked |  0
|  36|0x0000000709a00000, 0x0000000709a00000, 0x0000000709c00000|  0%| F|  |TAMS 0x0000000709a00000| PB 0x0000000709a00000| Untracked |  0
|  37|0x0000000709c00000, 0x0000000709c00000, 0x0000000709e00000|  0%| F|  |TAMS 0x0000000709c00000| PB 0x0000000709c00000| Untracked |  0
|  38|0x0000000709e00000, 0x0000000709e00000, 0x000000070a000000|  0%| F|  |TAMS 0x0000000709e00000| PB 0x0000000709e00000| Untracked |  0
|  39|0x000000070a000000, 0x000000070a000000, 0x000000070a200000|  0%| F|  |TAMS 0x000000070a000000| PB 0x000000070a000000| Untracked |  0
|  40|0x000000070a200000, 0x000000070a200000, 0x000000070a400000|  0%| F|  |TAMS 0x000000070a200000| PB 0x000000070a200000| Untracked |  0
|  41|0x000000070a400000, 0x000000070a400000, 0x000000070a600000|  0%| F|  |TAMS 0x000000070a400000| PB 0x000000070a400000| Untracked |  0
|  42|0x000000070a600000, 0x000000070a600000, 0x000000070a800000|  0%| F|  |TAMS 0x000000070a600000| PB 0x000000070a600000| Untracked |  0
|  43|0x000000070a800000, 0x000000070a800000, 0x000000070aa00000|  0%| F|  |TAMS 0x000000070a800000| PB 0x000000070a800000| Untracked |  0
|  44|0x000000070aa00000, 0x000000070aa00000, 0x000000070ac00000|  0%| F|  |TAMS 0x000000070aa00000| PB 0x000000070aa00000| Untracked |  0
|  45|0x000000070ac00000, 0x000000070ac00000, 0x000000070ae00000|  0%| F|  |TAMS 0x000000070ac00000| PB 0x000000070ac00000| Untracked |  0
|  46|0x000000070ae00000, 0x000000070ae00000, 0x000000070b000000|  0%| F|  |TAMS 0x000000070ae00000| PB 0x000000070ae00000| Untracked |  0
|  47|0x000000070b000000, 0x000000070b000000, 0x000000070b200000|  0%| F|  |TAMS 0x000000070b000000| PB 0x000000070b000000| Untracked |  0
|  48|0x000000070b200000, 0x000000070b200000, 0x000000070b400000|  0%| F|  |TAMS 0x000000070b200000| PB 0x000000070b200000| Untracked |  0
|  49|0x000000070b400000, 0x000000070b400000, 0x000000070b600000|  0%| F|  |TAMS 0x000000070b400000| PB 0x000000070b400000| Untracked |  0
|  50|0x000000070b600000, 0x000000070b600000, 0x000000070b800000|  0%| F|  |TAMS 0x000000070b600000| PB 0x000000070b600000| Untracked |  0
|  51|0x000000070b800000, 0x000000070b800000, 0x000000070ba00000|  0%| F|  |TAMS 0x000000070b800000| PB 0x000000070b800000| Untracked |  0
|  52|0x000000070ba00000, 0x000000070ba00000, 0x000000070bc00000|  0%| F|  |TAMS 0x000000070ba00000| PB 0x000000070ba00000| Untracked |  0
|  53|0x000000070bc00000, 0x000000070bc00000, 0x000000070be00000|  0%| F|  |TAMS 0x000000070bc00000| PB 0x000000070bc00000| Untracked |  0
|  54|0x000000070be00000, 0x000000070be00000, 0x000000070c000000|  0%| F|  |TAMS 0x000000070be00000| PB 0x000000070be00000| Untracked |  0
|  55|0x000000070c000000, 0x000000070c000000, 0x000000070c200000|  0%| F|  |TAMS 0x000000070c000000| PB 0x000000070c000000| Untracked |  0
|  56|0x000000070c200000, 0x000000070c200000, 0x000000070c400000|  0%| F|  |TAMS 0x000000070c200000| PB 0x000000070c200000| Untracked |  0
|  57|0x000000070c400000, 0x000000070c400000, 0x000000070c600000|  0%| F|  |TAMS 0x000000070c400000| PB 0x000000070c400000| Untracked |  0
|  58|0x000000070c600000, 0x000000070c600000, 0x000000070c800000|  0%| F|  |TAMS 0x000000070c600000| PB 0x000000070c600000| Untracked |  0
|  59|0x000000070c800000, 0x000000070c800000, 0x000000070ca00000|  0%| F|  |TAMS 0x000000070c800000| PB 0x000000070c800000| Untracked |  0
|  60|0x000000070ca00000, 0x000000070ca00000, 0x000000070cc00000|  0%| F|  |TAMS 0x000000070ca00000| PB 0x000000070ca00000| Untracked |  0
|  61|0x000000070cc00000, 0x000000070cc00000, 0x000000070ce00000|  0%| F|  |TAMS 0x000000070cc00000| PB 0x000000070cc00000| Untracked |  0
|  62|0x000000070ce00000, 0x000000070ce00000, 0x000000070d000000|  0%| F|  |TAMS 0x000000070ce00000| PB 0x000000070ce00000| Untracked |  0
|  63|0x000000070d000000, 0x000000070d000000, 0x000000070d200000|  0%| F|  |TAMS 0x000000070d000000| PB 0x000000070d000000| Untracked |  0
|  64|0x000000070d200000, 0x000000070d200000, 0x000000070d400000|  0%| F|  |TAMS 0x000000070d200000| PB 0x000000070d200000| Untracked |  0
|  65|0x000000070d400000, 0x000000070d400000, 0x000000070d600000|  0%| F|  |TAMS 0x000000070d400000| PB 0x000000070d400000| Untracked |  0
|  66|0x000000070d600000, 0x000000070d600000, 0x000000070d800000|  0%| F|  |TAMS 0x000000070d600000| PB 0x000000070d600000| Untracked |  0
|  67|0x000000070d800000, 0x000000070d800000, 0x000000070da00000|  0%| F|  |TAMS 0x000000070d800000| PB 0x000000070d800000| Untracked |  0
|  68|0x000000070da00000, 0x000000070da00000, 0x000000070dc00000|  0%| F|  |TAMS 0x000000070da00000| PB 0x000000070da00000| Untracked |  0
|  69|0x000000070dc00000, 0x000000070dc00000, 0x000000070de00000|  0%| F|  |TAMS 0x000000070dc00000| PB 0x000000070dc00000| Untracked |  0
|  70|0x000000070de00000, 0x000000070de00000, 0x000000070e000000|  0%| F|  |TAMS 0x000000070de00000| PB 0x000000070de00000| Untracked |  0
|  71|0x000000070e000000, 0x000000070e000000, 0x000000070e200000|  0%| F|  |TAMS 0x000000070e000000| PB 0x000000070e000000| Untracked |  0
|  72|0x000000070e200000, 0x000000070e200000, 0x000000070e400000|  0%| F|  |TAMS 0x000000070e200000| PB 0x000000070e200000| Untracked |  0
|  73|0x000000070e400000, 0x000000070e400000, 0x000000070e600000|  0%| F|  |TAMS 0x000000070e400000| PB 0x000000070e400000| Untracked |  0
|  74|0x000000070e600000, 0x000000070e600000, 0x000000070e800000|  0%| F|  |TAMS 0x000000070e600000| PB 0x000000070e600000| Untracked |  0
|  75|0x000000070e800000, 0x000000070e800000, 0x000000070ea00000|  0%| F|  |TAMS 0x000000070e800000| PB 0x000000070e800000| Untracked |  0
|  76|0x000000070ea00000, 0x000000070ea00000, 0x000000070ec00000|  0%| F|  |TAMS 0x000000070ea00000| PB 0x000000070ea00000| Untracked |  0
|  77|0x000000070ec00000, 0x000000070ec00000, 0x000000070ee00000|  0%| F|  |TAMS 0x000000070ec00000| PB 0x000000070ec00000| Untracked |  0
|  78|0x000000070ee00000, 0x000000070ee00000, 0x000000070f000000|  0%| F|  |TAMS 0x000000070ee00000| PB 0x000000070ee00000| Untracked |  0
|  79|0x000000070f000000, 0x000000070f000000, 0x000000070f200000|  0%| F|  |TAMS 0x000000070f000000| PB 0x000000070f000000| Untracked |  0
|  80|0x000000070f200000, 0x000000070f200000, 0x000000070f400000|  0%| F|  |TAMS 0x000000070f200000| PB 0x000000070f200000| Untracked |  0
|  81|0x000000070f400000, 0x000000070f400000, 0x000000070f600000|  0%| F|  |TAMS 0x000000070f400000| PB 0x000000070f400000| Untracked |  0
|  82|0x000000070f600000, 0x000000070f600000, 0x000000070f800000|  0%| F|  |TAMS 0x000000070f600000| PB 0x000000070f600000| Untracked |  0
|  83|0x000000070f800000, 0x000000070f800000, 0x000000070fa00000|  0%| F|  |TAMS 0x000000070f800000| PB 0x000000070f800000| Untracked |  0
|  84|0x000000070fa00000, 0x000000070fa00000, 0x000000070fc00000|  0%| F|  |TAMS 0x000000070fa00000| PB 0x000000070fa00000| Untracked |  0
|  85|0x000000070fc00000, 0x000000070fc00000, 0x000000070fe00000|  0%| F|  |TAMS 0x000000070fc00000| PB 0x000000070fc00000| Untracked |  0
|  86|0x000000070fe00000, 0x000000070fe00000, 0x0000000710000000|  0%| F|  |TAMS 0x000000070fe00000| PB 0x000000070fe00000| Untracked |  0
|  87|0x0000000710000000, 0x0000000710000000, 0x0000000710200000|  0%| F|  |TAMS 0x0000000710000000| PB 0x0000000710000000| Untracked |  0
|  88|0x0000000710200000, 0x0000000710200000, 0x0000000710400000|  0%| F|  |TAMS 0x0000000710200000| PB 0x0000000710200000| Untracked |  0
|  89|0x0000000710400000, 0x0000000710400000, 0x0000000710600000|  0%| F|  |TAMS 0x0000000710400000| PB 0x0000000710400000| Untracked |  0
|  90|0x0000000710600000, 0x0000000710600000, 0x0000000710800000|  0%| F|  |TAMS 0x0000000710600000| PB 0x0000000710600000| Untracked |  0
|  91|0x0000000710800000, 0x0000000710800000, 0x0000000710a00000|  0%| F|  |TAMS 0x0000000710800000| PB 0x0000000710800000| Untracked |  0
|  92|0x0000000710a00000, 0x0000000710a00000, 0x0000000710c00000|  0%| F|  |TAMS 0x0000000710a00000| PB 0x0000000710a00000| Untracked |  0
|  93|0x0000000710c00000, 0x0000000710c00000, 0x0000000710e00000|  0%| F|  |TAMS 0x0000000710c00000| PB 0x0000000710c00000| Untracked |  0
|  94|0x0000000710e00000, 0x0000000710e00000, 0x0000000711000000|  0%| F|  |TAMS 0x0000000710e00000| PB 0x0000000710e00000| Untracked |  0
|  95|0x0000000711000000, 0x0000000711000000, 0x0000000711200000|  0%| F|  |TAMS 0x0000000711000000| PB 0x0000000711000000| Untracked |  0
|  96|0x0000000711200000, 0x0000000711200000, 0x0000000711400000|  0%| F|  |TAMS 0x0000000711200000| PB 0x0000000711200000| Untracked |  0
|  97|0x0000000711400000, 0x0000000711400000, 0x0000000711600000|  0%| F|  |TAMS 0x0000000711400000| PB 0x0000000711400000| Untracked |  0
|  98|0x0000000711600000, 0x0000000711600000, 0x0000000711800000|  0%| F|  |TAMS 0x0000000711600000| PB 0x0000000711600000| Untracked |  0
|  99|0x0000000711800000, 0x0000000711800000, 0x0000000711a00000|  0%| F|  |TAMS 0x0000000711800000| PB 0x0000000711800000| Untracked |  0
| 100|0x0000000711a00000, 0x0000000711a00000, 0x0000000711c00000|  0%| F|  |TAMS 0x0000000711a00000| PB 0x0000000711a00000| Untracked |  0
| 101|0x0000000711c00000, 0x0000000711c00000, 0x0000000711e00000|  0%| F|  |TAMS 0x0000000711c00000| PB 0x0000000711c00000| Untracked |  0
| 102|0x0000000711e00000, 0x0000000711e00000, 0x0000000712000000|  0%| F|  |TAMS 0x0000000711e00000| PB 0x0000000711e00000| Untracked |  0
| 103|0x0000000712000000, 0x0000000712000000, 0x0000000712200000|  0%| F|  |TAMS 0x0000000712000000| PB 0x0000000712000000| Untracked |  0
| 104|0x0000000712200000, 0x0000000712200000, 0x0000000712400000|  0%| F|  |TAMS 0x0000000712200000| PB 0x0000000712200000| Untracked |  0
| 105|0x0000000712400000, 0x0000000712400000, 0x0000000712600000|  0%| F|  |TAMS 0x0000000712400000| PB 0x0000000712400000| Untracked |  0
| 106|0x0000000712600000, 0x0000000712600000, 0x0000000712800000|  0%| F|  |TAMS 0x0000000712600000| PB 0x0000000712600000| Untracked |  0
| 107|0x0000000712800000, 0x0000000712800000, 0x0000000712a00000|  0%| F|  |TAMS 0x0000000712800000| PB 0x0000000712800000| Untracked |  0
| 108|0x0000000712a00000, 0x0000000712a00000, 0x0000000712c00000|  0%| F|  |TAMS 0x0000000712a00000| PB 0x0000000712a00000| Untracked |  0
| 109|0x0000000712c00000, 0x0000000712c00000, 0x0000000712e00000|  0%| F|  |TAMS 0x0000000712c00000| PB 0x0000000712c00000| Untracked |  0
| 110|0x0000000712e00000, 0x0000000712e00000, 0x0000000713000000|  0%| F|  |TAMS 0x0000000712e00000| PB 0x0000000712e00000| Untracked |  0
| 111|0x0000000713000000, 0x0000000713000000, 0x0000000713200000|  0%| F|  |TAMS 0x0000000713000000| PB 0x0000000713000000| Untracked |  0
| 112|0x0000000713200000, 0x0000000713200000, 0x0000000713400000|  0%| F|  |TAMS 0x0000000713200000| PB 0x0000000713200000| Untracked |  0
| 113|0x0000000713400000, 0x0000000713400000, 0x0000000713600000|  0%| F|  |TAMS 0x0000000713400000| PB 0x0000000713400000| Untracked |  0
| 114|0x0000000713600000, 0x0000000713600000, 0x0000000713800000|  0%| F|  |TAMS 0x0000000713600000| PB 0x0000000713600000| Untracked |  0
| 115|0x0000000713800000, 0x0000000713a00000, 0x0000000713a00000|100%| S|CS|TAMS 0x0000000713800000| PB 0x0000000713800000| Complete |  0
| 116|0x0000000713a00000, 0x0000000713c00000, 0x0000000713c00000|100%| S|CS|TAMS 0x0000000713a00000| PB 0x0000000713a00000| Complete |  0
| 117|0x0000000713c00000, 0x0000000713c00000, 0x0000000713e00000|  0%| F|  |TAMS 0x0000000713c00000| PB 0x0000000713c00000| Untracked |  0
| 118|0x0000000713e00000, 0x0000000713e00000, 0x0000000714000000|  0%| F|  |TAMS 0x0000000713e00000| PB 0x0000000713e00000| Untracked |  0
| 119|0x0000000714000000, 0x0000000714000000, 0x0000000714200000|  0%| F|  |TAMS 0x0000000714000000| PB 0x0000000714000000| Untracked |  0
| 120|0x0000000714200000, 0x0000000714256870, 0x0000000714400000| 16%| E|  |TAMS 0x0000000714200000| PB 0x0000000714200000| Complete |  0
| 121|0x0000000714400000, 0x0000000714600000, 0x0000000714600000|100%| E|CS|TAMS 0x0000000714400000| PB 0x0000000714400000| Complete |  0
| 122|0x0000000714600000, 0x0000000714800000, 0x0000000714800000|100%| E|  |TAMS 0x0000000714600000| PB 0x0000000714600000| Complete |  0
| 123|0x0000000714800000, 0x0000000714a00000, 0x0000000714a00000|100%| E|CS|TAMS 0x0000000714800000| PB 0x0000000714800000| Complete |  0
| 124|0x0000000714a00000, 0x0000000714c00000, 0x0000000714c00000|100%| E|CS|TAMS 0x0000000714a00000| PB 0x0000000714a00000| Complete |  0
| 125|0x0000000714c00000, 0x0000000714e00000, 0x0000000714e00000|100%| E|CS|TAMS 0x0000000714c00000| PB 0x0000000714c00000| Complete |  0

Card table byte_map: [0x00000209cbad0000,0x00000209cc2b0000] _byte_map_base: 0x00000209c82a7000

Marking Bits: (CMBitMap*) 0x00000209b3782870
 Bits: [0x00000209cc2b0000, 0x00000209d0168000)

Polling page: 0x00000209b2ee0000

Metaspace:

Usage:
  Non-class:      4.66 MB used.
      Class:    432.71 KB used.
       Both:      5.08 MB used.

Virtual space:
  Non-class space:       64.00 MB reserved,       4.81 MB (  8%) committed,  1 nodes.
      Class space:        1.00 GB reserved,     576.00 KB ( <1%) committed,  1 nodes.
             Both:        1.06 GB reserved,       5.38 MB ( <1%) committed. 

Chunk freelists:
   Non-Class:  10.45 MB
       Class:  15.48 MB
        Both:  25.93 MB

MaxMetaspaceSize: unlimited
CompressedClassSpaceSize: 1.00 GB
Initial GC threshold: 21.00 MB
Current GC threshold: 21.00 MB
CDS: on
 - commit_granule_bytes: 65536.
 - commit_granule_words: 8192.
 - virtual_space_node_default_size: 8388608.
 - enlarge_chunks_in_place: 1.
 - use_allocation_guard: 0.


Internal statistics:

num_allocs_failed_limit: 0.
num_arena_births: 286.
num_arena_deaths: 0.
num_vsnodes_births: 2.
num_vsnodes_deaths: 0.
num_space_committed: 86.
num_space_uncommitted: 0.
num_chunks_returned_to_freelist: 0.
num_chunks_taken_from_freelist: 397.
num_chunk_merges: 0.
num_chunk_splits: 249.
num_chunks_enlarged: 129.
num_inconsistent_stats: 0.

CodeHeap 'non-profiled nmethods': size=119168Kb used=386Kb max_used=386Kb free=118781Kb
 bounds [0x00000209c3600000, 0x00000209c3870000, 0x00000209caa60000]
CodeHeap 'profiled nmethods': size=119104Kb used=1625Kb max_used=1625Kb free=117478Kb
 bounds [0x00000209bba60000, 0x00000209bbcd0000, 0x00000209c2eb0000]
CodeHeap 'non-nmethods': size=7488Kb used=2211Kb max_used=3893Kb free=5276Kb
 bounds [0x00000209c2eb0000, 0x00000209c3290000, 0x00000209c3600000]
 total_blobs=2150 nmethods=1047 adapters=1008
 compilation: enabled
              stopped_count=0, restarted_count=0
 full_count=0

Compilation events (20 events):
Event: 0.751 Thread 0x00000209d31f6420 nmethod 1014 0x00000209c365d390 code [0x00000209c365d520, 0x00000209c365d6a0]
Event: 0.751 Thread 0x00000209d31f9150 nmethod 1030 0x00000209bbbf1c10 code [0x00000209bbbf1f00, 0x00000209bbbf35b8]
Event: 0.752 Thread 0x00000209d31f6420 1036       4       jdk.internal.org.objectweb.asm.SymbolTable$Entry::<init> (17 bytes)
Event: 0.752 Thread 0x00000209d38229b0 1037       3       java.lang.invoke.BoundMethodHandle::<init> (32 bytes)
Event: 0.752 Thread 0x00000209d38229b0 nmethod 1037 0x00000209bbbf3c90 code [0x00000209bbbf3e40, 0x00000209bbbf3fb0]
Event: 0.753 Thread 0x00000209d31f6420 nmethod 1036 0x00000209c365dd90 code [0x00000209c365df20, 0x00000209c365e168]
Event: 0.753 Thread 0x00000209d31f6420 1038       4       jdk.internal.org.objectweb.asm.SymbolTable::addConstantUtf8 (98 bytes)
Event: 0.753 Thread 0x00000209d38229b0 1041       3       java.lang.invoke.InvokerBytecodeGenerator::assertStaticType (58 bytes)
Event: 0.753 Thread 0x00000209d31f9150 1043       3       java.lang.invoke.LambdaFormBuffer::indexOf (33 bytes)
Event: 0.753 Thread 0x00000209d38229b0 nmethod 1041 0x00000209bbbf4090 code [0x00000209bbbf4280, 0x00000209bbbf4758]
Event: 0.753 Thread 0x00000209d31f9150 nmethod 1043 0x00000209bbbf4990 code [0x00000209bbbf4b60, 0x00000209bbbf4f10]
Event: 0.753 Thread 0x00000209d33f1ce0 1046       3       java.lang.invoke.LambdaForm::create (95 bytes)
Event: 0.753 Thread 0x00000209d31f9150 1047       3       java.lang.invoke.LambdaForm::fixResult (31 bytes)
Event: 0.753 Thread 0x00000209d33f47f0 1048       3       java.lang.invoke.LambdaForm::<init> (53 bytes)
Event: 0.754 Thread 0x00000209d31f9150 nmethod 1047 0x00000209bbbf5010 code [0x00000209bbbf51c0, 0x00000209bbbf5398]
Event: 0.754 Thread 0x00000209d33f47f0 nmethod 1048 0x00000209bbbf5490 code [0x00000209bbbf5640, 0x00000209bbbf5928]
Event: 0.754 Thread 0x00000209d33f1ce0 nmethod 1046 0x00000209bbbf5a10 code [0x00000209bbbf5c20, 0x00000209bbbf61f0]
Event: 0.762 Thread 0x00000209d31f6420 nmethod 1038 0x00000209c365ee10 code [0x00000209c365f040, 0x00000209c365fe28]
Event: 0.762 Thread 0x00000209d31f6420 1042       4       jdk.internal.org.objectweb.asm.ByteVector::putByte (39 bytes)
Event: 0.762 Thread 0x00000209d31f6420 nmethod 1042 0x00000209c3660690 code [0x00000209c3660820, 0x00000209c36609a8]

GC Heap History (4 events):
Event: 0.388 GC heap before
{Heap before GC invocations=0 (full 0):
 garbage-first heap   total reserved 4110336K, committed 258048K, used 24576K [0x0000000705200000, 0x0000000800000000)
  region size 2048K, 12 young (24576K), 0 survivors (0K)
 Metaspace       used 2960K, committed 3136K, reserved 1114112K
  class space    used 233K, committed 320K, reserved 1048576K
}
Event: 0.396 GC heap after
{Heap after GC invocations=1 (full 0):
 garbage-first heap   total reserved 4110336K, committed 258048K, used 14298K [0x0000000705200000, 0x0000000800000000)
  region size 2048K, 2 young (4096K), 2 survivors (4096K)
 Metaspace       used 2960K, committed 3136K, reserved 1114112K
  class space    used 233K, committed 320K, reserved 1048576K
}
Event: 0.413 GC heap before
{Heap before GC invocations=1 (full 0):
 garbage-first heap   total reserved 4110336K, committed 258048K, used 32730K [0x0000000705200000, 0x0000000800000000)
  region size 2048K, 11 young (22528K), 2 survivors (4096K)
 Metaspace       used 2972K, committed 3136K, reserved 1114112K
  class space    used 235K, committed 320K, reserved 1048576K
}
Event: 0.420 GC heap after
{Heap after GC invocations=2 (full 0):
 garbage-first heap   total reserved 4110336K, committed 258048K, used 27880K [0x0000000705200000, 0x0000000800000000)
  region size 2048K, 2 young (4096K), 2 survivors (4096K)
 Metaspace       used 2972K, committed 3136K, reserved 1114112K
  class space    used 235K, committed 320K, reserved 1048576K
}

Dll operation events (11 events):
Event: 0.007 Loaded shared library C:\Users\berna\.jdks\openjdk-22\bin\java.dll
Event: 0.007 Loaded shared library C:\Users\berna\.jdks\openjdk-22\bin\zip.dll
Event: 0.027 Loaded shared library C:\Users\berna\.jdks\openjdk-22\bin\jsvml.dll
Event: 0.077 Loaded shared library C:\Users\berna\.jdks\openjdk-22\bin\instrument.dll
Event: 0.092 Loaded shared library C:\Users\berna\.jdks\openjdk-22\bin\net.dll
Event: 0.093 Loaded shared library C:\Users\berna\.jdks\openjdk-22\bin\nio.dll
Event: 0.098 Loaded shared library C:\Users\berna\.jdks\openjdk-22\bin\zip.dll
Event: 0.129 Loaded shared library C:\Users\berna\.jdks\openjdk-22\bin\jimage.dll
Event: 0.144 Loaded shared library C:\Users\berna\AppData\Local\Temp\lwjgl_berna\3.3.3+5\x64\lwjgl.dll
Event: 0.456 Loaded shared library C:\Users\berna\.jdks\openjdk-22\bin\awt.dll
Event: 18.549 Loaded shared library C:\Users\berna\AppData\Local\Temp\lwjgl_berna\3.3.3+5\x64\lwjgl_opengl.dll

Deoptimization events (20 events):
Event: 0.362 Thread 0x00000209b3719fd0 Uncommon trap: trap_request=0xffffff5c fr.pc=0x00000209c3624618 relative=0x0000000000000078
Event: 0.362 Thread 0x00000209b3719fd0 Uncommon trap: reason=speculate_null_check action=make_not_entrant pc=0x00000209c3624618 method=jdk.internal.misc.Unsafe.getIntUnaligned(Ljava/lang/Object;JZ)I @ 5 c2
Event: 0.362 Thread 0x00000209b3719fd0 DEOPT PACKING pc=0x00000209c3624618 sp=0x000000fc6dffec40
Event: 0.363 Thread 0x00000209b3719fd0 DEOPT UNPACKING pc=0x00000209c2f046a2 sp=0x000000fc6dffebd0 mode 2
Event: 0.363 Thread 0x00000209b3719fd0 Uncommon trap: trap_request=0xffffff5c fr.pc=0x00000209c3622a98 relative=0x0000000000000078
Event: 0.363 Thread 0x00000209b3719fd0 Uncommon trap: reason=speculate_null_check action=make_not_entrant pc=0x00000209c3622a98 method=jdk.internal.misc.Unsafe.getIntUnaligned(Ljava/lang/Object;J)I @ 13 c2
Event: 0.363 Thread 0x00000209b3719fd0 DEOPT PACKING pc=0x00000209c3622a98 sp=0x000000fc6dffebc0
Event: 0.363 Thread 0x00000209b3719fd0 DEOPT UNPACKING pc=0x00000209c2f046a2 sp=0x000000fc6dffeb58 mode 2
Event: 0.424 Thread 0x00000209b3719fd0 Uncommon trap: trap_request=0xffffff45 fr.pc=0x00000209c363c548 relative=0x0000000000000188
Event: 0.424 Thread 0x00000209b3719fd0 Uncommon trap: reason=unstable_if action=reinterpret pc=0x00000209c363c548 method=MD2.computePlane(LMD2$PositionNormal;LMD2$PositionNormal;LMD2$PositionNormal;LMD2$Plane;)V @ 202 c2
Event: 0.424 Thread 0x00000209b3719fd0 DEOPT PACKING pc=0x00000209c363c548 sp=0x000000fc6dffef10
Event: 0.424 Thread 0x00000209b3719fd0 DEOPT UNPACKING pc=0x00000209c2f046a2 sp=0x000000fc6dffeeb0 mode 2
Event: 0.501 Thread 0x00000209b3719fd0 Uncommon trap: trap_request=0xffffff45 fr.pc=0x00000209c3623288 relative=0x00000000000001c8
Event: 0.501 Thread 0x00000209b3719fd0 Uncommon trap: reason=unstable_if action=reinterpret pc=0x00000209c3623288 method=java.lang.invoke.VarHandle.checkAccessModeThenIsDirect(Ljava/lang/invoke/VarHandle$AccessDescriptor;)Z @ 4 c2
Event: 0.501 Thread 0x00000209b3719fd0 DEOPT PACKING pc=0x00000209c3623288 sp=0x000000fc6dffebb0
Event: 0.501 Thread 0x00000209b3719fd0 DEOPT UNPACKING pc=0x00000209c2f046a2 sp=0x000000fc6dffeae8 mode 2
Event: 0.501 Thread 0x00000209b3719fd0 Uncommon trap: trap_request=0xffffff45 fr.pc=0x00000209c362411c relative=0x00000000000000fc
Event: 0.501 Thread 0x00000209b3719fd0 Uncommon trap: reason=unstable_if action=reinterpret pc=0x00000209c362411c method=jdk.internal.misc.Unsafe.convEndian(ZI)I @ 4 c2
Event: 0.501 Thread 0x00000209b3719fd0 DEOPT PACKING pc=0x00000209c362411c sp=0x000000fc6dffeb10
Event: 0.501 Thread 0x00000209b3719fd0 DEOPT UNPACKING pc=0x00000209c2f046a2 sp=0x000000fc6dffe9e0 mode 2

Classes loaded (20 events):
Event: 0.736 Loading class java/io/DataOutputStream
Event: 0.736 Loading class java/io/DataOutputStream done
Event: 18.455 Loading class org/lwjgl/opengl/GL11
Event: 18.455 Loading class org/lwjgl/opengl/GL11 done
Event: 18.470 Loading class org/lwjgl/opengl/GL
Event: 18.470 Loading class org/lwjgl/opengl/GL done
Event: 18.476 Loading class org/lwjgl/opengl/GL$ICD
Event: 18.476 Loading class org/lwjgl/opengl/GL$ICD done
Event: 18.479 Loading class org/lwjgl/opengl/GL$ICDStatic
Event: 18.479 Loading class org/lwjgl/opengl/GL$ICDStatic done
Event: 21.381 Loading class org/lwjgl/opengl/GL$2
Event: 21.381 Loading class org/lwjgl/opengl/GL$2 done
Event: 21.403 Loading class org/lwjgl/opengl/GL$1
Event: 21.403 Loading class org/lwjgl/opengl/GL$1 done
Event: 21.406 Loading class org/lwjgl/system/SharedLibrary$Delegate
Event: 21.406 Loading class org/lwjgl/system/SharedLibrary$Delegate done
Event: 34.467 Loading class org/lwjgl/opengl/GL11C
Event: 34.467 Loading class org/lwjgl/opengl/GL11C done
Event: 55.211 Loading class org/lwjgl/system/libc/LibCString
Event: 55.211 Loading class org/lwjgl/system/libc/LibCString done

Classes unloaded (0 events):
No events

Classes redefined (0 events):
No events

Internal exceptions (20 events):
Event: 0.190 Thread 0x00000209b3719fd0 Exception <a 'java/lang/NoSuchMethodError'{0x000000071452cfe0}: 'java.lang.Object java.lang.invoke.DirectMethodHandle$Holder.newInvokeSpecial(java.lang.Object, java.lang.Object, long)'> (0x000000071452cfe0) 
thrown [s\open\src\hotspot\share\interpreter\linkResolver.cpp, line 774]
Event: 0.191 Thread 0x00000209b3719fd0 Exception <a 'java/lang/NoSuchMethodError'{0x0000000714530e88}: 'java.lang.Object java.lang.invoke.Invokers$Holder.linkToTargetMethod(java.lang.Object, long, java.lang.Object)'> (0x0000000714530e88) 
thrown [s\open\src\hotspot\share\interpreter\linkResolver.cpp, line 774]
Event: 0.192 Thread 0x00000209b3719fd0 Exception <a 'java/lang/NoSuchMethodError'{0x00000007145380b0}: 'int java.lang.invoke.DirectMethodHandle$Holder.invokeStaticInit(java.lang.Object, java.lang.Object, java.lang.Object, long)'> (0x00000007145380b0) 
thrown [s\open\src\hotspot\share\interpreter\linkResolver.cpp, line 774]
Event: 0.207 Thread 0x00000209b3719fd0 Exception <a 'sun/nio/fs/WindowsException'{0x00000007142002f8}> (0x00000007142002f8) 
thrown [s\open\src\hotspot\share\prims\jni.cpp, line 520]
Event: 0.207 Thread 0x00000209b3719fd0 Exception <a 'sun/nio/fs/WindowsException'{0x0000000714200658}> (0x0000000714200658) 
thrown [s\open\src\hotspot\share\prims\jni.cpp, line 520]
Event: 0.212 Thread 0x00000209b3719fd0 Exception <a 'java/lang/NoSuchMethodError'{0x000000071421a508}: 'int java.lang.invoke.Invokers$Holder.invokeExact_MT(java.lang.Object, java.lang.Object)'> (0x000000071421a508) 
thrown [s\open\src\hotspot\share\interpreter\linkResolver.cpp, line 774]
Event: 0.354 Thread 0x00000209b3719fd0 Exception <a 'java/lang/NoSuchMethodError'{0x0000000714320f98}: 'int java.lang.invoke.DirectMethodHandle$Holder.invokeSpecial(java.lang.Object, java.lang.Object, java.lang.Object, int)'> (0x0000000714320f98) 
thrown [s\open\src\hotspot\share\interpreter\linkResolver.cpp, line 774]
Event: 0.356 Thread 0x00000209b3719fd0 Exception <a 'java/lang/NoSuchMethodError'{0x0000000714335d00}: 'java.lang.Object java.lang.invoke.DirectMethodHandle$Holder.invokeStatic(java.lang.Object, java.lang.Object, java.lang.Object, java.lang.Object, int)'> (0x0000000714335d00) 
thrown [s\open\src\hotspot\share\interpreter\linkResolver.cpp, line 774]
Event: 0.356 Thread 0x00000209b3719fd0 Exception <a 'java/lang/NoSuchMethodError'{0x000000071433d640}: 'long java.lang.invoke.DirectMethodHandle$Holder.invokeStatic(java.lang.Object, java.lang.Object, int)'> (0x000000071433d640) 
thrown [s\open\src\hotspot\share\interpreter\linkResolver.cpp, line 774]
Event: 0.357 Thread 0x00000209b3719fd0 Exception <a 'java/lang/NoSuchMethodError'{0x0000000714348b50}: 'java.lang.Object java.lang.invoke.DelegatingMethodHandle$Holder.reinvoke_L(java.lang.Object, int, long, java.lang.Object, java.lang.Object, int, java.lang.Object)'> (0x0000000714348b50) 
thrown [s\open\src\hotspot\share\interpreter\linkResolver.cpp, line 774]
Event: 0.452 Thread 0x00000209b3719fd0 Exception <a 'java/lang/ClassNotFoundException'{0x0000000714952880}: sun/awt/resources/spi/awtProvider> (0x0000000714952880) 
thrown [s\open\src\hotspot\share\classfile\systemDictionary.cpp, line 313]
Event: 0.465 Thread 0x00000209b3719fd0 Exception <a 'java/io/FileNotFoundException'{0x00000007149d4688}> (0x00000007149d4688) 
thrown [s\open\src\hotspot\share\prims\jni.cpp, line 520]
Event: 0.473 Thread 0x00000209b3719fd0 Exception <a 'java/io/FileNotFoundException'{0x0000000714603598}> (0x0000000714603598) 
thrown [s\open\src\hotspot\share\prims\jni.cpp, line 520]
Event: 0.749 Thread 0x00000209b3719fd0 Exception <a 'java/lang/NoSuchMethodError'{0x00000007144f6118}: 'java.lang.Object java.lang.invoke.Invokers$Holder.linkToTargetMethod(int, int, int, int, java.lang.Object)'> (0x00000007144f6118) 
thrown [s\open\src\hotspot\share\interpreter\linkResolver.cpp, line 774]
Event: 18.482 Thread 0x00000209b3719fd0 Exception <a 'java/lang/NoSuchMethodError'{0x00000007145ac8f0}: 'void java.lang.System.load(java.lang.String, java.lang.Class)'> (0x00000007145ac8f0) 
thrown [s\open\src\hotspot\share\interpreter\linkResolver.cpp, line 774]
Event: 18.487 Thread 0x00000209b3719fd0 Exception <a 'java/lang/NoSuchMethodError'{0x00000007145af3b8}: 'void java.lang.System.loadLibrary(java.lang.String, java.lang.Class)'> (0x00000007145af3b8) 
thrown [s\open\src\hotspot\share\interpreter\linkResolver.cpp, line 774]
Event: 18.545 Thread 0x00000209b3719fd0 Exception <a 'sun/nio/fs/WindowsException'{0x00000007145be590}> (0x00000007145be590) 
thrown [s\open\src\hotspot\share\prims\jni.cpp, line 520]
Event: 18.546 Thread 0x00000209b3719fd0 Exception <a 'sun/nio/fs/WindowsException'{0x00000007145be930}> (0x00000007145be930) 
thrown [s\open\src\hotspot\share\prims\jni.cpp, line 520]
Event: 21.402 Thread 0x00000209b3719fd0 Exception <a 'sun/nio/fs/WindowsException'{0x00000007145c7520}> (0x00000007145c7520) 
thrown [s\open\src\hotspot\share\prims\jni.cpp, line 520]
Event: 21.402 Thread 0x00000209b3719fd0 Exception <a 'sun/nio/fs/WindowsException'{0x00000007145c77f0}> (0x00000007145c77f0) 
thrown [s\open\src\hotspot\share\prims\jni.cpp, line 520]

ZGC Phase Switch (0 events):
No events

VM Operations (20 events):
Event: 55.213 Executing VM operation: ChangeSingleStep
Event: 55.213 Executing VM operation: ChangeSingleStep done
Event: 55.213 Executing VM operation: ChangeSingleStep
Event: 55.213 Executing VM operation: ChangeSingleStep done
Event: 55.216 Executing VM operation: get/set locals
Event: 55.217 Executing VM operation: get/set locals done
Event: 55.217 Executing VM operation: get/set locals
Event: 55.217 Executing VM operation: get/set locals done
Event: 55.217 Executing VM operation: get/set locals
Event: 55.217 Executing VM operation: get/set locals done
Event: 55.217 Executing VM operation: get/set locals
Event: 55.217 Executing VM operation: get/set locals done
Event: 55.381 Executing VM operation: ChangeSingleStep
Event: 55.381 Executing VM operation: ChangeSingleStep done
Event: 55.381 Executing VM operation: ChangeSingleStep
Event: 55.381 Executing VM operation: ChangeSingleStep done
Event: 55.385 Executing VM operation: get/set locals
Event: 55.385 Executing VM operation: get/set locals done
Event: 55.385 Executing VM operation: get/set locals
Event: 55.385 Executing VM operation: get/set locals done

Events (20 events):
Event: 0.026 Thread 0x00000209d31f6420 Thread added: 0x00000209d31f6420
Event: 0.026 Thread 0x00000209d31f9150 Thread added: 0x00000209d31f9150
Event: 0.029 Thread 0x00000209d33f1ce0 Thread added: 0x00000209d33f1ce0
Event: 0.030 Thread 0x00000209d33f47f0 Thread added: 0x00000209d33f47f0
Event: 0.040 Thread 0x00000209d3431ad0 Thread added: 0x00000209d3431ad0
Event: 0.049 Thread 0x00000209d34a14f0 Thread added: 0x00000209d34a14f0
Event: 0.054 Thread 0x00000209d35e7430 Thread added: 0x00000209d35e7430
Event: 0.055 Thread 0x00000209d3628ed0 Thread added: 0x00000209d3628ed0
Event: 0.055 Thread 0x00000209d365f940 Thread added: 0x00000209d365f940
Event: 0.084 Thread 0x00000209d366b960 Thread added: 0x00000209d366b960
Event: 0.216 Thread 0x00000209d38229b0 Thread added: 0x00000209d38229b0
Event: 0.352 Thread 0x00000209d34a14f0 Thread exited: 0x00000209d34a14f0
Event: 0.365 Thread 0x00000209d3958940 Thread added: 0x00000209d3958940
Event: 0.366 Thread 0x00000209d3959000 Thread added: 0x00000209d3959000
Event: 0.492 Thread 0x0000020a20dda850 Thread added: 0x0000020a20dda850
Event: 0.673 Thread 0x00000209d3959000 Thread exited: 0x00000209d3959000
Event: 0.674 Thread 0x00000209d3958940 Thread exited: 0x00000209d3958940
Event: 5.765 Thread 0x00000209d38229b0 Thread exited: 0x00000209d38229b0
Event: 10.774 Thread 0x00000209d33f47f0 Thread exited: 0x00000209d33f47f0
Event: 15.774 Thread 0x00000209d33f1ce0 Thread exited: 0x00000209d33f1ce0


Dynamic libraries:
0x00007ff784ff0000 - 0x00007ff784ffe000 	C:\Users\berna\.jdks\openjdk-22\bin\java.exe
0x00007ff885850000 - 0x00007ff885a66000 	C:\Windows\SYSTEM32\ntdll.dll
0x00007ff8842b0000 - 0x00007ff884374000 	C:\Windows\System32\KERNEL32.DLL
0x00007ff882c30000 - 0x00007ff882fd7000 	C:\Windows\System32\KERNELBASE.dll
0x00007ff883050000 - 0x00007ff883161000 	C:\Windows\System32\ucrtbase.dll
0x00007ff879700000 - 0x00007ff87971b000 	C:\Users\berna\.jdks\openjdk-22\bin\VCRUNTIME140.dll
0x00007ff87cb10000 - 0x00007ff87cb27000 	C:\Users\berna\.jdks\openjdk-22\bin\jli.dll
0x00007ff885500000 - 0x00007ff8856ae000 	C:\Windows\System32\USER32.dll
0x00007ff883430000 - 0x00007ff883456000 	C:\Windows\System32\win32u.dll
0x00007ff871e30000 - 0x00007ff8720c3000 	C:\Windows\WinSxS\amd64_microsoft.windows.common-controls_6595b64144ccf1df_6.0.22621.3235_none_270f74e173860f98\COMCTL32.dll
0x00007ff883d00000 - 0x00007ff883d29000 	C:\Windows\System32\GDI32.dll
0x00007ff884730000 - 0x00007ff8847d7000 	C:\Windows\System32\msvcrt.dll
0x00007ff8831a0000 - 0x00007ff8832b9000 	C:\Windows\System32\gdi32full.dll
0x00007ff883460000 - 0x00007ff8834fa000 	C:\Windows\System32\msvcp_win.dll
0x00007ff883b50000 - 0x00007ff883b81000 	C:\Windows\System32\IMM32.DLL
0x00007ff87cb90000 - 0x00007ff87cb9c000 	C:\Users\berna\.jdks\openjdk-22\bin\vcruntime140_1.dll
0x00007ff8751e0000 - 0x00007ff87526e000 	C:\Users\berna\.jdks\openjdk-22\bin\msvcp140.dll
0x00007ff833fb0000 - 0x00007ff834cf8000 	C:\Users\berna\.jdks\openjdk-22\bin\server\jvm.dll
0x00007ff884670000 - 0x00007ff884722000 	C:\Windows\System32\ADVAPI32.dll
0x00007ff8843f0000 - 0x00007ff884498000 	C:\Windows\System32\sechost.dll
0x00007ff883170000 - 0x00007ff883198000 	C:\Windows\System32\bcrypt.dll
0x00007ff884ad0000 - 0x00007ff884be5000 	C:\Windows\System32\RPCRT4.dll
0x00007ff884a30000 - 0x00007ff884aa1000 	C:\Windows\System32\WS2_32.dll
0x00007ff881a10000 - 0x00007ff881a5d000 	C:\Windows\SYSTEM32\POWRPROF.dll
0x00007ff879560000 - 0x00007ff879594000 	C:\Windows\SYSTEM32\WINMM.dll
0x00007ff876660000 - 0x00007ff87666a000 	C:\Windows\SYSTEM32\VERSION.dll
0x00007ff8819f0000 - 0x00007ff881a03000 	C:\Windows\SYSTEM32\UMPDC.dll
0x00007ff881ca0000 - 0x00007ff881cb8000 	C:\Windows\SYSTEM32\kernel.appcore.dll
0x00007ff87cb00000 - 0x00007ff87cb0a000 	C:\Users\berna\.jdks\openjdk-22\bin\jimage.dll
0x00007ff87fee0000 - 0x00007ff880113000 	C:\Windows\SYSTEM32\DBGHELP.DLL
0x00007ff8837c0000 - 0x00007ff883b48000 	C:\Windows\System32\combase.dll
0x00007ff883580000 - 0x00007ff883657000 	C:\Windows\System32\OLEAUT32.dll
0x00007ff876620000 - 0x00007ff876652000 	C:\Windows\SYSTEM32\dbgcore.DLL
0x00007ff883500000 - 0x00007ff883579000 	C:\Windows\System32\bcryptPrimitives.dll
0x00007ff8747d0000 - 0x00007ff87480c000 	C:\Users\berna\.jdks\openjdk-22\bin\jdwp.dll
0x00007ff87cb80000 - 0x00007ff87cb8f000 	C:\Users\berna\.jdks\openjdk-22\bin\instrument.dll
0x00007ff875960000 - 0x00007ff87597e000 	C:\Users\berna\.jdks\openjdk-22\bin\java.dll
0x00007ff884bf0000 - 0x00007ff88544c000 	C:\Windows\System32\SHELL32.dll
0x00007ff884870000 - 0x00007ff884a15000 	C:\Windows\System32\ole32.dll
0x00007ff875920000 - 0x00007ff875937000 	C:\Users\berna\.jdks\openjdk-22\bin\zip.dll
0x00007ff880aa0000 - 0x00007ff881399000 	C:\Windows\SYSTEM32\windows.storage.dll
0x00007ff880960000 - 0x00007ff880a9e000 	C:\Windows\SYSTEM32\wintypes.dll
0x00007ff883b90000 - 0x00007ff883c83000 	C:\Windows\System32\SHCORE.dll
0x00007ff883700000 - 0x00007ff88375e000 	C:\Windows\System32\shlwapi.dll
0x00007ff882aa0000 - 0x00007ff882ac1000 	C:\Windows\SYSTEM32\profapi.dll
0x00007ff83b7d0000 - 0x00007ff83b8a7000 	C:\Users\berna\.jdks\openjdk-22\bin\jsvml.dll
0x00007ff874d40000 - 0x00007ff874d4c000 	C:\Users\berna\.jdks\openjdk-22\bin\dt_socket.dll
0x00007ff8816c0000 - 0x00007ff8816ed000 	C:\Windows\SYSTEM32\IPHLPAPI.DLL
0x00007ff882110000 - 0x00007ff882179000 	C:\Windows\system32\mswsock.dll
0x00007ff8796f0000 - 0x00007ff879700000 	C:\Users\berna\.jdks\openjdk-22\bin\net.dll
0x00007ff875940000 - 0x00007ff875956000 	C:\Users\berna\.jdks\openjdk-22\bin\nio.dll
0x00007ff86cf70000 - 0x00007ff86cfeb000 	C:\Users\berna\AppData\Local\Temp\lwjgl_berna\3.3.3+5\x64\lwjgl.dll
0x00007ff84ffd0000 - 0x00007ff850052000 	C:\Users\berna\AppData\Local\Temp\lwjgl_berna\3.3.3+5\x64\glfw.dll
0x00007ff874770000 - 0x00007ff8747b6000 	C:\Windows\SYSTEM32\dinput8.dll
0x00007ff86bc20000 - 0x00007ff86bc31000 	C:\Windows\SYSTEM32\xinput1_4.dll
0x00007ff882830000 - 0x00007ff88287e000 	C:\Windows\SYSTEM32\cfgmgr32.dll
0x00007ff882880000 - 0x00007ff8828ac000 	C:\Windows\SYSTEM32\DEVOBJ.dll
0x00007ff880120000 - 0x00007ff88014b000 	C:\Windows\SYSTEM32\dwmapi.dll
0x00007ff85a1a0000 - 0x00007ff85a3aa000 	C:\Windows\SYSTEM32\inputhost.dll
0x00007ff87f630000 - 0x00007ff87f764000 	C:\Windows\SYSTEM32\CoreMessaging.dll
0x00007ff87fba0000 - 0x00007ff87fc4b000 	C:\Windows\system32\uxtheme.dll
0x00007ff8856b0000 - 0x00007ff885803000 	C:\Windows\System32\MSCTF.dll
0x00007ff882390000 - 0x00007ff88239c000 	C:\Windows\SYSTEM32\CRYPTBASE.DLL
0x00007ff844230000 - 0x00007ff844330000 	C:\Windows\SYSTEM32\opengl32.dll
0x00007ff84b260000 - 0x00007ff84b28d000 	C:\Windows\SYSTEM32\GLU32.dll
0x00007ff87fcc0000 - 0x00007ff87fcf9000 	C:\Windows\SYSTEM32\dxcore.dll
0x00007ff87c9c0000 - 0x00007ff87ca0a000 	C:\Windows\SYSTEM32\directxdatabasehelper.dll
0x00007ff885450000 - 0x00007ff885500000 	C:\Windows\System32\clbcatq.dll
0x00007ff87bcc0000 - 0x00007ff87bdf7000 	C:\Windows\System32\AppXDeploymentClient.dll
0x00007ff85cec0000 - 0x00007ff85cfbc000 	C:\Windows\System32\Windows.ApplicationModel.dll
0x00007ff87db10000 - 0x00007ff87dc11000 	C:\Windows\system32\propsys.dll
0x00007ff84dc00000 - 0x00007ff84dc26000 	C:\Windows\system32\mssprxy.dll
0x00007ff8097a0000 - 0x00007ff80a8cb000 	C:\Windows\System32\DriverStore\FileRepository\iigd_dch.inf_amd64_b75e8850ca834bad\igxelpicd64.dll
0x00007ff87fdd0000 - 0x00007ff87fec8000 	C:\Windows\system32\dxgi.dll
0x00007ff83b5e0000 - 0x00007ff83b735000 	C:\Windows\System32\DriverStore\FileRepository\iigd_dch.inf_amd64_b75e8850ca834bad\igdml64.dll
0x00007ff875c90000 - 0x00007ff8760c8000 	C:\Windows\System32\DriverStore\FileRepository\iigd_dch.inf_amd64_b75e8850ca834bad\igdgmm64.dll
0x00007ff882fe0000 - 0x00007ff88304b000 	C:\Windows\System32\WINTRUST.dll
0x00007ff8832c0000 - 0x00007ff883427000 	C:\Windows\System32\CRYPT32.dll
0x00007ff8823d0000 - 0x00007ff8823e2000 	C:\Windows\SYSTEM32\MSASN1.dll
0x00007ff86d990000 - 0x00007ff87183d000 	C:\Windows\System32\DriverStore\FileRepository\iigd_dch.inf_amd64_b75e8850ca834bad\igc64.dll
0x00007ff85f3c0000 - 0x00007ff85f50a000 	C:\Windows\SYSTEM32\textinputframework.dll
0x00007ff87be00000 - 0x00007ff87c16c000 	C:\Windows\SYSTEM32\CoreUIComponents.dll
0x00007ff833a40000 - 0x00007ff833bcd000 	C:\Users\berna\.jdks\openjdk-22\bin\awt.dll
0x00007ff87fa10000 - 0x00007ff87faa7000 	C:\Windows\SYSTEM32\apphelp.dll
0x00007ff83bc10000 - 0x00007ff83bc6e000 	C:\Users\berna\AppData\Local\Temp\lwjgl_berna\3.3.3+5\x64\lwjgl_opengl.dll

dbghelp: loaded successfully - version: 4.0.5 - missing functions: none
symbol engine: initialized successfully - sym options: 0x614 - pdb path: .;C:\Users\berna\.jdks\openjdk-22\bin;C:\Windows\SYSTEM32;C:\Windows\WinSxS\amd64_microsoft.windows.common-controls_6595b64144ccf1df_6.0.22621.3235_none_270f74e173860f98;C:\Users\berna\.jdks\openjdk-22\bin\server;C:\Users\berna\AppData\Local\Temp\lwjgl_berna\3.3.3+5\x64;C:\Windows\System32\DriverStore\FileRepository\iigd_dch.inf_amd64_b75e8850ca834bad

VM Arguments:
jvm_args: -agentlib:jdwp=transport=dt_socket,address=127.0.0.1:60675,suspend=y,server=n -javaagent:C:\Users\berna\AppData\Local\JetBrains\IntelliJIdea2024.1\captureAgent\debugger-agent.jar -Dfile.encoding=UTF-8 -Dsun.stdout.encoding=UTF-8 -Dsun.stderr.encoding=UTF-8 
java_command: MD2Viewer
java_class_path (initial): C:\Users\berna\rea de Trabalho\Opengl03_Textura\target\classes;C:\Users\berna\.m2\repository\org\lwjgl\lwjgl\3.3.3\lwjgl-3.3.3.jar;C:\Users\berna\.m2\repository\org\lwjgl\lwjgl-assimp\3.3.3\lwjgl-assimp-3.3.3.jar;C:\Users\berna\.m2\repository\org\lwjgl\lwjgl-glfw\3.3.3\lwjgl-glfw-3.3.3.jar;C:\Users\berna\.m2\repository\org\lwjgl\lwjgl-openal\3.3.3\lwjgl-openal-3.3.3.jar;C:\Users\berna\.m2\repository\org\lwjgl\lwjgl-opengl\3.3.3\lwjgl-opengl-3.3.3.jar;C:\Users\berna\.m2\repository\org\lwjgl\lwjgl-stb\3.3.3\lwjgl-stb-3.3.3.jar;C:\Users\berna\.m2\repository\org\lwjgl\lwjgl\3.3.3\lwjgl-3.3.3-natives-windows.jar;C:\Users\berna\.m2\repository\org\lwjgl\lwjgl-assimp\3.3.3\lwjgl-assimp-3.3.3-natives-windows.jar;C:\Users\berna\.m2\repository\org\lwjgl\lwjgl-glfw\3.3.3\lwjgl-glfw-3.3.3-natives-windows.jar;C:\Users\berna\.m2\repository\org\lwjgl\lwjgl-openal\3.3.3\lwjgl-openal-3.3.3-natives-windows.jar;C:\Users\berna\.m2\repository\org\lwjgl\lwjgl-opengl\3.3.3\lwjgl-opengl-3.3.3-natives-windows.jar;C:\Users\berna\.m2\repository\org\lwjgl\lwjgl-stb\3.3.3\lwjgl-stb-3.3.3-natives-windows.jar;C:\Users\berna\AppData\Local\Programs\IntelliJ IDEA Ultimate\lib\idea_rt.jar
Launcher Type: SUN_STANDARD

[Global flags]
     intx CICompilerCount                          = 12                                        {product} {ergonomic}
     uint ConcGCThreads                            = 3                                         {product} {ergonomic}
     uint G1ConcRefinementThreads                  = 13                                        {product} {ergonomic}
   size_t G1HeapRegionSize                         = 2097152                                   {product} {ergonomic}
   size_t InitialHeapSize                          = 264241152                                 {product} {ergonomic}
   size_t MarkStackSize                            = 4194304                                   {product} {ergonomic}
   size_t MaxHeapSize                              = 4208984064                                {product} {ergonomic}
   size_t MaxNewSize                               = 2524971008                                {product} {ergonomic}
   size_t MinHeapDeltaBytes                        = 2097152                                   {product} {ergonomic}
   size_t MinHeapSize                              = 8388608                                   {product} {ergonomic}
    uintx NonNMethodCodeHeapSize                   = 7602480                                {pd product} {ergonomic}
    uintx NonProfiledCodeHeapSize                  = 122027880                              {pd product} {ergonomic}
    uintx ProfiledCodeHeapSize                     = 122027880                              {pd product} {ergonomic}
    uintx ReservedCodeCacheSize                    = 251658240                              {pd product} {ergonomic}
     bool SegmentedCodeCache                       = true                                      {product} {ergonomic}
   size_t SoftMaxHeapSize                          = 4208984064                             {manageable} {ergonomic}
     bool UseCompressedOops                        = true                           {product lp64_product} {ergonomic}
     bool UseG1GC                                  = true                                      {product} {ergonomic}
     bool UseLargePagesIndividualAllocation        = false                                  {pd product} {ergonomic}

Logging:
Log output configuration:
 #0: stdout all=warning uptime,level,tags foldmultilines=false
 #1: stderr all=off uptime,level,tags foldmultilines=false

Environment Variables:
PATH=C:\Program Files\Common Files\Oracle\Java\javapath;C:\Python312\Scripts\;C:\Python312\;C:\Windows\system32;C:\Windows;C:\Windows\System32\Wbem;C:\Windows\System32\WindowsPowerShell\v1.0\;C:\Windows\System32\OpenSSH\;C:\Program Files\Git\cmd;C:\Program Files\nodejs\;C:\ProgramData\chocolatey\bin;C:\php;C:\ProgramData\ComposerSetup\bin;C:\apache-maven-3.9.6\apache-maven-3.9.6\bin;C:\Program Files\Go\bin;C:\Program Files\MySQL\MySQL Shell 8.0\bin\;C:\Users\berna\AppData\Local\Microsoft\WindowsApps;C:\Users\berna\AppData\Local\Programs\Microsoft VS Code\bin;C:\Users\berna\AppData\Roaming\npm;C:\Users\berna\AppData\Roaming\Composer\vendor\bin;C:\Users\berna\AppData\Local\JetBrains\Toolbox\scripts;C:\Users\berna\go\bin
USERNAME=berna
OS=Windows_NT
PROCESSOR_IDENTIFIER=Intel64 Family 6 Model 186 Stepping 2, GenuineIntel
TMP=C:\Users\berna\AppData\Local\Temp
TEMP=C:\Users\berna\AppData\Local\Temp




Periodic native trim disabled

---------------  S Y S T E M  ---------------

OS:
 Windows 11 , 64 bit Build 22621 (10.0.22621.3374)
OS uptime: 4 days 5:13 hours
Hyper-V role detected

CPU: total 16 (initial active 16) (8 cores per cpu, 2 threads per core) family 6 model 186 stepping 2 microcode 0x410e, cx8, cmov, fxsr, ht, mmx, 3dnowpref, sse, sse2, sse3, ssse3, sse4.1, sse4.2, popcnt, lzcnt, tsc, tscinvbit, avx, avx2, aes, erms, clmul, bmi1, bmi2, adx, sha, fma, vzeroupper, clflush, clflushopt, clwb, hv, serialize, rdtscp, rdpid, fsrm, f16c, cet_ibt, cet_ss
Processor Information for processor 0
  Max Mhz: 2200, Current Mhz: 2200, Mhz Limit: 2200
Processor Information for processor 1
  Max Mhz: 2200, Current Mhz: 2200, Mhz Limit: 2200
Processor Information for processor 2
  Max Mhz: 2200, Current Mhz: 2200, Mhz Limit: 2200
Processor Information for processor 3
  Max Mhz: 2200, Current Mhz: 2200, Mhz Limit: 2200
Processor Information for processor 4
  Max Mhz: 2200, Current Mhz: 2200, Mhz Limit: 2200
Processor Information for processor 5
  Max Mhz: 2200, Current Mhz: 1466, Mhz Limit: 2200
Processor Information for processor 6
  Max Mhz: 2200, Current Mhz: 2200, Mhz Limit: 2200
Processor Information for processor 7
  Max Mhz: 2200, Current Mhz: 2200, Mhz Limit: 2200
Processor Information for processor 8
  Max Mhz: 2200, Current Mhz: 1500, Mhz Limit: 1584
Processor Information for processor 9
  Max Mhz: 2200, Current Mhz: 1500, Mhz Limit: 1584
Processor Information for processor 10
  Max Mhz: 2200, Current Mhz: 1500, Mhz Limit: 1584
Processor Information for processor 11
  Max Mhz: 2200, Current Mhz: 1500, Mhz Limit: 1584
Processor Information for processor 12
  Max Mhz: 2200, Current Mhz: 1500, Mhz Limit: 1584
Processor Information for processor 13
  Max Mhz: 2200, Current Mhz: 1500, Mhz Limit: 1584
Processor Information for processor 14
  Max Mhz: 2200, Current Mhz: 1500, Mhz Limit: 1584
Processor Information for processor 15
  Max Mhz: 2200, Current Mhz: 1500, Mhz Limit: 1584

Memory: 4k page, system-wide physical 16055M (4138M free)
TotalPageFile size 20919M (AvailPageFile size 2935M)
current process WorkingSet (physical memory assigned to process): 178M, peak: 187M
current process commit charge ("private bytes"): 406M, peak: 418M

vm_info: OpenJDK 64-Bit Server VM (22+36-2370) for windows-amd64 JRE (22+36-2370), built on 2024-02-15T22:15:19Z by "mach5one" with MS VC++ 17.6 (VS2022)

END.
