#
# A fatal error has been detected by the Java Runtime Environment:
#
#  EXCEPTION_ACCESS_VIOLATION (0xc0000005) at pc=0x00007ff85546c75d, pid=6652, tid=22136
#
# JRE version: OpenJDK Runtime Environment (22.0+36) (build 22+36-2370)
# Java VM: OpenJDK 64-Bit Server VM (22+36-2370, mixed mode, sharing, tiered, compressed oops, compressed class ptrs, g1 gc, windows-amd64)
# Problematic frame:
# C  [lwjgl_opengl.dll+0xc75d]
#
# No core dump will be written. Minidumps are not enabled by default on client versions of Windows
#
# If you would like to submit a bug report, please visit:
#   https://bugreport.java.com/bugreport/crash.jsp
# The crash happened outside the Java Virtual Machine in native code.
# See problematic frame for where to report the bug.
#

---------------  S U M M A R Y ------------

Command Line: -javaagent:C:\Users\berna\AppData\Local\Programs\IntelliJ IDEA Ultimate\lib\idea_rt.jar=60526:C:\Users\berna\AppData\Local\Programs\IntelliJ IDEA Ultimate\bin -Dfile.encoding=UTF-8 -Dsun.stdout.encoding=UTF-8 -Dsun.stderr.encoding=UTF-8 MD2Viewer

Host: 13th Gen Intel(R) Core(TM) i7-1360P, 16 cores, 15G,  Windows 11 , 64 bit Build 22621 (10.0.22621.3374)
Time: Tue May 14 15:11:24 2024 Hora oficial do Brasil elapsed time: 0.323100 seconds (0d 0h 0m 0s)

---------------  T H R E A D  ---------------

Current thread (0x000001b816493840):  JavaThread "main"             [_thread_in_native, id=22136, stack(0x000000a155000000,0x000000a155100000) (1024K)]

Stack: [0x000000a155000000,0x000000a155100000],  sp=0x000000a1550ff588,  free space=1021k
Native frames: (J=compiled Java code, j=interpreted, Vv=VM code, C=native code)
C  [lwjgl_opengl.dll+0xc75d]  (no source info available)

Java frames: (J=compiled Java code, j=interpreted, Vv=VM code)
j  org.lwjgl.opengl.GL11C.nglGenTextures(IJ)V+0
j  org.lwjgl.opengl.GL11C.glGenTextures()I+20
j  org.lwjgl.opengl.GL11.glGenTextures()I+0
j  MD2Viewer.loadTexture(Ljava/lang/String;)I+178
j  MD2Viewer.init()V+202
j  MD2Viewer.run()V+33
j  MD2Viewer.main([Ljava/lang/String;)V+7
v  ~StubRoutines::call_stub 0x000001b827e4100d

siginfo: EXCEPTION_ACCESS_VIOLATION (0xc0000005), reading address 0x00000000000002d8


Registers:
RAX=0x000001b838760ea0, RBX=0x000001b87a54a650, RCX=0x0000000000000001, RDX=0x000001b83872ecfc
RSP=0x000000a1550ff588, RBP=0x000000a1550ff610, RSI=0x000001b87a1c4708, RDI=0x0000000000000001
R8 =0x0000000000000001, R9 =0x000001b83872ecfc, R10=0x0000000000000000, R11=0x000000071425b880
R12=0x0000000000000000, R13=0x000001b87a54a650, R14=0x000000a1550ff640, R15=0x000001b816493840
RIP=0x00007ff85546c75d, EFLAGS=0x0000000000010206


Register to memory mapping:

RAX=0x000001b838760ea0 points into unknown readable memory: 0x0000000000000000 | 00 00 00 00 00 00 00 00
RBX={method} {0x000001b87a54a658} 'nglGenTextures' '(IJ)V' in 'org/lwjgl/opengl/GL11C'
RCX=0x0000000000000001 is an unknown value
RDX=0x000001b83872ecfc points into unknown readable memory: 00 00 00 00
RSP=0x000000a1550ff588 is pointing into the stack for thread: 0x000001b816493840
RBP=0x000000a1550ff610 is pointing into the stack for thread: 0x000001b816493840
RSI=0x000001b87a1c4708 is pointing into metadata
RDI=0x0000000000000001 is an unknown value
R8 =0x0000000000000001 is an unknown value
R9 =0x000001b83872ecfc points into unknown readable memory: 00 00 00 00
R10=0x0 is null
R11=0x000000071425b880 is an oop: java.lang.Class 
{0x000000071425b880} - klass: 'java/lang/Class'
 - ---- fields (total size 116 words):
 - private volatile transient 'classRedefinedCount' 'I' @12  0 (0x00000000)
 - injected 'klass' 'J' @16  1890759217224 (0x000001b83a081048)
 - injected 'array_klass' 'J' @24  0 (0x0000000000000000)
 - injected 'oop_size' 'I' @32  116 (0x00000074)
 - injected 'static_oop_field_count' 'I' @36  0 (0x00000000)
 - private volatile transient 'cachedConstructor' 'Ljava/lang/reflect/Constructor;' @40  null (0x00000000)
 - private transient 'name' 'Ljava/lang/String;' @44  "org.lwjgl.opengl.GL11C"{0x000000071425bc20} (0xe284b784)
 - private transient 'module' 'Ljava/lang/Module;' @48  a 'java/lang/Module'{0x0000000714c67e08} (0xe298cfc1)
 - private final 'classLoader' 'Ljava/lang/ClassLoader;' @52  a 'jdk/internal/loader/ClassLoaders$AppClassLoader'{0x0000000714c67c48} (0xe298cf89)
 - private transient 'classData' 'Ljava/lang/Object;' @56  null (0x00000000)
 - private transient 'packageName' 'Ljava/lang/String;' @60  "org.lwjgl.opengl"{0x00000007145bf9d0} (0xe28b7f3a)
 - private final 'componentType' 'Ljava/lang/Class;' @64  null (0x00000000)
 - private volatile transient 'reflectionData' 'Ljava/lang/ref/SoftReference;' @68  null (0x00000000)
 - private volatile transient 'genericInfo' 'Lsun/reflect/generics/repository/ClassRepository;' @72  null (0x00000000)
 - private volatile transient 'enumConstants' '[Ljava/lang/Object;' @76  null (0x00000000)
 - private volatile transient 'enumConstantDirectory' 'Ljava/util/Map;' @80  null (0x00000000)
 - private volatile transient 'annotationData' 'Ljava/lang/Class$AnnotationData;' @84  null (0x00000000)
 - private volatile transient 'annotationType' 'Lsun/reflect/annotation/AnnotationType;' @88  null (0x00000000)
 - transient 'classValueMap' 'Ljava/lang/ClassValue$ClassValueMap;' @92  null (0x00000000)
 - injected 'protection_domain' 'Ljava/lang/Object;' @96  a 'java/security/ProtectionDomain'{0x00000007145e2ca0} (0xe28bc594)
 - injected 'signers_name' 'Ljava/lang/Object;' @100  null (0x00000000)
 - injected 'source_file' 'Ljava/lang/Object;' @104  null (0x00000000)
 - signature: Lorg/lwjgl/opengl/GL11C;
 - ---- static fields (0):
 - public static final 'GL_NEVER' 'I' @112  512 (0x00000200)
 - public static final 'GL_LESS' 'I' @116  513 (0x00000201)
 - public static final 'GL_EQUAL' 'I' @120  514 (0x00000202)
 - public static final 'GL_LEQUAL' 'I' @124  515 (0x00000203)
 - public static final 'GL_GREATER' 'I' @128  516 (0x00000204)
 - public static final 'GL_NOTEQUAL' 'I' @132  517 (0x00000205)
 - public static final 'GL_GEQUAL' 'I' @136  518 (0x00000206)
 - public static final 'GL_ALWAYS' 'I' @140  519 (0x00000207)
 - public static final 'GL_DEPTH_BUFFER_BIT' 'I' @144  256 (0x00000100)
 - public static final 'GL_STENCIL_BUFFER_BIT' 'I' @148  1024 (0x00000400)
 - public static final 'GL_COLOR_BUFFER_BIT' 'I' @152  16384 (0x00004000)
 - public static final 'GL_POINTS' 'I' @156  0 (0x00000000)
 - public static final 'GL_LINES' 'I' @160  1 (0x00000001)
 - public static final 'GL_LINE_LOOP' 'I' @164  2 (0x00000002)
 - public static final 'GL_LINE_STRIP' 'I' @168  3 (0x00000003)
 - public static final 'GL_TRIANGLES' 'I' @172  4 (0x00000004)
 - public static final 'GL_TRIANGLE_STRIP' 'I' @176  5 (0x00000005)
 - public static final 'GL_TRIANGLE_FAN' 'I' @180  6 (0x00000006)
 - public static final 'GL_QUADS' 'I' @184  7 (0x00000007)
 - public static final 'GL_ZERO' 'I' @188  0 (0x00000000)
 - public static final 'GL_ONE' 'I' @192  1 (0x00000001)
 - public static final 'GL_SRC_COLOR' 'I' @196  768 (0x00000300)
 - public static final 'GL_ONE_MINUS_SRC_COLOR' 'I' @200  769 (0x00000301)
 - public static final 'GL_SRC_ALPHA' 'I' @204  770 (0x00000302)
 - public static final 'GL_ONE_MINUS_SRC_ALPHA' 'I' @208  771 (0x00000303)
 - public static final 'GL_DST_ALPHA' 'I' @212  772 (0x00000304)
 - public static final 'GL_ONE_MINUS_DST_ALPHA' 'I' @216  773 (0x00000305)
 - public static final 'GL_DST_COLOR' 'I' @220  774 (0x00000306)
 - public static final 'GL_ONE_MINUS_DST_COLOR' 'I' @224  775 (0x00000307)
 - public static final 'GL_SRC_ALPHA_SATURATE' 'I' @228  776 (0x00000308)
 - public static final 'GL_TRUE' 'I' @232  1 (0x00000001)
 - public static final 'GL_FALSE' 'I' @236  0 (0x00000000)
 - public static final 'GL_BYTE' 'I' @240  5120 (0x00001400)
 - public static final 'GL_UNSIGNED_BYTE' 'I' @244  5121 (0x00001401)
 - public static final 'GL_SHORT' 'I' @248  5122 (0x00001402)
 - public static final 'GL_UNSIGNED_SHORT' 'I' @252  5123 (0x00001403)
 - public static final 'GL_INT' 'I' @256  5124 (0x00001404)
 - public static final 'GL_UNSIGNED_INT' 'I' @260  5125 (0x00001405)
 - public static final 'GL_FLOAT' 'I' @264  5126 (0x00001406)
 - public static final 'GL_DOUBLE' 'I' @268  5130 (0x0000140a)
 - public static final 'GL_NONE' 'I' @272  0 (0x00000000)
 - public static final 'GL_FRONT_LEFT' 'I' @276  1024 (0x00000400)
 - public static final 'GL_FRONT_RIGHT' 'I' @280  1025 (0x00000401)
 - public static final 'GL_BACK_LEFT' 'I' @284  1026 (0x00000402)
 - public static final 'GL_BACK_RIGHT' 'I' @288  1027 (0x00000403)
 - public static final 'GL_FRONT' 'I' @292  1028 (0x00000404)
 - public static final 'GL_BACK' 'I' @296  1029 (0x00000405)
 - public static final 'GL_LEFT' 'I' @300  1030 (0x00000406)
 - public static final 'GL_RIGHT' 'I' @304  1031 (0x00000407)
 - public static final 'GL_FRONT_AND_BACK' 'I' @308  1032 (0x00000408)
 - public static final 'GL_NO_ERROR' 'I' @312  0 (0x00000000)
 - public static final 'GL_INVALID_ENUM' 'I' @316  1280 (0x00000500)
 - public static final 'GL_INVALID_VALUE' 'I' @320  1281 (0x00000501)
 - public static final 'GL_INVALID_OPERATION' 'I' @324  1282 (0x00000502)
 - public static final 'GL_STACK_OVERFLOW' 'I' @328  1283 (0x00000503)
 - public static final 'GL_STACK_UNDERFLOW' 'I' @332  1284 (0x00000504)
 - public static final 'GL_OUT_OF_MEMORY' 'I' @336  1285 (0x00000505)
 - public static final 'GL_CW' 'I' @340  2304 (0x00000900)
 - public static final 'GL_CCW' 'I' @344  2305 (0x00000901)
 - public static final 'GL_POINT_SIZE' 'I' @348  2833 (0x00000b11)
 - public static final 'GL_POINT_SIZE_RANGE' 'I' @352  2834 (0x00000b12)
 - public static final 'GL_POINT_SIZE_GRANULARITY' 'I' @356  2835 (0x00000b13)
 - public static final 'GL_LINE_SMOOTH' 'I' @360  2848 (0x00000b20)
 - public static final 'GL_LINE_WIDTH' 'I' @364  2849 (0x00000b21)
 - public static final 'GL_LINE_WIDTH_RANGE' 'I' @368  2850 (0x00000b22)
 - public static final 'GL_LINE_WIDTH_GRANULARITY' 'I' @372  2851 (0x00000b23)
 - public static final 'GL_POLYGON_MODE' 'I' @376  2880 (0x00000b40)
 - public static final 'GL_POLYGON_SMOOTH' 'I' @380  2881 (0x00000b41)
 - public static final 'GL_CULL_FACE' 'I' @384  2884 (0x00000b44)
 - public static final 'GL_CULL_FACE_MODE' 'I' @388  2885 (0x00000b45)
 - public static final 'GL_FRONT_FACE' 'I' @392  2886 (0x00000b46)
 - public static final 'GL_DEPTH_RANGE' 'I' @396  2928 (0x00000b70)
 - public static final 'GL_DEPTH_TEST' 'I' @400  2929 (0x00000b71)
 - public static final 'GL_DEPTH_WRITEMASK' 'I' @404  2930 (0x00000b72)
 - public static final 'GL_DEPTH_CLEAR_VALUE' 'I' @408  2931 (0x00000b73)
 - public static final 'GL_DEPTH_FUNC' 'I' @412  2932 (0x00000b74)
 - public static final 'GL_STENCIL_TEST' 'I' @416  2960 (0x00000b90)
 - public static final 'GL_STENCIL_CLEAR_VALUE' 'I' @420  2961 (0x00000b91)
 - public static final 'GL_STENCIL_FUNC' 'I' @424  2962 (0x00000b92)
 - public static final 'GL_STENCIL_VALUE_MASK' 'I' @428  2963 (0x00000b93)
 - public static final 'GL_STENCIL_FAIL' 'I' @432  2964 (0x00000b94)
 - public static final 'GL_STENCIL_PASS_DEPTH_FAIL' 'I' @436  2965 (0x00000b95)
 - public static final 'GL_STENCIL_PASS_DEPTH_PASS' 'I' @440  2966 (0x00000b96)
 - public static final 'GL_STENCIL_REF' 'I' @444  2967 (0x00000b97)
 - public static final 'GL_STENCIL_WRITEMASK' 'I' @448  2968 (0x00000b98)
 - public static final 'GL_VIEWPORT' 'I' @452  2978 (0x00000ba2)
 - public static final 'GL_DITHER' 'I' @456  3024 (0x00000bd0)
 - public static final 'GL_BLEND_DST' 'I' @460  3040 (0x00000be0)
 - public static final 'GL_BLEND_SRC' 'I' @464  3041 (0x00000be1)
 - public static final 'GL_BLEND' 'I' @468  3042 (0x00000be2)
 - public static final 'GL_LOGIC_OP_MODE' 'I' @472  3056 (0x00000bf0)
 - public static final 'GL_COLOR_LOGIC_OP' 'I' @476  3058 (0x00000bf2)
 - public static final 'GL_DRAW_BUFFER' 'I' @480  3073 (0x00000c01)
 - public static final 'GL_READ_BUFFER' 'I' @484  3074 (0x00000c02)
 - public static final 'GL_SCISSOR_BOX' 'I' @488  3088 (0x00000c10)
 - public static final 'GL_SCISSOR_TEST' 'I' @492  3089 (0x00000c11)
 - public static final 'GL_COLOR_CLEAR_VALUE' 'I' @496  3106 (0x00000c22)
 - public static final 'GL_COLOR_WRITEMASK' 'I' @500  3107 (0x00000c23)
 - public static final 'GL_DOUBLEBUFFER' 'I' @504  3122 (0x00000c32)
 - public static final 'GL_STEREO' 'I' @508  3123 (0x00000c33)
 - public static final 'GL_LINE_SMOOTH_HINT' 'I' @512  3154 (0x00000c52)
 - public static final 'GL_POLYGON_SMOOTH_HINT' 'I' @516  3155 (0x00000c53)
 - public static final 'GL_UNPACK_SWAP_BYTES' 'I' @520  3312 (0x00000cf0)
 - public static final 'GL_UNPACK_LSB_FIRST' 'I' @524  3313 (0x00000cf1)
 - public static final 'GL_UNPACK_ROW_LENGTH' 'I' @528  3314 (0x00000cf2)
 - public static final 'GL_UNPACK_SKIP_ROWS' 'I' @532  3315 (0x00000cf3)
 - public static final 'GL_UNPACK_SKIP_PIXELS' 'I' @536  3316 (0x00000cf4)
 - public static final 'GL_UNPACK_ALIGNMENT' 'I' @540  3317 (0x00000cf5)
 - public static final 'GL_PACK_SWAP_BYTES' 'I' @544  3328 (0x00000d00)
 - public static final 'GL_PACK_LSB_FIRST' 'I' @548  3329 (0x00000d01)
 - public static final 'GL_PACK_ROW_LENGTH' 'I' @552  3330 (0x00000d02)
 - public static final 'GL_PACK_SKIP_ROWS' 'I' @556  3331 (0x00000d03)
 - public static final 'GL_PACK_SKIP_PIXELS' 'I' @560  3332 (0x00000d04)
 - public static final 'GL_PACK_ALIGNMENT' 'I' @564  3333 (0x00000d05)
 - public static final 'GL_MAX_TEXTURE_SIZE' 'I' @568  3379 (0x00000d33)
 - public static final 'GL_MAX_VIEWPORT_DIMS' 'I' @572  3386 (0x00000d3a)
 - public static final 'GL_SUBPIXEL_BITS' 'I' @576  3408 (0x00000d50)
 - public static final 'GL_TEXTURE_1D' 'I' @580  3552 (0x00000de0)
 - public static final 'GL_TEXTURE_2D' 'I' @584  3553 (0x00000de1)
 - public static final 'GL_TEXTURE_WIDTH' 'I' @588  4096 (0x00001000)
 - public static final 'GL_TEXTURE_HEIGHT' 'I' @592  4097 (0x00001001)
 - public static final 'GL_TEXTURE_INTERNAL_FORMAT' 'I' @596  4099 (0x00001003)
 - public static final 'GL_TEXTURE_BORDER_COLOR' 'I' @600  4100 (0x00001004)
 - public static final 'GL_DONT_CARE' 'I' @604  4352 (0x00001100)
 - public static final 'GL_FASTEST' 'I' @608  4353 (0x00001101)
 - public static final 'GL_NICEST' 'I' @612  4354 (0x00001102)
 - public static final 'GL_CLEAR' 'I' @616  5376 (0x00001500)
 - public static final 'GL_AND' 'I' @620  5377 (0x00001501)
 - public static final 'GL_AND_REVERSE' 'I' @624  5378 (0x00001502)
 - public static final 'GL_COPY' 'I' @628  5379 (0x00001503)
 - public static final 'GL_AND_INVERTED' 'I' @632  5380 (0x00001504)
 - public static final 'GL_NOOP' 'I' @636  5381 (0x00001505)
 - public static final 'GL_XOR' 'I' @640  5382 (0x00001506)
 - public static final 'GL_OR' 'I' @644  5383 (0x00001507)
 - public static final 'GL_NOR' 'I' @648  5384 (0x00001508)
 - public static final 'GL_EQUIV' 'I' @652  5385 (0x00001509)
 - public static final 'GL_INVERT' 'I' @656  5386 (0x0000150a)
 - public static final 'GL_OR_REVERSE' 'I' @660  5387 (0x0000150b)
 - public static final 'GL_COPY_INVERTED' 'I' @664  5388 (0x0000150c)
 - public static final 'GL_OR_INVERTED' 'I' @668  5389 (0x0000150d)
 - public static final 'GL_NAND' 'I' @672  5390 (0x0000150e)
 - public static final 'GL_SET' 'I' @676  5391 (0x0000150f)
 - public static final 'GL_TEXTURE' 'I' @680  5890 (0x00001702)
 - public static final 'GL_COLOR' 'I' @684  6144 (0x00001800)
 - public static final 'GL_DEPTH' 'I' @688  6145 (0x00001801)
 - public static final 'GL_STENCIL' 'I' @692  6146 (0x00001802)
 - public static final 'GL_STENCIL_INDEX' 'I' @696  6401 (0x00001901)
 - public static final 'GL_DEPTH_COMPONENT' 'I' @700  6402 (0x00001902)
 - public static final 'GL_RED' 'I' @704  6403 (0x00001903)
 - public static final 'GL_GREEN' 'I' @708  6404 (0x00001904)
 - public static final 'GL_BLUE' 'I' @712  6405 (0x00001905)
 - public static final 'GL_ALPHA' 'I' @716  6406 (0x00001906)
 - public static final 'GL_RGB' 'I' @720  6407 (0x00001907)
 - public static final 'GL_RGBA' 'I' @724  6408 (0x00001908)
 - public static final 'GL_POINT' 'I' @728  6912 (0x00001b00)
 - public static final 'GL_LINE' 'I' @732  6913 (0x00001b01)
 - public static final 'GL_FILL' 'I' @736  6914 (0x00001b02)
 - public static final 'GL_KEEP' 'I' @740  7680 (0x00001e00)
 - public static final 'GL_REPLACE' 'I' @744  7681 (0x00001e01)
 - public static final 'GL_INCR' 'I' @748  7682 (0x00001e02)
 - public static final 'GL_DECR' 'I' @752  7683 (0x00001e03)
 - public static final 'GL_VENDOR' 'I' @756  7936 (0x00001f00)
 - public static final 'GL_RENDERER' 'I' @760  7937 (0x00001f01)
 - public static final 'GL_VERSION' 'I' @764  7938 (0x00001f02)
 - public static final 'GL_EXTENSIONS' 'I' @768  7939 (0x00001f03)
 - public static final 'GL_NEAREST' 'I' @772  9728 (0x00002600)
 - public static final 'GL_LINEAR' 'I' @776  9729 (0x00002601)
 - public static final 'GL_NEAREST_MIPMAP_NEAREST' 'I' @780  9984 (0x00002700)
 - public static final 'GL_LINEAR_MIPMAP_NEAREST' 'I' @784  9985 (0x00002701)
 - public static final 'GL_NEAREST_MIPMAP_LINEAR' 'I' @788  9986 (0x00002702)
 - public static final 'GL_LINEAR_MIPMAP_LINEAR' 'I' @792  9987 (0x00002703)
 - public static final 'GL_TEXTURE_MAG_FILTER' 'I' @796  10240 (0x00002800)
 - public static final 'GL_TEXTURE_MIN_FILTER' 'I' @800  10241 (0x00002801)
 - public static final 'GL_TEXTURE_WRAP_S' 'I' @804  10242 (0x00002802)
 - public static final 'GL_TEXTURE_WRAP_T' 'I' @808  10243 (0x00002803)
 - public static final 'GL_REPEAT' 'I' @812  10497 (0x00002901)
 - public static final 'GL_POLYGON_OFFSET_FACTOR' 'I' @816  32824 (0x00008038)
 - public static final 'GL_POLYGON_OFFSET_UNITS' 'I' @820  10752 (0x00002a00)
 - public static final 'GL_POLYGON_OFFSET_POINT' 'I' @824  10753 (0x00002a01)
 - public static final 'GL_POLYGON_OFFSET_LINE' 'I' @828  10754 (0x00002a02)
 - public static final 'GL_POLYGON_OFFSET_FILL' 'I' @832  32823 (0x00008037)
 - public static final 'GL_R3_G3_B2' 'I' @836  10768 (0x00002a10)
 - public static final 'GL_RGB4' 'I' @840  32847 (0x0000804f)
 - public static final 'GL_RGB5' 'I' @844  32848 (0x00008050)
 - public static final 'GL_RGB8' 'I' @848  32849 (0x00008051)
 - public static final 'GL_RGB10' 'I' @852  32850 (0x00008052)
 - public static final 'GL_RGB12' 'I' @856  32851 (0x00008053)
 - public static final 'GL_RGB16' 'I' @860  32852 (0x00008054)
 - public static final 'GL_RGBA2' 'I' @864  32853 (0x00008055)
 - public static final 'GL_RGBA4' 'I' @868  32854 (0x00008056)
 - public static final 'GL_RGB5_A1' 'I' @872  32855 (0x00008057)
 - public static final 'GL_RGBA8' 'I' @876  32856 (0x00008058)
 - public static final 'GL_RGB10_A2' 'I' @880  32857 (0x00008059)
 - public static final 'GL_RGBA12' 'I' @884  32858 (0x0000805a)
 - public static final 'GL_RGBA16' 'I' @888  32859 (0x0000805b)
 - public static final 'GL_TEXTURE_RED_SIZE' 'I' @892  32860 (0x0000805c)
 - public static final 'GL_TEXTURE_GREEN_SIZE' 'I' @896  32861 (0x0000805d)
 - public static final 'GL_TEXTURE_BLUE_SIZE' 'I' @900  32862 (0x0000805e)
 - public static final 'GL_TEXTURE_ALPHA_SIZE' 'I' @904  32863 (0x0000805f)
 - public static final 'GL_PROXY_TEXTURE_1D' 'I' @908  32867 (0x00008063)
 - public static final 'GL_PROXY_TEXTURE_2D' 'I' @912  32868 (0x00008064)
 - public static final 'GL_TEXTURE_BINDING_1D' 'I' @916  32872 (0x00008068)
 - public static final 'GL_TEXTURE_BINDING_2D' 'I' @920  32873 (0x00008069)
 - public static final 'GL_VERTEX_ARRAY' 'I' @924  32884 (0x00008074)
R12=0x0 is null
R13={method} {0x000001b87a54a658} 'nglGenTextures' '(IJ)V' in 'org/lwjgl/opengl/GL11C'
R14=0x000000a1550ff640 is pointing into the stack for thread: 0x000001b816493840
R15=0x000001b816493840 is a thread

Top of Stack: (sp=0x000000a1550ff588)
0x000000a1550ff588:   000001b827e4cfc7 0000000000000001
0x000000a1550ff598:   000001b827e4ccb3 000001b87a54a650
0x000000a1550ff5a8:   000001b87a1c4708 000000a1550ff628
0x000000a1550ff5b8:   000001b827e489b6 000001b827e4cc5b
0x000000a1550ff5c8:   fffffffffffffff7 000001b87a54a650
0x000000a1550ff5d8:   0000000000000006 000001b87a557d68
0x000000a1550ff5e8:   0000000000000000 000000071425b880
0x000000a1550ff5f8:   000001b87a54a650 0000000000000000
0x000000a1550ff608:   000000a1550ff630 000000a1550ff690
0x000000a1550ff618:   000001b827e488c0 000000071425b880
0x000000a1550ff628:   000001b827e4a517 000001b83872ecfc
0x000000a1550ff638:   0000000000000000 0000000000000001
0x000000a1550ff648:   fffffffffffffff7 000001b87a54a7d4
0x000000a1550ff658:   0000000000000006 000001b87a557d68
0x000000a1550ff668:   0000000000000000 000000071425b880
0x000000a1550ff678:   000001b87a54a840 fffffffffffffff4
0x000000a1550ff688:   000000a1550ff6c8 000000a1550ff710
0x000000a1550ff698:   000001b827e48a08 0000000000000000
0x000000a1550ff6a8:   0000000000000000 0000000714264470
0x000000a1550ff6b8:   0000000000010000 00000007147136e0
0x000000a1550ff6c8:   fffffffffffffff7 000001b87a518898
0x000000a1550ff6d8:   0000000000000001 000001b87a5420d8
0x000000a1550ff6e8:   0000000000000000 00000007145e2e80
0x000000a1550ff6f8:   000001b87a5188b0 fffffffffffffff7
0x000000a1550ff708:   000000a1550ff720 000000a1550ff768
0x000000a1550ff718:   000001b827e48a08 fffffffffffffff7
0x000000a1550ff728:   000001b87a4093ea 0000000000000009
0x000000a1550ff738:   000001b87a40a340 0000000000000000
0x000000a1550ff748:   00000007148413c8 000001b87a4094c8
0x000000a1550ff758:   fffffffffffffff7 000000a1550ff7a8
0x000000a1550ff768:   000000a1550ff808 000001b827e48a08
0x000000a1550ff778:   00000000ff000000 0000000000000100 

Instructions: (pc=0x00007ff85546c75d)
0x00007ff85546c65d:   cc cc cc 48 8b 01 41 0f b6 c8 48 8b 50 18 48 ff
0x00007ff85546c66d:   a2 d0 01 00 00 cc cc cc cc cc cc cc cc cc cc cc
0x00007ff85546c67d:   cc cc cc 48 8b 01 0f 28 cb 0f 28 c2 48 8b 48 18
0x00007ff85546c68d:   48 ff a1 d8 01 00 00 cc cc cc cc cc cc cc cc cc
0x00007ff85546c69d:   cc cc cc 48 8b 01 45 8b d8 44 8b 44 24 28 41 8b
0x00007ff85546c6ad:   d1 41 8b cb 4c 8b 50 18 49 ff a2 e8 01 00 00 cc
0x00007ff85546c6bd:   cc cc cc 48 8b 01 41 8b c8 48 8b 50 18 48 ff a2
0x00007ff85546c6cd:   f0 01 00 00 cc cc cc cc cc cc cc cc cc cc cc cc
0x00007ff85546c6dd:   cc cc cc 40 53 48 8b 01 41 8b d8 44 8b 44 24 30
0x00007ff85546c6ed:   41 8b d1 4c 8b 4c 24 38 8b cb 4c 8b 50 18 5b 49
0x00007ff85546c6fd:   ff a2 f8 01 00 00 cc cc cc cc cc cc cc cc cc cc
0x00007ff85546c70d:   cc cc cc 48 8b 01 48 8b 48 18 48 ff a1 98 02 00
0x00007ff85546c71d:   00 cc cc 48 8b 01 48 8b 48 18 48 ff a1 a0 02 00
0x00007ff85546c72d:   00 cc cc 48 8b 01 41 8b c8 48 8b 50 18 48 ff a2
0x00007ff85546c73d:   c8 02 00 00 cc cc cc cc cc cc cc cc cc cc cc cc
0x00007ff85546c74d:   cc cc cc 48 8b 01 49 8b d1 41 8b c8 4c 8b 50 18
0x00007ff85546c75d:   49 ff a2 d8 02 00 00 cc cc cc cc cc cc cc cc cc
0x00007ff85546c76d:   cc cc cc 48 8b 01 49 8b d1 41 8b c8 4c 8b 50 18
0x00007ff85546c77d:   49 ff a2 e0 02 00 00 cc cc cc cc cc cc cc cc cc
0x00007ff85546c78d:   cc cc cc 48 8b 01 49 8b d1 41 8b c8 4c 8b 50 18
0x00007ff85546c79d:   49 ff a2 f0 02 00 00 cc cc cc cc cc cc cc cc cc
0x00007ff85546c7ad:   cc cc cc 48 8b 01 49 8b d1 41 8b c8 4c 8b 50 18
0x00007ff85546c7bd:   49 ff a2 f8 02 00 00 cc cc cc cc cc cc cc cc cc
0x00007ff85546c7cd:   cc cc cc 48 8b 01 49 8b d1 41 8b c8 4c 8b 50 18
0x00007ff85546c7dd:   49 ff a2 00 03 00 00 cc cc cc cc cc cc cc cc cc
0x00007ff85546c7ed:   cc cc cc 48 8b 01 49 8b d1 41 8b c8 4c 8b 50 18
0x00007ff85546c7fd:   49 ff a2 08 03 00 00 cc cc cc cc cc cc cc cc cc
0x00007ff85546c80d:   cc cc cc 48 8b 01 48 8b 48 18 48 8b 81 10 03 00
0x00007ff85546c81d:   00 48 ff e0 cc cc cc cc cc cc cc cc cc cc cc cc
0x00007ff85546c82d:   cc cc cc 48 8b 01 49 8b d1 41 8b c8 4c 8b 50 18
0x00007ff85546c83d:   49 ff a2 68 03 00 00 cc cc cc cc cc cc cc cc cc
0x00007ff85546c84d:   cc cc cc 48 8b 01 48 8b 48 18 48 8b 81 78 03 00 


Stack slot to memory mapping:

stack at sp + 0 slots: 0x000001b827e4cfc7 is at code_begin+1063 in an Interpreter codelet
native method entry point (kind = native)  [0x000001b827e4cba0, 0x000001b827e4d6c0]  2848 bytes
stack at sp + 1 slots: 0x0000000000000001 is an unknown value
stack at sp + 2 slots: 0x000001b827e4ccb3 is at code_begin+275 in an Interpreter codelet
native method entry point (kind = native)  [0x000001b827e4cba0, 0x000001b827e4d6c0]  2848 bytes
stack at sp + 3 slots: {method} {0x000001b87a54a658} 'nglGenTextures' '(IJ)V' in 'org/lwjgl/opengl/GL11C'
stack at sp + 4 slots: 0x000001b87a1c4708 is pointing into metadata
stack at sp + 5 slots: 0x000000a1550ff628 is pointing into the stack for thread: 0x000001b816493840
stack at sp + 6 slots: 0x000001b827e489b6 is at code_begin+1526 in an Interpreter codelet
return entry points  [0x000001b827e483c0, 0x000001b827e49050]  3216 bytes
stack at sp + 7 slots: 0x000001b827e4cc5b is at code_begin+187 in an Interpreter codelet
native method entry point (kind = native)  [0x000001b827e4cba0, 0x000001b827e4d6c0]  2848 bytes


---------------  P R O C E S S  ---------------

Threads class SMR info:
_java_thread_list=0x000001b838d99870, length=17, elements={
0x000001b816493840, 0x000001b8380aba90, 0x000001b8380acb60, 0x000001b8380b0eb0,
0x000001b8380b4500, 0x000001b8380bed40, 0x000001b8380c0390, 0x000001b8380c27f0,
0x000001b8380c68f0, 0x000001b838318ed0, 0x000001b8383200a0, 0x000001b838329130,
0x000001b838331ae0, 0x000001b8383550b0, 0x000001b8385054a0, 0x000001b838505b10,
0x000001b838d9b700
}

Java Threads: ( => current thread )
=>0x000001b816493840 JavaThread "main"                              [_thread_in_native, id=22136, stack(0x000000a155000000,0x000000a155100000) (1024K)]
  0x000001b8380aba90 JavaThread "Reference Handler"          daemon [_thread_blocked, id=23456, stack(0x000000a155800000,0x000000a155900000) (1024K)]
  0x000001b8380acb60 JavaThread "Finalizer"                  daemon [_thread_blocked, id=6220, stack(0x000000a155900000,0x000000a155a00000) (1024K)]
  0x000001b8380b0eb0 JavaThread "Signal Dispatcher"          daemon [_thread_blocked, id=13784, stack(0x000000a155a00000,0x000000a155b00000) (1024K)]
  0x000001b8380b4500 JavaThread "Attach Listener"            daemon [_thread_blocked, id=15644, stack(0x000000a155b00000,0x000000a155c00000) (1024K)]
  0x000001b8380bed40 JavaThread "Service Thread"             daemon [_thread_blocked, id=13284, stack(0x000000a155c00000,0x000000a155d00000) (1024K)]
  0x000001b8380c0390 JavaThread "Monitor Deflation Thread"   daemon [_thread_blocked, id=12020, stack(0x000000a155d00000,0x000000a155e00000) (1024K)]
  0x000001b8380c27f0 JavaThread "C2 CompilerThread0"         daemon [_thread_blocked, id=5028, stack(0x000000a155e00000,0x000000a155f00000) (1024K)]
  0x000001b8380c68f0 JavaThread "C1 CompilerThread0"         daemon [_thread_blocked, id=19032, stack(0x000000a155f00000,0x000000a156000000) (1024K)]
  0x000001b838318ed0 JavaThread "Common-Cleaner"             daemon [_thread_blocked, id=21516, stack(0x000000a156000000,0x000000a156100000) (1024K)]
  0x000001b8383200a0 JavaThread "C1 CompilerThread1"         daemon [_thread_blocked, id=22244, stack(0x000000a156100000,0x000000a156200000) (1024K)]
  0x000001b838329130 JavaThread "C1 CompilerThread2"         daemon [_thread_blocked, id=5760, stack(0x000000a156200000,0x000000a156300000) (1024K)]
  0x000001b838331ae0 JavaThread "C1 CompilerThread3"         daemon [_thread_blocked, id=26604, stack(0x000000a156300000,0x000000a156400000) (1024K)]
  0x000001b8383550b0 JavaThread "C2 CompilerThread1"         daemon [_thread_blocked, id=23288, stack(0x000000a156400000,0x000000a156500000) (1024K)]
  0x000001b8385054a0 JavaThread "Monitor Ctrl-Break"         daemon [_thread_in_native, id=8660, stack(0x000000a156500000,0x000000a156600000) (1024K)]
  0x000001b838505b10 JavaThread "Notification Thread"        daemon [_thread_blocked, id=19692, stack(0x000000a156600000,0x000000a156700000) (1024K)]
  0x000001b838d9b700 JavaThread "Java2D Disposer"            daemon [_thread_blocked, id=1636, stack(0x000000a156f00000,0x000000a157000000) (1024K)]
Total: 17

Other Threads:
  0x000001b8380910f0 VMThread "VM Thread"                           [id=6668, stack(0x000000a155700000,0x000000a155800000) (1024K)]
  0x000001b838075060 WatcherThread "VM Periodic Task Thread"        [id=7320, stack(0x000000a155600000,0x000000a155700000) (1024K)]
  0x000001b81655de50 WorkerThread "GC Thread#0"                     [id=26188, stack(0x000000a155100000,0x000000a155200000) (1024K)]
  0x000001b818722170 ConcurrentGCThread "G1 Main Marker"            [id=11036, stack(0x000000a155200000,0x000000a155300000) (1024K)]
  0x000001b818722f50 WorkerThread "G1 Conc#0"                       [id=22912, stack(0x000000a155300000,0x000000a155400000) (1024K)]
  0x000001b837f46e60 ConcurrentGCThread "G1 Refine#0"               [id=23168, stack(0x000000a155400000,0x000000a155500000) (1024K)]
  0x000001b837f499f0 ConcurrentGCThread "G1 Service"                [id=25440, stack(0x000000a155500000,0x000000a155600000) (1024K)]
Total: 7

Threads with active compile tasks:
Total: 0

VM state: not at safepoint (normal execution)

VM Mutex/Monitor currently owned by a thread: None

Heap address: 0x0000000705200000, size: 4014 MB, Compressed Oops mode: Zero based, Oop shift amount: 3

CDS archive(s) mapped at: [0x000001b839000000-0x000001b839c50000-0x000001b839c50000), size 12910592, SharedBaseAddress: 0x000001b839000000, ArchiveRelocationMode: 1.
Compressed class space mapped at: 0x000001b83a000000-0x000001b87a000000, reserved size: 1073741824
Narrow klass base: 0x000001b839000000, Narrow klass shift: 0, Narrow klass range: 0x41000000

GC Precious Log:
 CardTable entry size: 512
 Card Set container configuration: InlinePtr #cards 4 size 8 Array Of Cards #cards 16 size 48 Howl #buckets 8 coarsen threshold 3686 Howl Bitmap #cards 512 size 80 coarsen threshold 460 Card regions per heap region 1 cards per card region 4096
 CPUs: 16 total, 16 available
 Memory: 16055M
 Large Page Support: Disabled
 NUMA Support: Disabled
 Compressed Oops: Enabled (Zero based)
 Heap Region Size: 2M
 Heap Min Capacity: 8M
 Heap Initial Capacity: 252M
 Heap Max Capacity: 4014M
 Pre-touch: Disabled
 Parallel Workers: 13
 Concurrent Workers: 3
 Concurrent Refinement Workers: 13
 Periodic GC: Disabled

Heap:
 garbage-first heap   total reserved 4110336K, committed 258048K, used 8192K [0x0000000705200000, 0x0000000800000000)
  region size 2048K, 6 young (12288K), 0 survivors (0K)
 Metaspace       used 4802K, committed 5056K, reserved 1114112K
  class space    used 383K, committed 512K, reserved 1048576K

Heap Regions: E=young(eden), S=young(survivor), O=old, HS=humongous(starts), HC=humongous(continues), CS=collection set, F=free, TAMS=top-at-mark-start, PB=parsable bottom
|   0|0x0000000705200000, 0x0000000705200000, 0x0000000705400000|  0%| F|  |TAMS 0x0000000705200000| PB 0x0000000705200000| Untracked |  0
|   1|0x0000000705400000, 0x0000000705400000, 0x0000000705600000|  0%| F|  |TAMS 0x0000000705400000| PB 0x0000000705400000| Untracked |  0
|   2|0x0000000705600000, 0x0000000705600000, 0x0000000705800000|  0%| F|  |TAMS 0x0000000705600000| PB 0x0000000705600000| Untracked |  0
|   3|0x0000000705800000, 0x0000000705800000, 0x0000000705a00000|  0%| F|  |TAMS 0x0000000705800000| PB 0x0000000705800000| Untracked |  0
|   4|0x0000000705a00000, 0x0000000705a00000, 0x0000000705c00000|  0%| F|  |TAMS 0x0000000705a00000| PB 0x0000000705a00000| Untracked |  0
|   5|0x0000000705c00000, 0x0000000705c00000, 0x0000000705e00000|  0%| F|  |TAMS 0x0000000705c00000| PB 0x0000000705c00000| Untracked |  0
|   6|0x0000000705e00000, 0x0000000705e00000, 0x0000000706000000|  0%| F|  |TAMS 0x0000000705e00000| PB 0x0000000705e00000| Untracked |  0
|   7|0x0000000706000000, 0x0000000706000000, 0x0000000706200000|  0%| F|  |TAMS 0x0000000706000000| PB 0x0000000706000000| Untracked |  0
|   8|0x0000000706200000, 0x0000000706200000, 0x0000000706400000|  0%| F|  |TAMS 0x0000000706200000| PB 0x0000000706200000| Untracked |  0
|   9|0x0000000706400000, 0x0000000706400000, 0x0000000706600000|  0%| F|  |TAMS 0x0000000706400000| PB 0x0000000706400000| Untracked |  0
|  10|0x0000000706600000, 0x0000000706600000, 0x0000000706800000|  0%| F|  |TAMS 0x0000000706600000| PB 0x0000000706600000| Untracked |  0
|  11|0x0000000706800000, 0x0000000706800000, 0x0000000706a00000|  0%| F|  |TAMS 0x0000000706800000| PB 0x0000000706800000| Untracked |  0
|  12|0x0000000706a00000, 0x0000000706a00000, 0x0000000706c00000|  0%| F|  |TAMS 0x0000000706a00000| PB 0x0000000706a00000| Untracked |  0
|  13|0x0000000706c00000, 0x0000000706c00000, 0x0000000706e00000|  0%| F|  |TAMS 0x0000000706c00000| PB 0x0000000706c00000| Untracked |  0
|  14|0x0000000706e00000, 0x0000000706e00000, 0x0000000707000000|  0%| F|  |TAMS 0x0000000706e00000| PB 0x0000000706e00000| Untracked |  0
|  15|0x0000000707000000, 0x0000000707000000, 0x0000000707200000|  0%| F|  |TAMS 0x0000000707000000| PB 0x0000000707000000| Untracked |  0
|  16|0x0000000707200000, 0x0000000707200000, 0x0000000707400000|  0%| F|  |TAMS 0x0000000707200000| PB 0x0000000707200000| Untracked |  0
|  17|0x0000000707400000, 0x0000000707400000, 0x0000000707600000|  0%| F|  |TAMS 0x0000000707400000| PB 0x0000000707400000| Untracked |  0
|  18|0x0000000707600000, 0x0000000707600000, 0x0000000707800000|  0%| F|  |TAMS 0x0000000707600000| PB 0x0000000707600000| Untracked |  0
|  19|0x0000000707800000, 0x0000000707800000, 0x0000000707a00000|  0%| F|  |TAMS 0x0000000707800000| PB 0x0000000707800000| Untracked |  0
|  20|0x0000000707a00000, 0x0000000707a00000, 0x0000000707c00000|  0%| F|  |TAMS 0x0000000707a00000| PB 0x0000000707a00000| Untracked |  0
|  21|0x0000000707c00000, 0x0000000707c00000, 0x0000000707e00000|  0%| F|  |TAMS 0x0000000707c00000| PB 0x0000000707c00000| Untracked |  0
|  22|0x0000000707e00000, 0x0000000707e00000, 0x0000000708000000|  0%| F|  |TAMS 0x0000000707e00000| PB 0x0000000707e00000| Untracked |  0
|  23|0x0000000708000000, 0x0000000708000000, 0x0000000708200000|  0%| F|  |TAMS 0x0000000708000000| PB 0x0000000708000000| Untracked |  0
|  24|0x0000000708200000, 0x0000000708200000, 0x0000000708400000|  0%| F|  |TAMS 0x0000000708200000| PB 0x0000000708200000| Untracked |  0
|  25|0x0000000708400000, 0x0000000708400000, 0x0000000708600000|  0%| F|  |TAMS 0x0000000708400000| PB 0x0000000708400000| Untracked |  0
|  26|0x0000000708600000, 0x0000000708600000, 0x0000000708800000|  0%| F|  |TAMS 0x0000000708600000| PB 0x0000000708600000| Untracked |  0
|  27|0x0000000708800000, 0x0000000708800000, 0x0000000708a00000|  0%| F|  |TAMS 0x0000000708800000| PB 0x0000000708800000| Untracked |  0
|  28|0x0000000708a00000, 0x0000000708a00000, 0x0000000708c00000|  0%| F|  |TAMS 0x0000000708a00000| PB 0x0000000708a00000| Untracked |  0
|  29|0x0000000708c00000, 0x0000000708c00000, 0x0000000708e00000|  0%| F|  |TAMS 0x0000000708c00000| PB 0x0000000708c00000| Untracked |  0
|  30|0x0000000708e00000, 0x0000000708e00000, 0x0000000709000000|  0%| F|  |TAMS 0x0000000708e00000| PB 0x0000000708e00000| Untracked |  0
|  31|0x0000000709000000, 0x0000000709000000, 0x0000000709200000|  0%| F|  |TAMS 0x0000000709000000| PB 0x0000000709000000| Untracked |  0
|  32|0x0000000709200000, 0x0000000709200000, 0x0000000709400000|  0%| F|  |TAMS 0x0000000709200000| PB 0x0000000709200000| Untracked |  0
|  33|0x0000000709400000, 0x0000000709400000, 0x0000000709600000|  0%| F|  |TAMS 0x0000000709400000| PB 0x0000000709400000| Untracked |  0
|  34|0x0000000709600000, 0x0000000709600000, 0x0000000709800000|  0%| F|  |TAMS 0x0000000709600000| PB 0x0000000709600000| Untracked |  0
|  35|0x0000000709800000, 0x0000000709800000, 0x0000000709a00000|  0%| F|  |TAMS 0x0000000709800000| PB 0x0000000709800000| Untracked |  0
|  36|0x0000000709a00000, 0x0000000709a00000, 0x0000000709c00000|  0%| F|  |TAMS 0x0000000709a00000| PB 0x0000000709a00000| Untracked |  0
|  37|0x0000000709c00000, 0x0000000709c00000, 0x0000000709e00000|  0%| F|  |TAMS 0x0000000709c00000| PB 0x0000000709c00000| Untracked |  0
|  38|0x0000000709e00000, 0x0000000709e00000, 0x000000070a000000|  0%| F|  |TAMS 0x0000000709e00000| PB 0x0000000709e00000| Untracked |  0
|  39|0x000000070a000000, 0x000000070a000000, 0x000000070a200000|  0%| F|  |TAMS 0x000000070a000000| PB 0x000000070a000000| Untracked |  0
|  40|0x000000070a200000, 0x000000070a200000, 0x000000070a400000|  0%| F|  |TAMS 0x000000070a200000| PB 0x000000070a200000| Untracked |  0
|  41|0x000000070a400000, 0x000000070a400000, 0x000000070a600000|  0%| F|  |TAMS 0x000000070a400000| PB 0x000000070a400000| Untracked |  0
|  42|0x000000070a600000, 0x000000070a600000, 0x000000070a800000|  0%| F|  |TAMS 0x000000070a600000| PB 0x000000070a600000| Untracked |  0
|  43|0x000000070a800000, 0x000000070a800000, 0x000000070aa00000|  0%| F|  |TAMS 0x000000070a800000| PB 0x000000070a800000| Untracked |  0
|  44|0x000000070aa00000, 0x000000070aa00000, 0x000000070ac00000|  0%| F|  |TAMS 0x000000070aa00000| PB 0x000000070aa00000| Untracked |  0
|  45|0x000000070ac00000, 0x000000070ac00000, 0x000000070ae00000|  0%| F|  |TAMS 0x000000070ac00000| PB 0x000000070ac00000| Untracked |  0
|  46|0x000000070ae00000, 0x000000070ae00000, 0x000000070b000000|  0%| F|  |TAMS 0x000000070ae00000| PB 0x000000070ae00000| Untracked |  0
|  47|0x000000070b000000, 0x000000070b000000, 0x000000070b200000|  0%| F|  |TAMS 0x000000070b000000| PB 0x000000070b000000| Untracked |  0
|  48|0x000000070b200000, 0x000000070b200000, 0x000000070b400000|  0%| F|  |TAMS 0x000000070b200000| PB 0x000000070b200000| Untracked |  0
|  49|0x000000070b400000, 0x000000070b400000, 0x000000070b600000|  0%| F|  |TAMS 0x000000070b400000| PB 0x000000070b400000| Untracked |  0
|  50|0x000000070b600000, 0x000000070b600000, 0x000000070b800000|  0%| F|  |TAMS 0x000000070b600000| PB 0x000000070b600000| Untracked |  0
|  51|0x000000070b800000, 0x000000070b800000, 0x000000070ba00000|  0%| F|  |TAMS 0x000000070b800000| PB 0x000000070b800000| Untracked |  0
|  52|0x000000070ba00000, 0x000000070ba00000, 0x000000070bc00000|  0%| F|  |TAMS 0x000000070ba00000| PB 0x000000070ba00000| Untracked |  0
|  53|0x000000070bc00000, 0x000000070bc00000, 0x000000070be00000|  0%| F|  |TAMS 0x000000070bc00000| PB 0x000000070bc00000| Untracked |  0
|  54|0x000000070be00000, 0x000000070be00000, 0x000000070c000000|  0%| F|  |TAMS 0x000000070be00000| PB 0x000000070be00000| Untracked |  0
|  55|0x000000070c000000, 0x000000070c000000, 0x000000070c200000|  0%| F|  |TAMS 0x000000070c000000| PB 0x000000070c000000| Untracked |  0
|  56|0x000000070c200000, 0x000000070c200000, 0x000000070c400000|  0%| F|  |TAMS 0x000000070c200000| PB 0x000000070c200000| Untracked |  0
|  57|0x000000070c400000, 0x000000070c400000, 0x000000070c600000|  0%| F|  |TAMS 0x000000070c400000| PB 0x000000070c400000| Untracked |  0
|  58|0x000000070c600000, 0x000000070c600000, 0x000000070c800000|  0%| F|  |TAMS 0x000000070c600000| PB 0x000000070c600000| Untracked |  0
|  59|0x000000070c800000, 0x000000070c800000, 0x000000070ca00000|  0%| F|  |TAMS 0x000000070c800000| PB 0x000000070c800000| Untracked |  0
|  60|0x000000070ca00000, 0x000000070ca00000, 0x000000070cc00000|  0%| F|  |TAMS 0x000000070ca00000| PB 0x000000070ca00000| Untracked |  0
|  61|0x000000070cc00000, 0x000000070cc00000, 0x000000070ce00000|  0%| F|  |TAMS 0x000000070cc00000| PB 0x000000070cc00000| Untracked |  0
|  62|0x000000070ce00000, 0x000000070ce00000, 0x000000070d000000|  0%| F|  |TAMS 0x000000070ce00000| PB 0x000000070ce00000| Untracked |  0
|  63|0x000000070d000000, 0x000000070d000000, 0x000000070d200000|  0%| F|  |TAMS 0x000000070d000000| PB 0x000000070d000000| Untracked |  0
|  64|0x000000070d200000, 0x000000070d200000, 0x000000070d400000|  0%| F|  |TAMS 0x000000070d200000| PB 0x000000070d200000| Untracked |  0
|  65|0x000000070d400000, 0x000000070d400000, 0x000000070d600000|  0%| F|  |TAMS 0x000000070d400000| PB 0x000000070d400000| Untracked |  0
|  66|0x000000070d600000, 0x000000070d600000, 0x000000070d800000|  0%| F|  |TAMS 0x000000070d600000| PB 0x000000070d600000| Untracked |  0
|  67|0x000000070d800000, 0x000000070d800000, 0x000000070da00000|  0%| F|  |TAMS 0x000000070d800000| PB 0x000000070d800000| Untracked |  0
|  68|0x000000070da00000, 0x000000070da00000, 0x000000070dc00000|  0%| F|  |TAMS 0x000000070da00000| PB 0x000000070da00000| Untracked |  0
|  69|0x000000070dc00000, 0x000000070dc00000, 0x000000070de00000|  0%| F|  |TAMS 0x000000070dc00000| PB 0x000000070dc00000| Untracked |  0
|  70|0x000000070de00000, 0x000000070de00000, 0x000000070e000000|  0%| F|  |TAMS 0x000000070de00000| PB 0x000000070de00000| Untracked |  0
|  71|0x000000070e000000, 0x000000070e000000, 0x000000070e200000|  0%| F|  |TAMS 0x000000070e000000| PB 0x000000070e000000| Untracked |  0
|  72|0x000000070e200000, 0x000000070e200000, 0x000000070e400000|  0%| F|  |TAMS 0x000000070e200000| PB 0x000000070e200000| Untracked |  0
|  73|0x000000070e400000, 0x000000070e400000, 0x000000070e600000|  0%| F|  |TAMS 0x000000070e400000| PB 0x000000070e400000| Untracked |  0
|  74|0x000000070e600000, 0x000000070e600000, 0x000000070e800000|  0%| F|  |TAMS 0x000000070e600000| PB 0x000000070e600000| Untracked |  0
|  75|0x000000070e800000, 0x000000070e800000, 0x000000070ea00000|  0%| F|  |TAMS 0x000000070e800000| PB 0x000000070e800000| Untracked |  0
|  76|0x000000070ea00000, 0x000000070ea00000, 0x000000070ec00000|  0%| F|  |TAMS 0x000000070ea00000| PB 0x000000070ea00000| Untracked |  0
|  77|0x000000070ec00000, 0x000000070ec00000, 0x000000070ee00000|  0%| F|  |TAMS 0x000000070ec00000| PB 0x000000070ec00000| Untracked |  0
|  78|0x000000070ee00000, 0x000000070ee00000, 0x000000070f000000|  0%| F|  |TAMS 0x000000070ee00000| PB 0x000000070ee00000| Untracked |  0
|  79|0x000000070f000000, 0x000000070f000000, 0x000000070f200000|  0%| F|  |TAMS 0x000000070f000000| PB 0x000000070f000000| Untracked |  0
|  80|0x000000070f200000, 0x000000070f200000, 0x000000070f400000|  0%| F|  |TAMS 0x000000070f200000| PB 0x000000070f200000| Untracked |  0
|  81|0x000000070f400000, 0x000000070f400000, 0x000000070f600000|  0%| F|  |TAMS 0x000000070f400000| PB 0x000000070f400000| Untracked |  0
|  82|0x000000070f600000, 0x000000070f600000, 0x000000070f800000|  0%| F|  |TAMS 0x000000070f600000| PB 0x000000070f600000| Untracked |  0
|  83|0x000000070f800000, 0x000000070f800000, 0x000000070fa00000|  0%| F|  |TAMS 0x000000070f800000| PB 0x000000070f800000| Untracked |  0
|  84|0x000000070fa00000, 0x000000070fa00000, 0x000000070fc00000|  0%| F|  |TAMS 0x000000070fa00000| PB 0x000000070fa00000| Untracked |  0
|  85|0x000000070fc00000, 0x000000070fc00000, 0x000000070fe00000|  0%| F|  |TAMS 0x000000070fc00000| PB 0x000000070fc00000| Untracked |  0
|  86|0x000000070fe00000, 0x000000070fe00000, 0x0000000710000000|  0%| F|  |TAMS 0x000000070fe00000| PB 0x000000070fe00000| Untracked |  0
|  87|0x0000000710000000, 0x0000000710000000, 0x0000000710200000|  0%| F|  |TAMS 0x0000000710000000| PB 0x0000000710000000| Untracked |  0
|  88|0x0000000710200000, 0x0000000710200000, 0x0000000710400000|  0%| F|  |TAMS 0x0000000710200000| PB 0x0000000710200000| Untracked |  0
|  89|0x0000000710400000, 0x0000000710400000, 0x0000000710600000|  0%| F|  |TAMS 0x0000000710400000| PB 0x0000000710400000| Untracked |  0
|  90|0x0000000710600000, 0x0000000710600000, 0x0000000710800000|  0%| F|  |TAMS 0x0000000710600000| PB 0x0000000710600000| Untracked |  0
|  91|0x0000000710800000, 0x0000000710800000, 0x0000000710a00000|  0%| F|  |TAMS 0x0000000710800000| PB 0x0000000710800000| Untracked |  0
|  92|0x0000000710a00000, 0x0000000710a00000, 0x0000000710c00000|  0%| F|  |TAMS 0x0000000710a00000| PB 0x0000000710a00000| Untracked |  0
|  93|0x0000000710c00000, 0x0000000710c00000, 0x0000000710e00000|  0%| F|  |TAMS 0x0000000710c00000| PB 0x0000000710c00000| Untracked |  0
|  94|0x0000000710e00000, 0x0000000710e00000, 0x0000000711000000|  0%| F|  |TAMS 0x0000000710e00000| PB 0x0000000710e00000| Untracked |  0
|  95|0x0000000711000000, 0x0000000711000000, 0x0000000711200000|  0%| F|  |TAMS 0x0000000711000000| PB 0x0000000711000000| Untracked |  0
|  96|0x0000000711200000, 0x0000000711200000, 0x0000000711400000|  0%| F|  |TAMS 0x0000000711200000| PB 0x0000000711200000| Untracked |  0
|  97|0x0000000711400000, 0x0000000711400000, 0x0000000711600000|  0%| F|  |TAMS 0x0000000711400000| PB 0x0000000711400000| Untracked |  0
|  98|0x0000000711600000, 0x0000000711600000, 0x0000000711800000|  0%| F|  |TAMS 0x0000000711600000| PB 0x0000000711600000| Untracked |  0
|  99|0x0000000711800000, 0x0000000711800000, 0x0000000711a00000|  0%| F|  |TAMS 0x0000000711800000| PB 0x0000000711800000| Untracked |  0
| 100|0x0000000711a00000, 0x0000000711a00000, 0x0000000711c00000|  0%| F|  |TAMS 0x0000000711a00000| PB 0x0000000711a00000| Untracked |  0
| 101|0x0000000711c00000, 0x0000000711c00000, 0x0000000711e00000|  0%| F|  |TAMS 0x0000000711c00000| PB 0x0000000711c00000| Untracked |  0
| 102|0x0000000711e00000, 0x0000000711e00000, 0x0000000712000000|  0%| F|  |TAMS 0x0000000711e00000| PB 0x0000000711e00000| Untracked |  0
| 103|0x0000000712000000, 0x0000000712000000, 0x0000000712200000|  0%| F|  |TAMS 0x0000000712000000| PB 0x0000000712000000| Untracked |  0
| 104|0x0000000712200000, 0x0000000712200000, 0x0000000712400000|  0%| F|  |TAMS 0x0000000712200000| PB 0x0000000712200000| Untracked |  0
| 105|0x0000000712400000, 0x0000000712400000, 0x0000000712600000|  0%| F|  |TAMS 0x0000000712400000| PB 0x0000000712400000| Untracked |  0
| 106|0x0000000712600000, 0x0000000712600000, 0x0000000712800000|  0%| F|  |TAMS 0x0000000712600000| PB 0x0000000712600000| Untracked |  0
| 107|0x0000000712800000, 0x0000000712800000, 0x0000000712a00000|  0%| F|  |TAMS 0x0000000712800000| PB 0x0000000712800000| Untracked |  0
| 108|0x0000000712a00000, 0x0000000712a00000, 0x0000000712c00000|  0%| F|  |TAMS 0x0000000712a00000| PB 0x0000000712a00000| Untracked |  0
| 109|0x0000000712c00000, 0x0000000712c00000, 0x0000000712e00000|  0%| F|  |TAMS 0x0000000712c00000| PB 0x0000000712c00000| Untracked |  0
| 110|0x0000000712e00000, 0x0000000712e00000, 0x0000000713000000|  0%| F|  |TAMS 0x0000000712e00000| PB 0x0000000712e00000| Untracked |  0
| 111|0x0000000713000000, 0x0000000713000000, 0x0000000713200000|  0%| F|  |TAMS 0x0000000713000000| PB 0x0000000713000000| Untracked |  0
| 112|0x0000000713200000, 0x0000000713200000, 0x0000000713400000|  0%| F|  |TAMS 0x0000000713200000| PB 0x0000000713200000| Untracked |  0
| 113|0x0000000713400000, 0x0000000713400000, 0x0000000713600000|  0%| F|  |TAMS 0x0000000713400000| PB 0x0000000713400000| Untracked |  0
| 114|0x0000000713600000, 0x0000000713600000, 0x0000000713800000|  0%| F|  |TAMS 0x0000000713600000| PB 0x0000000713600000| Untracked |  0
| 115|0x0000000713800000, 0x0000000713800000, 0x0000000713a00000|  0%| F|  |TAMS 0x0000000713800000| PB 0x0000000713800000| Untracked |  0
| 116|0x0000000713a00000, 0x0000000713a00000, 0x0000000713c00000|  0%| F|  |TAMS 0x0000000713a00000| PB 0x0000000713a00000| Untracked |  0
| 117|0x0000000713c00000, 0x0000000713c00000, 0x0000000713e00000|  0%| F|  |TAMS 0x0000000713c00000| PB 0x0000000713c00000| Untracked |  0
| 118|0x0000000713e00000, 0x0000000713e00000, 0x0000000714000000|  0%| F|  |TAMS 0x0000000713e00000| PB 0x0000000713e00000| Untracked |  0
| 119|0x0000000714000000, 0x0000000714000000, 0x0000000714200000|  0%| F|  |TAMS 0x0000000714000000| PB 0x0000000714000000| Untracked |  0
| 120|0x0000000714200000, 0x00000007142975b0, 0x0000000714400000| 29%| E|  |TAMS 0x0000000714200000| PB 0x0000000714200000| Complete |  0
| 121|0x0000000714400000, 0x0000000714600000, 0x0000000714600000|100%| E|  |TAMS 0x0000000714400000| PB 0x0000000714400000| Complete |  0
| 122|0x0000000714600000, 0x0000000714800000, 0x0000000714800000|100%| E|CS|TAMS 0x0000000714600000| PB 0x0000000714600000| Complete |  0
| 123|0x0000000714800000, 0x0000000714a00000, 0x0000000714a00000|100%| E|CS|TAMS 0x0000000714800000| PB 0x0000000714800000| Complete |  0
| 124|0x0000000714a00000, 0x0000000714c00000, 0x0000000714c00000|100%| E|CS|TAMS 0x0000000714a00000| PB 0x0000000714a00000| Complete |  0
| 125|0x0000000714c00000, 0x0000000714e00000, 0x0000000714e00000|100%| E|CS|TAMS 0x0000000714c00000| PB 0x0000000714c00000| Complete |  0

Card table byte_map: [0x000001b830a60000,0x000001b831240000] _byte_map_base: 0x000001b82d237000

Marking Bits: (CMBitMap*) 0x000001b81655e560
 Bits: [0x000001b831240000, 0x000001b8350f8000)

Polling page: 0x000001b8165e0000

Metaspace:

Usage:
  Non-class:      4.32 MB used.
      Class:    383.34 KB used.
       Both:      4.69 MB used.

Virtual space:
  Non-class space:       64.00 MB reserved,       4.44 MB (  7%) committed,  1 nodes.
      Class space:        1.00 GB reserved,     512.00 KB ( <1%) committed,  1 nodes.
             Both:        1.06 GB reserved,       4.94 MB ( <1%) committed. 

Chunk freelists:
   Non-Class:  10.62 MB
       Class:  15.48 MB
        Both:  26.11 MB

MaxMetaspaceSize: unlimited
CompressedClassSpaceSize: 1.00 GB
Initial GC threshold: 21.00 MB
Current GC threshold: 21.00 MB
CDS: on
 - commit_granule_bytes: 65536.
 - commit_granule_words: 8192.
 - virtual_space_node_default_size: 8388608.
 - enlarge_chunks_in_place: 1.
 - use_allocation_guard: 0.


Internal statistics:

num_allocs_failed_limit: 0.
num_arena_births: 142.
num_arena_deaths: 0.
num_vsnodes_births: 2.
num_vsnodes_deaths: 0.
num_space_committed: 79.
num_space_uncommitted: 0.
num_chunks_returned_to_freelist: 0.
num_chunks_taken_from_freelist: 241.
num_chunk_merges: 0.
num_chunk_splits: 147.
num_chunks_enlarged: 76.
num_inconsistent_stats: 0.

CodeHeap 'non-profiled nmethods': size=119168Kb used=251Kb max_used=251Kb free=118916Kb
 bounds [0x000001b828590000, 0x000001b828800000, 0x000001b82f9f0000]
CodeHeap 'profiled nmethods': size=119104Kb used=1286Kb max_used=1286Kb free=117818Kb
 bounds [0x000001b8209f0000, 0x000001b820c60000, 0x000001b827e40000]
CodeHeap 'non-nmethods': size=7488Kb used=3800Kb max_used=3813Kb free=3688Kb
 bounds [0x000001b827e40000, 0x000001b828200000, 0x000001b828590000]
 total_blobs=1950 nmethods=872 adapters=980
 compilation: enabled
              stopped_count=0, restarted_count=0
 full_count=0

Compilation events (20 events):
Event: 0.306 Thread 0x000001b838329130 nmethod 862 0x000001b820b2d110 code [0x000001b820b2d2c0, 0x000001b820b2d4a0]
Event: 0.306 Thread 0x000001b838329130  864   !   3       sun.nio.ch.ChannelInputStream::read (70 bytes)
Event: 0.306 Thread 0x000001b838331ae0 nmethod 859 0x000001b820b2d590 code [0x000001b820b2d800, 0x000001b820b2e328]
Event: 0.306 Thread 0x000001b8383200a0 nmethod 860 0x000001b820b2e690 code [0x000001b820b2e8c0, 0x000001b820b2f278]
Event: 0.306 Thread 0x000001b838329130 nmethod 864 0x000001b820b2f590 code [0x000001b820b2f7a0, 0x000001b820b2ffa0]
Event: 0.306 Thread 0x000001b8380c68f0 nmethod 863 0x000001b820b30290 code [0x000001b820b304c0, 0x000001b820b30d40]
Event: 0.307 Thread 0x000001b8380c27f0  865   !   4       jdk.internal.misc.ScopedMemoryAccess::getByte (16 bytes)
Event: 0.307 Thread 0x000001b8380c27f0 nmethod 865 0x000001b8285cdb90 code [0x000001b8285cdd20, 0x000001b8285cddf8]
Event: 0.309 Thread 0x000001b8380c27f0  866       4       java.nio.DirectIntBufferU::ix (10 bytes)
Event: 0.309 Thread 0x000001b8380c27f0 nmethod 866 0x000001b8285cdf10 code [0x000001b8285ce080, 0x000001b8285ce110]
Event: 0.309 Thread 0x000001b8380c68f0  867       1       java.lang.NamedPackage::module (5 bytes)
Event: 0.309 Thread 0x000001b8380c68f0 nmethod 867 0x000001b8285ce210 code [0x000001b8285ce3a0, 0x000001b8285ce470]
Event: 0.310 Thread 0x000001b838329130  869       3       sun.misc.Unsafe::putLong (11 bytes)
Event: 0.310 Thread 0x000001b838331ae0  870       3       org.lwjgl.system.MemoryUtil::memPutAddress (29 bytes)
Event: 0.310 Thread 0x000001b8380c27f0  871       4       java.lang.Integer::toUnsignedLong (7 bytes)
Event: 0.310 Thread 0x000001b838329130 nmethod 869 0x000001b820b31010 code [0x000001b820b311a0, 0x000001b820b312b0]
Event: 0.310 Thread 0x000001b838331ae0 nmethod 870 0x000001b820b31390 code [0x000001b820b31540, 0x000001b820b31740]
Event: 0.310 Thread 0x000001b8383550b0  872       4       sun.misc.Unsafe::putLong (11 bytes)
Event: 0.310 Thread 0x000001b8380c27f0 nmethod 871 0x000001b8285ce910 code [0x000001b8285cea80, 0x000001b8285ceae8]
Event: 0.310 Thread 0x000001b8383550b0 nmethod 872 0x000001b8285cec10 code [0x000001b8285ced80, 0x000001b8285cee30]

GC Heap History (0 events):
No events

Dll operation events (13 events):
Event: 0.005 Loaded shared library C:\Users\berna\.jdks\openjdk-22\bin\java.dll
Event: 0.026 Loaded shared library C:\Users\berna\.jdks\openjdk-22\bin\jsvml.dll
Event: 0.051 Loaded shared library C:\Users\berna\.jdks\openjdk-22\bin\zip.dll
Event: 0.053 Loaded shared library C:\Users\berna\.jdks\openjdk-22\bin\instrument.dll
Event: 0.056 Loaded shared library C:\Users\berna\.jdks\openjdk-22\bin\net.dll
Event: 0.057 Loaded shared library C:\Users\berna\.jdks\openjdk-22\bin\nio.dll
Event: 0.060 Loaded shared library C:\Users\berna\.jdks\openjdk-22\bin\zip.dll
Event: 0.072 Loaded shared library C:\Users\berna\AppData\Local\Programs\IntelliJ IDEA Ultimate\bin\breakgen64.dll
Event: 0.078 Loaded shared library C:\Users\berna\.jdks\openjdk-22\bin\extnet.dll
Event: 0.097 Loaded shared library C:\Users\berna\.jdks\openjdk-22\bin\jimage.dll
Event: 0.109 Loaded shared library C:\Users\berna\AppData\Local\Temp\lwjgl_berna\3.3.3+5\x64\lwjgl.dll
Event: 0.264 Loaded shared library C:\Users\berna\.jdks\openjdk-22\bin\awt.dll
Event: 0.307 Loaded shared library C:\Users\berna\AppData\Local\Temp\lwjgl_berna\3.3.3+5\x64\lwjgl_opengl.dll

Deoptimization events (20 events):
Event: 0.128 Thread 0x000001b816493840 DEOPT PACKING pc=0x000001b82859ef70 sp=0x000000a1550fbdf0
Event: 0.128 Thread 0x000001b816493840 DEOPT UNPACKING pc=0x000001b827e946a2 sp=0x000000a1550fbda0 mode 2
Event: 0.151 Thread 0x000001b816493840 DEOPT PACKING pc=0x000001b820a2027c sp=0x000000a1550fdc30
Event: 0.151 Thread 0x000001b816493840 DEOPT UNPACKING pc=0x000001b827e94e42 sp=0x000000a1550fd050 mode 0
Event: 0.284 Thread 0x000001b816493840 Uncommon trap: trap_request=0xffffff45 fr.pc=0x000001b8285b24f0 relative=0x00000000000001b0
Event: 0.284 Thread 0x000001b816493840 Uncommon trap: reason=unstable_if action=reinterpret pc=0x000001b8285b24f0 method=java.lang.invoke.VarHandle.checkAccessModeThenIsDirect(Ljava/lang/invoke/VarHandle$AccessDescriptor;)Z @ 4 c2
Event: 0.284 Thread 0x000001b816493840 DEOPT PACKING pc=0x000001b8285b24f0 sp=0x000000a1550ff260
Event: 0.284 Thread 0x000001b816493840 DEOPT UNPACKING pc=0x000001b827e946a2 sp=0x000000a1550ff198 mode 2
Event: 0.284 Thread 0x000001b816493840 Uncommon trap: trap_request=0xffffff45 fr.pc=0x000001b8285b1ee0 relative=0x00000000000000c0
Event: 0.284 Thread 0x000001b816493840 Uncommon trap: reason=unstable_if action=reinterpret pc=0x000001b8285b1ee0 method=jdk.internal.misc.Unsafe.convEndian(ZI)I @ 4 c2
Event: 0.284 Thread 0x000001b816493840 DEOPT PACKING pc=0x000001b8285b1ee0 sp=0x000000a1550ff1e0
Event: 0.284 Thread 0x000001b816493840 DEOPT UNPACKING pc=0x000001b827e946a2 sp=0x000000a1550ff090 mode 2
Event: 0.284 Thread 0x000001b816493840 Uncommon trap: trap_request=0xffffff45 fr.pc=0x000001b8285b2c2c relative=0x000000000000008c
Event: 0.284 Thread 0x000001b816493840 Uncommon trap: reason=unstable_if action=reinterpret pc=0x000001b8285b2c2c method=jdk.internal.misc.Unsafe.convEndian(ZI)I @ 4 c2
Event: 0.284 Thread 0x000001b816493840 DEOPT PACKING pc=0x000001b8285b2c2c sp=0x000000a1550ff180
Event: 0.284 Thread 0x000001b816493840 DEOPT UNPACKING pc=0x000001b827e946a2 sp=0x000000a1550ff0b0 mode 2
Event: 0.312 Thread 0x000001b816493840 Uncommon trap: trap_request=0xffffff54 fr.pc=0x000001b8285cedf0 relative=0x0000000000000070
Event: 0.312 Thread 0x000001b816493840 Uncommon trap: reason=speculate_null_assert action=make_not_entrant pc=0x000001b8285cedf0 method=sun.misc.Unsafe.putLong(Ljava/lang/Object;JJ)V @ 7 c2
Event: 0.312 Thread 0x000001b816493840 DEOPT PACKING pc=0x000001b8285cedf0 sp=0x000000a1550ff4e0
Event: 0.312 Thread 0x000001b816493840 DEOPT UNPACKING pc=0x000001b827e946a2 sp=0x000000a1550ff458 mode 2

Classes loaded (20 events):
Event: 0.287 Loading class java/awt/ImageCapabilities
Event: 0.287 Loading class java/awt/ImageCapabilities done
Event: 0.287 Loading class java/awt/Image$1
Event: 0.287 Loading class sun/awt/image/SurfaceManager$ImageAccessor
Event: 0.287 Loading class sun/awt/image/SurfaceManager$ImageAccessor done
Event: 0.287 Loading class java/awt/Image$1 done
Event: 0.287 Loading class sun/awt/image/SurfaceManager
Event: 0.287 Loading class sun/awt/image/SurfaceManager done
Event: 0.287 Loading class java/awt/image/BufferedImage$1
Event: 0.287 Loading class java/awt/image/BufferedImage$1 done
Event: 0.287 Loading class sun/awt/image/IntegerComponentRaster
Event: 0.287 Loading class sun/awt/image/IntegerComponentRaster done
Event: 0.287 Loading class java/awt/image/IndexColorModel
Event: 0.287 Loading class java/awt/image/IndexColorModel done
Event: 0.287 Loading class sun/awt/image/ShortComponentRaster
Event: 0.287 Loading class sun/awt/image/ShortComponentRaster done
Event: 0.292 Loading class jdk/internal/foreign/MemorySessionImpl
Event: 0.292 Loading class java/lang/foreign/MemorySegment$Scope
Event: 0.292 Loading class java/lang/foreign/MemorySegment$Scope done
Event: 0.292 Loading class jdk/internal/foreign/MemorySessionImpl done

Classes unloaded (0 events):
No events

Classes redefined (0 events):
No events

Internal exceptions (20 events):
Event: 0.108 Thread 0x000001b816493840 Exception <a 'sun/nio/fs/WindowsException'{0x00000007146512c8}> (0x00000007146512c8) 
thrown [s\open\src\hotspot\share\prims\jni.cpp, line 520]
Event: 0.108 Thread 0x000001b816493840 Exception <a 'sun/nio/fs/WindowsException'{0x00000007146517f8}> (0x00000007146517f8) 
thrown [s\open\src\hotspot\share\prims\jni.cpp, line 520]
Event: 0.145 Thread 0x000001b816493840 Exception <a 'java/lang/NoSuchMethodError'{0x00000007146e2be0}: 'int java.lang.invoke.DirectMethodHandle$Holder.invokeStaticInit(java.lang.Object, java.lang.Object, int, long)'> (0x00000007146e2be0) 
thrown [s\open\src\hotspot\share\interpreter\linkResolver.cpp, line 774]
Event: 0.145 Thread 0x000001b816493840 Exception <a 'java/lang/NoSuchMethodError'{0x00000007146e7ce8}: 'java.lang.Object java.lang.invoke.DirectMethodHandle$Holder.newInvokeSpecial(java.lang.Object, java.lang.Object, int)'> (0x00000007146e7ce8) 
thrown [s\open\src\hotspot\share\interpreter\linkResolver.cpp, line 774]
Event: 0.146 Thread 0x000001b816493840 Exception <a 'java/lang/NoSuchMethodError'{0x00000007146f6528}: 'int java.lang.invoke.DirectMethodHandle$Holder.invokeStaticInit(java.lang.Object, java.lang.Object, long, long)'> (0x00000007146f6528) 
thrown [s\open\src\hotspot\share\interpreter\linkResolver.cpp, line 774]
Event: 0.147 Thread 0x000001b816493840 Exception <a 'java/lang/NoSuchMethodError'{0x00000007146fbfb0}: 'java.lang.Object java.lang.invoke.DirectMethodHandle$Holder.newInvokeSpecial(java.lang.Object, java.lang.Object, long)'> (0x00000007146fbfb0) 
thrown [s\open\src\hotspot\share\interpreter\linkResolver.cpp, line 774]
Event: 0.147 Thread 0x000001b816493840 Exception <a 'java/lang/NoSuchMethodError'{0x00000007146ffe58}: 'java.lang.Object java.lang.invoke.Invokers$Holder.linkToTargetMethod(java.lang.Object, long, java.lang.Object)'> (0x00000007146ffe58) 
thrown [s\open\src\hotspot\share\interpreter\linkResolver.cpp, line 774]
Event: 0.148 Thread 0x000001b816493840 Exception <a 'java/lang/NoSuchMethodError'{0x0000000714707080}: 'int java.lang.invoke.DirectMethodHandle$Holder.invokeStaticInit(java.lang.Object, java.lang.Object, java.lang.Object, long)'> (0x0000000714707080) 
thrown [s\open\src\hotspot\share\interpreter\linkResolver.cpp, line 774]
Event: 0.163 Thread 0x000001b816493840 Exception <a 'sun/nio/fs/WindowsException'{0x00000007147a23a8}> (0x00000007147a23a8) 
thrown [s\open\src\hotspot\share\prims\jni.cpp, line 520]
Event: 0.163 Thread 0x000001b816493840 Exception <a 'sun/nio/fs/WindowsException'{0x00000007147a2708}> (0x00000007147a2708) 
thrown [s\open\src\hotspot\share\prims\jni.cpp, line 520]
Event: 0.168 Thread 0x000001b816493840 Exception <a 'java/lang/NoSuchMethodError'{0x00000007147b76b8}: 'int java.lang.invoke.Invokers$Holder.invokeExact_MT(java.lang.Object, java.lang.Object)'> (0x00000007147b76b8) 
thrown [s\open\src\hotspot\share\interpreter\linkResolver.cpp, line 774]
Event: 0.260 Thread 0x000001b816493840 Exception <a 'java/lang/ClassNotFoundException'{0x0000000714423210}: sun/awt/resources/spi/awtProvider> (0x0000000714423210) 
thrown [s\open\src\hotspot\share\classfile\systemDictionary.cpp, line 313]
Event: 0.269 Thread 0x000001b816493840 Exception <a 'java/io/FileNotFoundException'{0x000000071446a7c8}> (0x000000071446a7c8) 
thrown [s\open\src\hotspot\share\prims\jni.cpp, line 520]
Event: 0.273 Thread 0x000001b816493840 Exception <a 'java/io/FileNotFoundException'{0x0000000714498900}> (0x0000000714498900) 
thrown [s\open\src\hotspot\share\prims\jni.cpp, line 520]
Event: 0.303 Thread 0x000001b816493840 Exception <a 'java/lang/NoSuchMethodError'{0x00000007145f8fa0}: 'void java.lang.System.load(java.lang.String, java.lang.Class)'> (0x00000007145f8fa0) 
thrown [s\open\src\hotspot\share\interpreter\linkResolver.cpp, line 774]
Event: 0.303 Thread 0x000001b816493840 Exception <a 'java/lang/NoSuchMethodError'{0x00000007145fb9f0}: 'void java.lang.System.loadLibrary(java.lang.String, java.lang.Class)'> (0x00000007145fb9f0) 
thrown [s\open\src\hotspot\share\interpreter\linkResolver.cpp, line 774]
Event: 0.306 Thread 0x000001b816493840 Exception <a 'sun/nio/fs/WindowsException'{0x0000000714227548}> (0x0000000714227548) 
thrown [s\open\src\hotspot\share\prims\jni.cpp, line 520]
Event: 0.306 Thread 0x000001b816493840 Exception <a 'sun/nio/fs/WindowsException'{0x00000007142278e8}> (0x00000007142278e8) 
thrown [s\open\src\hotspot\share\prims\jni.cpp, line 520]
Event: 0.309 Thread 0x000001b816493840 Exception <a 'sun/nio/fs/WindowsException'{0x0000000714230050}> (0x0000000714230050) 
thrown [s\open\src\hotspot\share\prims\jni.cpp, line 520]
Event: 0.309 Thread 0x000001b816493840 Exception <a 'sun/nio/fs/WindowsException'{0x0000000714230320}> (0x0000000714230320) 
thrown [s\open\src\hotspot\share\prims\jni.cpp, line 520]

ZGC Phase Switch (0 events):
No events

VM Operations (6 events):
Event: 0.044 Executing VM operation: HandshakeAllThreads (Deoptimize)
Event: 0.044 Executing VM operation: HandshakeAllThreads (Deoptimize) done
Event: 0.256 Executing VM operation: HandshakeAllThreads (Deoptimize)
Event: 0.256 Executing VM operation: HandshakeAllThreads (Deoptimize) done
Event: 0.258 Executing VM operation: HandshakeAllThreads (Deoptimize)
Event: 0.258 Executing VM operation: HandshakeAllThreads (Deoptimize) done

Events (17 events):
Event: 0.016 Thread 0x000001b816493840 Thread added: 0x000001b816493840
Event: 0.025 Thread 0x000001b8380aba90 Thread added: 0x000001b8380aba90
Event: 0.025 Thread 0x000001b8380acb60 Thread added: 0x000001b8380acb60
Event: 0.025 Thread 0x000001b8380b0eb0 Thread added: 0x000001b8380b0eb0
Event: 0.025 Thread 0x000001b8380b4500 Thread added: 0x000001b8380b4500
Event: 0.025 Thread 0x000001b8380bed40 Thread added: 0x000001b8380bed40
Event: 0.025 Thread 0x000001b8380c0390 Thread added: 0x000001b8380c0390
Event: 0.025 Thread 0x000001b8380c27f0 Thread added: 0x000001b8380c27f0
Event: 0.025 Thread 0x000001b8380c68f0 Thread added: 0x000001b8380c68f0
Event: 0.040 Thread 0x000001b838318ed0 Thread added: 0x000001b838318ed0
Event: 0.044 Thread 0x000001b8383200a0 Thread added: 0x000001b8383200a0
Event: 0.044 Thread 0x000001b838329130 Thread added: 0x000001b838329130
Event: 0.045 Thread 0x000001b838331ae0 Thread added: 0x000001b838331ae0
Event: 0.048 Thread 0x000001b8383550b0 Thread added: 0x000001b8383550b0
Event: 0.073 Thread 0x000001b8385054a0 Thread added: 0x000001b8385054a0
Event: 0.073 Thread 0x000001b838505b10 Thread added: 0x000001b838505b10
Event: 0.282 Thread 0x000001b838d9b700 Thread added: 0x000001b838d9b700


Dynamic libraries:
0x00007ff784ff0000 - 0x00007ff784ffe000 	C:\Users\berna\.jdks\openjdk-22\bin\java.exe
0x00007ff885850000 - 0x00007ff885a66000 	C:\Windows\SYSTEM32\ntdll.dll
0x00007ff8842b0000 - 0x00007ff884374000 	C:\Windows\System32\KERNEL32.DLL
0x00007ff882c30000 - 0x00007ff882fd7000 	C:\Windows\System32\KERNELBASE.dll
0x00007ff883050000 - 0x00007ff883161000 	C:\Windows\System32\ucrtbase.dll
0x00007ff87cb10000 - 0x00007ff87cb27000 	C:\Users\berna\.jdks\openjdk-22\bin\jli.dll
0x00007ff879700000 - 0x00007ff87971b000 	C:\Users\berna\.jdks\openjdk-22\bin\VCRUNTIME140.dll
0x00007ff885500000 - 0x00007ff8856ae000 	C:\Windows\System32\USER32.dll
0x00007ff883430000 - 0x00007ff883456000 	C:\Windows\System32\win32u.dll
0x00007ff871e30000 - 0x00007ff8720c3000 	C:\Windows\WinSxS\amd64_microsoft.windows.common-controls_6595b64144ccf1df_6.0.22621.3235_none_270f74e173860f98\COMCTL32.dll
0x00007ff883d00000 - 0x00007ff883d29000 	C:\Windows\System32\GDI32.dll
0x00007ff884730000 - 0x00007ff8847d7000 	C:\Windows\System32\msvcrt.dll
0x00007ff8831a0000 - 0x00007ff8832b9000 	C:\Windows\System32\gdi32full.dll
0x00007ff883460000 - 0x00007ff8834fa000 	C:\Windows\System32\msvcp_win.dll
0x00007ff883b50000 - 0x00007ff883b81000 	C:\Windows\System32\IMM32.DLL
0x00007ff87cb90000 - 0x00007ff87cb9c000 	C:\Users\berna\.jdks\openjdk-22\bin\vcruntime140_1.dll
0x00007ff8751e0000 - 0x00007ff87526e000 	C:\Users\berna\.jdks\openjdk-22\bin\msvcp140.dll
0x00007ff833fb0000 - 0x00007ff834cf8000 	C:\Users\berna\.jdks\openjdk-22\bin\server\jvm.dll
0x00007ff884670000 - 0x00007ff884722000 	C:\Windows\System32\ADVAPI32.dll
0x00007ff8843f0000 - 0x00007ff884498000 	C:\Windows\System32\sechost.dll
0x00007ff883170000 - 0x00007ff883198000 	C:\Windows\System32\bcrypt.dll
0x00007ff884ad0000 - 0x00007ff884be5000 	C:\Windows\System32\RPCRT4.dll
0x00007ff884a30000 - 0x00007ff884aa1000 	C:\Windows\System32\WS2_32.dll
0x00007ff881a10000 - 0x00007ff881a5d000 	C:\Windows\SYSTEM32\POWRPROF.dll
0x00007ff876660000 - 0x00007ff87666a000 	C:\Windows\SYSTEM32\VERSION.dll
0x00007ff879560000 - 0x00007ff879594000 	C:\Windows\SYSTEM32\WINMM.dll
0x00007ff8819f0000 - 0x00007ff881a03000 	C:\Windows\SYSTEM32\UMPDC.dll
0x00007ff881ca0000 - 0x00007ff881cb8000 	C:\Windows\SYSTEM32\kernel.appcore.dll
0x00007ff87cb00000 - 0x00007ff87cb0a000 	C:\Users\berna\.jdks\openjdk-22\bin\jimage.dll
0x00007ff87fee0000 - 0x00007ff880113000 	C:\Windows\SYSTEM32\DBGHELP.DLL
0x00007ff8837c0000 - 0x00007ff883b48000 	C:\Windows\System32\combase.dll
0x00007ff883580000 - 0x00007ff883657000 	C:\Windows\System32\OLEAUT32.dll
0x00007ff876620000 - 0x00007ff876652000 	C:\Windows\SYSTEM32\dbgcore.DLL
0x00007ff883500000 - 0x00007ff883579000 	C:\Windows\System32\bcryptPrimitives.dll
0x00007ff874980000 - 0x00007ff87498f000 	C:\Users\berna\.jdks\openjdk-22\bin\instrument.dll
0x00007ff875960000 - 0x00007ff87597e000 	C:\Users\berna\.jdks\openjdk-22\bin\java.dll
0x00007ff884bf0000 - 0x00007ff88544c000 	C:\Windows\System32\SHELL32.dll
0x00007ff884870000 - 0x00007ff884a15000 	C:\Windows\System32\ole32.dll
0x00007ff880aa0000 - 0x00007ff881399000 	C:\Windows\SYSTEM32\windows.storage.dll
0x00007ff880960000 - 0x00007ff880a9e000 	C:\Windows\SYSTEM32\wintypes.dll
0x00007ff883b90000 - 0x00007ff883c83000 	C:\Windows\System32\SHCORE.dll
0x00007ff883700000 - 0x00007ff88375e000 	C:\Windows\System32\shlwapi.dll
0x00007ff882aa0000 - 0x00007ff882ac1000 	C:\Windows\SYSTEM32\profapi.dll
0x00007ff83b7d0000 - 0x00007ff83b8a7000 	C:\Users\berna\.jdks\openjdk-22\bin\jsvml.dll
0x00007ff875920000 - 0x00007ff875937000 	C:\Users\berna\.jdks\openjdk-22\bin\zip.dll
0x00007ff8796f0000 - 0x00007ff879700000 	C:\Users\berna\.jdks\openjdk-22\bin\net.dll
0x00007ff882110000 - 0x00007ff882179000 	C:\Windows\system32\mswsock.dll
0x00007ff875940000 - 0x00007ff875956000 	C:\Users\berna\.jdks\openjdk-22\bin\nio.dll
0x00007ff874870000 - 0x00007ff87488a000 	C:\Users\berna\AppData\Local\Programs\IntelliJ IDEA Ultimate\bin\breakgen64.dll
0x00007ff875910000 - 0x00007ff875919000 	C:\Users\berna\.jdks\openjdk-22\bin\extnet.dll
0x00007ff8572e0000 - 0x00007ff85735b000 	C:\Users\berna\AppData\Local\Temp\lwjgl_berna\3.3.3+5\x64\lwjgl.dll
0x00007ff855ce0000 - 0x00007ff855d62000 	C:\Users\berna\AppData\Local\Temp\lwjgl_berna\3.3.3+5\x64\glfw.dll
0x00007ff874720000 - 0x00007ff874766000 	C:\Windows\SYSTEM32\dinput8.dll
0x00007ff8731e0000 - 0x00007ff8731f1000 	C:\Windows\SYSTEM32\xinput1_4.dll
0x00007ff882880000 - 0x00007ff8828ac000 	C:\Windows\SYSTEM32\DEVOBJ.dll
0x00007ff882830000 - 0x00007ff88287e000 	C:\Windows\SYSTEM32\cfgmgr32.dll
0x00007ff880120000 - 0x00007ff88014b000 	C:\Windows\SYSTEM32\dwmapi.dll
0x00007ff85a1a0000 - 0x00007ff85a3aa000 	C:\Windows\SYSTEM32\inputhost.dll
0x00007ff87f630000 - 0x00007ff87f764000 	C:\Windows\SYSTEM32\CoreMessaging.dll
0x00007ff87fba0000 - 0x00007ff87fc4b000 	C:\Windows\system32\uxtheme.dll
0x00007ff8856b0000 - 0x00007ff885803000 	C:\Windows\System32\MSCTF.dll
0x00007ff882390000 - 0x00007ff88239c000 	C:\Windows\SYSTEM32\CRYPTBASE.DLL
0x00007ff844230000 - 0x00007ff844330000 	C:\Windows\SYSTEM32\opengl32.dll
0x00007ff84b260000 - 0x00007ff84b28d000 	C:\Windows\SYSTEM32\GLU32.dll
0x00007ff87fcc0000 - 0x00007ff87fcf9000 	C:\Windows\SYSTEM32\dxcore.dll
0x00007ff87c9c0000 - 0x00007ff87ca0a000 	C:\Windows\SYSTEM32\directxdatabasehelper.dll
0x00007ff885450000 - 0x00007ff885500000 	C:\Windows\System32\clbcatq.dll
0x00007ff87bcc0000 - 0x00007ff87bdf7000 	C:\Windows\System32\AppXDeploymentClient.dll
0x00007ff85cec0000 - 0x00007ff85cfbc000 	C:\Windows\System32\Windows.ApplicationModel.dll
0x00007ff87db10000 - 0x00007ff87dc11000 	C:\Windows\system32\propsys.dll
0x00007ff84dc00000 - 0x00007ff84dc26000 	C:\Windows\system32\mssprxy.dll
0x00007ff80b6b0000 - 0x00007ff80c7db000 	C:\Windows\System32\DriverStore\FileRepository\iigd_dch.inf_amd64_b75e8850ca834bad\igxelpicd64.dll
0x00007ff87fdd0000 - 0x00007ff87fec8000 	C:\Windows\system32\dxgi.dll
0x00007ff855b80000 - 0x00007ff855cd5000 	C:\Windows\System32\DriverStore\FileRepository\iigd_dch.inf_amd64_b75e8850ca834bad\igdml64.dll
0x00007ff875c90000 - 0x00007ff8760c8000 	C:\Windows\System32\DriverStore\FileRepository\iigd_dch.inf_amd64_b75e8850ca834bad\igdgmm64.dll
0x00007ff882fe0000 - 0x00007ff88304b000 	C:\Windows\System32\WINTRUST.dll
0x00007ff8832c0000 - 0x00007ff883427000 	C:\Windows\System32\CRYPT32.dll
0x00007ff8823d0000 - 0x00007ff8823e2000 	C:\Windows\SYSTEM32\MSASN1.dll
0x00007ff86d990000 - 0x00007ff87183d000 	C:\Windows\System32\DriverStore\FileRepository\iigd_dch.inf_amd64_b75e8850ca834bad\igc64.dll
0x00007ff83b8b0000 - 0x00007ff83ba3d000 	C:\Users\berna\.jdks\openjdk-22\bin\awt.dll
0x00007ff87fa10000 - 0x00007ff87faa7000 	C:\Windows\SYSTEM32\apphelp.dll
0x00007ff855460000 - 0x00007ff8554be000 	C:\Users\berna\AppData\Local\Temp\lwjgl_berna\3.3.3+5\x64\lwjgl_opengl.dll

dbghelp: loaded successfully - version: 4.0.5 - missing functions: none
symbol engine: initialized successfully - sym options: 0x614 - pdb path: .;C:\Users\berna\.jdks\openjdk-22\bin;C:\Windows\SYSTEM32;C:\Windows\WinSxS\amd64_microsoft.windows.common-controls_6595b64144ccf1df_6.0.22621.3235_none_270f74e173860f98;C:\Users\berna\.jdks\openjdk-22\bin\server;C:\Users\berna\AppData\Local\Programs\IntelliJ IDEA Ultimate\bin;C:\Users\berna\AppData\Local\Temp\lwjgl_berna\3.3.3+5\x64;C:\Windows\System32\DriverStore\FileRepository\iigd_dch.inf_amd64_b75e8850ca834bad

VM Arguments:
jvm_args: -javaagent:C:\Users\berna\AppData\Local\Programs\IntelliJ IDEA Ultimate\lib\idea_rt.jar=60526:C:\Users\berna\AppData\Local\Programs\IntelliJ IDEA Ultimate\bin -Dfile.encoding=UTF-8 -Dsun.stdout.encoding=UTF-8 -Dsun.stderr.encoding=UTF-8 
java_command: MD2Viewer
java_class_path (initial): C:\Users\berna\rea de Trabalho\Opengl03_Textura\target\classes;C:\Users\berna\.m2\repository\org\lwjgl\lwjgl\3.3.3\lwjgl-3.3.3.jar;C:\Users\berna\.m2\repository\org\lwjgl\lwjgl-assimp\3.3.3\lwjgl-assimp-3.3.3.jar;C:\Users\berna\.m2\repository\org\lwjgl\lwjgl-glfw\3.3.3\lwjgl-glfw-3.3.3.jar;C:\Users\berna\.m2\repository\org\lwjgl\lwjgl-openal\3.3.3\lwjgl-openal-3.3.3.jar;C:\Users\berna\.m2\repository\org\lwjgl\lwjgl-opengl\3.3.3\lwjgl-opengl-3.3.3.jar;C:\Users\berna\.m2\repository\org\lwjgl\lwjgl-stb\3.3.3\lwjgl-stb-3.3.3.jar;C:\Users\berna\.m2\repository\org\lwjgl\lwjgl\3.3.3\lwjgl-3.3.3-natives-windows.jar;C:\Users\berna\.m2\repository\org\lwjgl\lwjgl-assimp\3.3.3\lwjgl-assimp-3.3.3-natives-windows.jar;C:\Users\berna\.m2\repository\org\lwjgl\lwjgl-glfw\3.3.3\lwjgl-glfw-3.3.3-natives-windows.jar;C:\Users\berna\.m2\repository\org\lwjgl\lwjgl-openal\3.3.3\lwjgl-openal-3.3.3-natives-windows.jar;C:\Users\berna\.m2\repository\org\lwjgl\lwjgl-opengl\3.3.3\lwjgl-opengl-3.3.3-natives-windows.jar;C:\Users\berna\.m2\repository\org\lwjgl\lwjgl-stb\3.3.3\lwjgl-stb-3.3.3-natives-windows.jar
Launcher Type: SUN_STANDARD

[Global flags]
     intx CICompilerCount                          = 12                                        {product} {ergonomic}
     uint ConcGCThreads                            = 3                                         {product} {ergonomic}
     uint G1ConcRefinementThreads                  = 13                                        {product} {ergonomic}
   size_t G1HeapRegionSize                         = 2097152                                   {product} {ergonomic}
   size_t InitialHeapSize                          = 264241152                                 {product} {ergonomic}
   size_t MarkStackSize                            = 4194304                                   {product} {ergonomic}
   size_t MaxHeapSize                              = 4208984064                                {product} {ergonomic}
   size_t MaxNewSize                               = 2524971008                                {product} {ergonomic}
   size_t MinHeapDeltaBytes                        = 2097152                                   {product} {ergonomic}
   size_t MinHeapSize                              = 8388608                                   {product} {ergonomic}
    uintx NonNMethodCodeHeapSize                   = 7602480                                {pd product} {ergonomic}
    uintx NonProfiledCodeHeapSize                  = 122027880                              {pd product} {ergonomic}
    uintx ProfiledCodeHeapSize                     = 122027880                              {pd product} {ergonomic}
    uintx ReservedCodeCacheSize                    = 251658240                              {pd product} {ergonomic}
     bool SegmentedCodeCache                       = true                                      {product} {ergonomic}
   size_t SoftMaxHeapSize                          = 4208984064                             {manageable} {ergonomic}
     bool UseCompressedOops                        = true                           {product lp64_product} {ergonomic}
     bool UseG1GC                                  = true                                      {product} {ergonomic}
     bool UseLargePagesIndividualAllocation        = false                                  {pd product} {ergonomic}

Logging:
Log output configuration:
 #0: stdout all=warning uptime,level,tags foldmultilines=false
 #1: stderr all=off uptime,level,tags foldmultilines=false

Environment Variables:
PATH=C:\Program Files\Common Files\Oracle\Java\javapath;C:\Python312\Scripts\;C:\Python312\;C:\Windows\system32;C:\Windows;C:\Windows\System32\Wbem;C:\Windows\System32\WindowsPowerShell\v1.0\;C:\Windows\System32\OpenSSH\;C:\Program Files\Git\cmd;C:\Program Files\nodejs\;C:\ProgramData\chocolatey\bin;C:\php;C:\ProgramData\ComposerSetup\bin;C:\apache-maven-3.9.6\apache-maven-3.9.6\bin;C:\Program Files\Go\bin;C:\Program Files\MySQL\MySQL Shell 8.0\bin\;C:\Users\berna\AppData\Local\Microsoft\WindowsApps;C:\Users\berna\AppData\Local\Programs\Microsoft VS Code\bin;C:\Users\berna\AppData\Roaming\npm;C:\Users\berna\AppData\Roaming\Composer\vendor\bin;C:\Users\berna\AppData\Local\JetBrains\Toolbox\scripts;C:\Users\berna\go\bin
USERNAME=berna
OS=Windows_NT
PROCESSOR_IDENTIFIER=Intel64 Family 6 Model 186 Stepping 2, GenuineIntel
TMP=C:\Users\berna\AppData\Local\Temp
TEMP=C:\Users\berna\AppData\Local\Temp




Periodic native trim disabled

---------------  S Y S T E M  ---------------

OS:
 Windows 11 , 64 bit Build 22621 (10.0.22621.3374)
OS uptime: 4 days 4:54 hours
Hyper-V role detected

CPU: total 16 (initial active 16) (8 cores per cpu, 2 threads per core) family 6 model 186 stepping 2 microcode 0x410e, cx8, cmov, fxsr, ht, mmx, 3dnowpref, sse, sse2, sse3, ssse3, sse4.1, sse4.2, popcnt, lzcnt, tsc, tscinvbit, avx, avx2, aes, erms, clmul, bmi1, bmi2, adx, sha, fma, vzeroupper, clflush, clflushopt, clwb, hv, serialize, rdtscp, rdpid, fsrm, f16c, cet_ibt, cet_ss
Processor Information for processor 0
  Max Mhz: 2200, Current Mhz: 2200, Mhz Limit: 2200
Processor Information for processor 1
  Max Mhz: 2200, Current Mhz: 2200, Mhz Limit: 2200
Processor Information for processor 2
  Max Mhz: 2200, Current Mhz: 2200, Mhz Limit: 2200
Processor Information for processor 3
  Max Mhz: 2200, Current Mhz: 2200, Mhz Limit: 2200
Processor Information for processor 4
  Max Mhz: 2200, Current Mhz: 2200, Mhz Limit: 2200
Processor Information for processor 5
  Max Mhz: 2200, Current Mhz: 2200, Mhz Limit: 2200
Processor Information for processor 6
  Max Mhz: 2200, Current Mhz: 2200, Mhz Limit: 2200
Processor Information for processor 7
  Max Mhz: 2200, Current Mhz: 2200, Mhz Limit: 2200
Processor Information for processor 8
  Max Mhz: 2200, Current Mhz: 1500, Mhz Limit: 1584
Processor Information for processor 9
  Max Mhz: 2200, Current Mhz: 1500, Mhz Limit: 1584
Processor Information for processor 10
  Max Mhz: 2200, Current Mhz: 1500, Mhz Limit: 1584
Processor Information for processor 11
  Max Mhz: 2200, Current Mhz: 1500, Mhz Limit: 1584
Processor Information for processor 12
  Max Mhz: 2200, Current Mhz: 1500, Mhz Limit: 1584
Processor Information for processor 13
  Max Mhz: 2200, Current Mhz: 1500, Mhz Limit: 1584
Processor Information for processor 14
  Max Mhz: 2200, Current Mhz: 1500, Mhz Limit: 1584
Processor Information for processor 15
  Max Mhz: 2200, Current Mhz: 1500, Mhz Limit: 1584

Memory: 4k page, system-wide physical 16055M (5785M free)
TotalPageFile size 20919M (AvailPageFile size 4498M)
current process WorkingSet (physical memory assigned to process): 132M, peak: 132M
current process commit charge ("private bytes"): 407M, peak: 407M

vm_info: OpenJDK 64-Bit Server VM (22+36-2370) for windows-amd64 JRE (22+36-2370), built on 2024-02-15T22:15:19Z by "mach5one" with MS VC++ 17.6 (VS2022)

END.
